2023-12-03 16:15:38.736 [info] Log level: Info
2023-12-03 16:15:38.736 [info] Validating found git in: "git"
2023-12-03 16:15:38.736 [info] Using git "2.34.1" from "git"
2023-12-03 16:15:38.736 [info] > git rev-parse --show-toplevel [135ms]
2023-12-03 16:15:38.736 [info] > git rev-parse --git-dir --git-common-dir [19ms]
2023-12-03 16:15:38.736 [info] Open repository: /home/hardymn
2023-12-03 16:15:38.771 [info] > git for-each-ref --format=%(refname)%00%(upstream:short)%00%(objectname)%00%(upstream:track)%00%(upstream:remotename)%00%(upstream:remoteref) refs/heads/master refs/remotes/master [14ms]
2023-12-03 16:15:38.773 [info] > git rev-parse --show-toplevel [40ms]
2023-12-03 16:15:38.774 [info] > git config --get commit.template [53ms]
2023-12-03 16:15:38.800 [info] > git rev-parse --show-toplevel [1ms]
2023-12-03 16:15:38.811 [info] > git rev-parse --git-dir --git-common-dir [2ms]
2023-12-03 16:15:38.820 [info] Open repository: /home/hardymn/repos/Etch-a-Sketch
2023-12-03 16:15:38.850 [info] > git rev-parse --show-toplevel [5ms]
2023-12-03 16:15:38.852 [info] > git config --get commit.template [14ms]
2023-12-03 16:15:38.898 [info] > git rev-parse --show-toplevel [36ms]
2023-12-03 16:15:38.923 [info] > git for-each-ref --format=%(refname)%00%(upstream:short)%00%(objectname)%00%(upstream:track)%00%(upstream:remotename)%00%(upstream:remoteref) refs/heads/main refs/remotes/main [52ms]
2023-12-03 16:15:38.938 [info] > git rev-parse --git-dir --git-common-dir [16ms]
2023-12-03 16:15:38.950 [info] Open repository: /home/hardymn/repos/css-exercises
2023-12-03 16:15:38.979 [info] > git status -z -uall [191ms]
2023-12-03 16:15:38.979 [info] > git status -z -uall [46ms]
2023-12-03 16:15:39.058 [info] > git rev-parse --show-toplevel [79ms]
2023-12-03 16:15:39.058 [info] > git config --get commit.template [93ms]
2023-12-03 16:15:40.382 [info] > git config --get commit.template [1370ms]
2023-12-03 16:15:40.493 [info] > git check-ignore -v -z --stdin [43ms]
2023-12-03 16:15:40.502 [info] > git check-ignore -v -z --stdin [32ms]
2023-12-03 16:15:40.505 [info] > git check-ignore -v -z --stdin [24ms]
2023-12-03 16:15:40.507 [info] > git config --get commit.template [144ms]
2023-12-03 16:15:40.508 [info] > git rev-parse --show-toplevel [153ms]
2023-12-03 16:15:40.530 [info] > git for-each-ref --format=%(refname)%00%(upstream:short)%00%(objectname)%00%(upstream:track)%00%(upstream:remotename)%00%(upstream:remoteref) refs/heads/main refs/remotes/main [42ms]
2023-12-03 16:15:40.565 [info] > git status -z -uall [10ms]
2023-12-03 16:15:40.566 [info] > git rev-parse --show-toplevel [39ms]
2023-12-03 16:15:40.567 [info] > git for-each-ref --format=%(refname)%00%(upstream:short)%00%(objectname)%00%(upstream:track)%00%(upstream:remotename)%00%(upstream:remoteref) refs/heads/main refs/remotes/main [50ms]
2023-12-03 16:15:40.585 [info] > git for-each-ref --format=%(refname)%00%(upstream:short)%00%(objectname)%00%(upstream:track)%00%(upstream:remotename)%00%(upstream:remoteref) refs/heads/master refs/remotes/master [21ms]
2023-12-03 16:15:40.622 [info] > git status -z -uall [48ms]
2023-12-03 16:15:40.623 [info] > git rev-parse --git-dir --git-common-dir [39ms]
2023-12-03 16:15:40.629 [info] Open repository: /home/hardymn/repos/member-montel-rockpaperscissors
2023-12-03 16:15:40.665 [info] > git config --get commit.template [44ms]
2023-12-03 16:15:40.670 [info] > git rev-parse --show-toplevel [7ms]
2023-12-03 16:15:40.671 [info] > git config --get commit.template [19ms]
2023-12-03 16:15:40.709 [info] > git rev-parse --git-dir --git-common-dir [17ms]
2023-12-03 16:15:40.714 [info] Open repository: /home/hardymn/repos/odin-recipes
2023-12-03 16:15:40.747 [info] > git for-each-ref --format=%(refname)%00%(upstream:short)%00%(objectname)%00%(upstream:track)%00%(upstream:remotename)%00%(upstream:remoteref) refs/heads/main refs/remotes/main [65ms]
2023-12-03 16:15:40.788 [info] > git status -z -uall [185ms]
2023-12-03 16:15:40.788 [info] > git show --textconv :repos/calculator/calculator.html [54ms]
2023-12-03 16:15:40.788 [info] > git status -z -uall [34ms]
2023-12-03 16:15:40.793 [info] > git ls-files --stage -- /home/hardymn/repos/calculator/calculator.html [47ms]
2023-12-03 16:15:40.795 [info] > git for-each-ref --format=%(refname)%00%(upstream:short)%00%(objectname)%00%(upstream:track)%00%(upstream:remotename)%00%(upstream:remoteref) refs/heads/main refs/remotes/main [93ms]
2023-12-03 16:15:40.808 [info] > git config --get commit.template [29ms]
2023-12-03 16:15:40.906 [info] > git status -z -uall [104ms]
2023-12-03 16:15:42.817 [info] > git config --get commit.template [1885ms]
2023-12-03 16:15:42.818 [info] > git for-each-ref --format=%(refname)%00%(upstream:short)%00%(objectname)%00%(upstream:track)%00%(upstream:remotename)%00%(upstream:remoteref) refs/heads/main refs/remotes/main [1897ms]
2023-12-03 16:15:43.032 [info] > git status -z -uall [147ms]
2023-12-03 16:15:43.033 [info] > git check-ignore -v -z --stdin [105ms]
2023-12-03 16:15:43.035 [info] > git check-ignore -v -z --stdin [62ms]
2023-12-03 16:15:43.037 [info] > git check-ignore -v -z --stdin [51ms]
2023-12-03 16:15:43.038 [info] > git check-ignore -v -z --stdin [31ms]
2023-12-03 16:15:43.039 [info] > git check-ignore -v -z --stdin [16ms]
2023-12-03 16:15:43.083 [info] > git config --get commit.template [6ms]
2023-12-03 16:15:43.083 [info] > git for-each-ref --format=%(refname)%00%(upstream:short)%00%(objectname)%00%(upstream:track)%00%(upstream:remotename)%00%(upstream:remoteref) refs/heads/main refs/remotes/main [20ms]
2023-12-03 16:15:43.113 [info] > git status -z -uall [18ms]
2023-12-03 16:15:43.126 [info] > git for-each-ref --format=%(refname)%00%(upstream:short)%00%(objectname)%00%(upstream:track)%00%(upstream:remotename)%00%(upstream:remoteref) refs/heads/main refs/remotes/main [13ms]
2023-12-03 16:15:43.141 [info] > git status -z -uall [2ms]
2023-12-03 16:23:38.046 [info] > git config --get commit.template [13ms]
2023-12-03 16:23:38.048 [info] > git for-each-ref --format=%(refname)%00%(upstream:short)%00%(objectname)%00%(upstream:track)%00%(upstream:remotename)%00%(upstream:remoteref) refs/heads/master refs/remotes/master [4ms]
2023-12-03 16:23:38.124 [info] > git status -z -uall [65ms]
2023-12-03 16:23:43.624 [info] > git config --get commit.template [32ms]
2023-12-03 16:23:43.625 [info] > git for-each-ref --format=%(refname)%00%(upstream:short)%00%(objectname)%00%(upstream:track)%00%(upstream:remotename)%00%(upstream:remoteref) refs/heads/master refs/remotes/master [5ms]
2023-12-03 16:23:43.824 [info] > git status -z -uall [163ms]
2023-12-03 16:36:27.296 [info] > git config --get commit.template [14ms]
2023-12-03 16:36:27.297 [info] > git for-each-ref --format=%(refname)%00%(upstream:short)%00%(objectname)%00%(upstream:track)%00%(upstream:remotename)%00%(upstream:remoteref) refs/heads/master refs/remotes/master [3ms]
2023-12-03 16:36:27.400 [info] > git status -z -uall [89ms]
2023-12-03 16:50:29.540 [info] > git config --get commit.template [4ms]
2023-12-03 16:50:29.555 [info] > git for-each-ref --format=%(refname)%00%(upstream:short)%00%(objectname)%00%(upstream:track)%00%(upstream:remotename)%00%(upstream:remoteref) refs/heads/master refs/remotes/master [3ms]
2023-12-03 16:50:29.656 [info] > git status -z -uall [92ms]
2023-12-03 16:51:02.475 [info] > git config --get commit.template [2ms]
2023-12-03 16:51:02.487 [info] > git for-each-ref --format=%(refname)%00%(upstream:short)%00%(objectname)%00%(upstream:track)%00%(upstream:remotename)%00%(upstream:remoteref) refs/heads/master refs/remotes/master [1ms]
2023-12-03 16:51:02.550 [info] > git status -z -uall [55ms]
2023-12-03 16:51:07.680 [info] > git config --get commit.template [1ms]
2023-12-03 16:51:07.691 [info] > git for-each-ref --format=%(refname)%00%(upstream:short)%00%(objectname)%00%(upstream:track)%00%(upstream:remotename)%00%(upstream:remoteref) refs/heads/master refs/remotes/master [1ms]
2023-12-03 16:51:07.746 [info] > git status -z -uall [46ms]
2023-12-03 16:51:12.840 [info] > git config --get commit.template [3ms]
2023-12-03 16:51:12.869 [info] > git for-each-ref --format=%(refname)%00%(upstream:short)%00%(objectname)%00%(upstream:track)%00%(upstream:remotename)%00%(upstream:remoteref) refs/heads/master refs/remotes/master [5ms]
2023-12-03 16:51:13.029 [info] > git status -z -uall [145ms]
2023-12-03 16:51:18.238 [info] > git config --get commit.template [15ms]
2023-12-03 16:51:18.238 [info] > git for-each-ref --format=%(refname)%00%(upstream:short)%00%(objectname)%00%(upstream:track)%00%(upstream:remotename)%00%(upstream:remoteref) refs/heads/master refs/remotes/master [3ms]
2023-12-03 16:51:18.305 [info] > git status -z -uall [57ms]
2023-12-03 16:51:23.437 [info] > git config --get commit.template [1ms]
2023-12-03 16:51:23.452 [info] > git for-each-ref --format=%(refname)%00%(upstream:short)%00%(objectname)%00%(upstream:track)%00%(upstream:remotename)%00%(upstream:remoteref) refs/heads/master refs/remotes/master [2ms]
2023-12-03 16:51:23.500 [info] > git status -z -uall [33ms]
2023-12-03 16:55:21.766 [info] > git config --get commit.template [1ms]
2023-12-03 16:55:21.773 [info] > git for-each-ref --format=%(refname)%00%(upstream:short)%00%(objectname)%00%(upstream:track)%00%(upstream:remotename)%00%(upstream:remoteref) refs/heads/master refs/remotes/master [1ms]
2023-12-03 16:55:21.827 [info] > git status -z -uall [49ms]
2023-12-03 16:55:26.923 [info] > git config --get commit.template [1ms]
2023-12-03 16:55:26.936 [info] > git for-each-ref --format=%(refname)%00%(upstream:short)%00%(objectname)%00%(upstream:track)%00%(upstream:remotename)%00%(upstream:remoteref) refs/heads/master refs/remotes/master [1ms]
2023-12-03 16:55:26.985 [info] > git status -z -uall [40ms]
2023-12-03 16:55:32.087 [info] > git config --get commit.template [16ms]
2023-12-03 16:55:32.089 [info] > git for-each-ref --format=%(refname)%00%(upstream:short)%00%(objectname)%00%(upstream:track)%00%(upstream:remotename)%00%(upstream:remoteref) refs/heads/master refs/remotes/master [6ms]
2023-12-03 16:55:32.152 [info] > git status -z -uall [49ms]
2023-12-03 16:55:37.239 [info] > git config --get commit.template [1ms]
2023-12-03 16:55:37.251 [info] > git for-each-ref --format=%(refname)%00%(upstream:short)%00%(objectname)%00%(upstream:track)%00%(upstream:remotename)%00%(upstream:remoteref) refs/heads/master refs/remotes/master [1ms]
2023-12-03 16:55:37.310 [info] > git status -z -uall [48ms]
2023-12-03 16:55:40.320 [info] > git show --textconv :repos/calculator/calculator.html [12ms]
2023-12-03 16:55:40.323 [info] > git ls-files --stage -- /home/hardymn/repos/calculator/calculator.html [4ms]
2023-12-03 16:55:42.416 [info] > git config --get commit.template [11ms]
2023-12-03 16:55:42.416 [info] > git for-each-ref --format=%(refname)%00%(upstream:short)%00%(objectname)%00%(upstream:track)%00%(upstream:remotename)%00%(upstream:remoteref) refs/heads/master refs/remotes/master [1ms]
2023-12-03 16:55:42.475 [info] > git status -z -uall [48ms]
2023-12-03 16:55:48.483 [info] > git config --get commit.template [0ms]
2023-12-03 16:55:48.498 [info] > git for-each-ref --format=%(refname)%00%(upstream:short)%00%(objectname)%00%(upstream:track)%00%(upstream:remotename)%00%(upstream:remoteref) refs/heads/master refs/remotes/master [2ms]
2023-12-03 16:55:48.560 [info] > git status -z -uall [47ms]
2023-12-03 16:55:53.634 [info] > git config --get commit.template [2ms]
2023-12-03 16:55:53.651 [info] > git for-each-ref --format=%(refname)%00%(upstream:short)%00%(objectname)%00%(upstream:track)%00%(upstream:remotename)%00%(upstream:remoteref) refs/heads/master refs/remotes/master [1ms]
2023-12-03 16:55:53.707 [info] > git status -z -uall [41ms]
2023-12-03 16:55:58.804 [info] > git config --get commit.template [16ms]
2023-12-03 16:55:58.820 [info] > git for-each-ref --format=%(refname)%00%(upstream:short)%00%(objectname)%00%(upstream:track)%00%(upstream:remotename)%00%(upstream:remoteref) refs/heads/master refs/remotes/master [1ms]
2023-12-03 16:55:58.871 [info] > git status -z -uall [40ms]
2023-12-03 16:56:03.986 [info] > git config --get commit.template [12ms]
2023-12-03 16:56:03.986 [info] > git for-each-ref --format=%(refname)%00%(upstream:short)%00%(objectname)%00%(upstream:track)%00%(upstream:remotename)%00%(upstream:remoteref) refs/heads/master refs/remotes/master [2ms]
2023-12-03 16:56:04.055 [info] > git status -z -uall [58ms]
2023-12-03 16:56:09.200 [info] > git config --get commit.template [8ms]
2023-12-03 16:56:09.200 [info] > git for-each-ref --format=%(refname)%00%(upstream:short)%00%(objectname)%00%(upstream:track)%00%(upstream:remotename)%00%(upstream:remoteref) refs/heads/master refs/remotes/master [1ms]
2023-12-03 16:56:09.261 [info] > git status -z -uall [52ms]
2023-12-03 16:56:14.376 [info] > git config --get commit.template [15ms]
2023-12-03 16:56:14.377 [info] > git for-each-ref --format=%(refname)%00%(upstream:short)%00%(objectname)%00%(upstream:track)%00%(upstream:remotename)%00%(upstream:remoteref) refs/heads/master refs/remotes/master [3ms]
2023-12-03 16:56:14.424 [info] > git status -z -uall [35ms]
2023-12-03 16:56:36.954 [info] > git config --get commit.template [24ms]
2023-12-03 16:56:36.954 [info] > git for-each-ref --format=%(refname)%00%(upstream:short)%00%(objectname)%00%(upstream:track)%00%(upstream:remotename)%00%(upstream:remoteref) refs/heads/master refs/remotes/master [2ms]
2023-12-03 16:56:37.059 [info] > git status -z -uall [97ms]
2023-12-03 16:56:42.227 [info] > git config --get commit.template [1ms]
2023-12-03 16:56:42.237 [info] > git for-each-ref --format=%(refname)%00%(upstream:short)%00%(objectname)%00%(upstream:track)%00%(upstream:remotename)%00%(upstream:remoteref) refs/heads/master refs/remotes/master [0ms]
2023-12-03 16:56:42.277 [info] > git status -z -uall [32ms]
2023-12-03 16:56:47.377 [info] > git config --get commit.template [2ms]
2023-12-03 16:56:47.395 [info] > git for-each-ref --format=%(refname)%00%(upstream:short)%00%(objectname)%00%(upstream:track)%00%(upstream:remotename)%00%(upstream:remoteref) refs/heads/master refs/remotes/master [1ms]
2023-12-03 16:56:47.445 [info] > git status -z -uall [39ms]
2023-12-03 16:56:52.535 [info] > git config --get commit.template [2ms]
2023-12-03 16:56:52.552 [info] > git for-each-ref --format=%(refname)%00%(upstream:short)%00%(objectname)%00%(upstream:track)%00%(upstream:remotename)%00%(upstream:remoteref) refs/heads/master refs/remotes/master [2ms]
2023-12-03 16:56:52.606 [info] > git status -z -uall [38ms]
2023-12-03 16:57:07.083 [info] > git config --get commit.template [3ms]
2023-12-03 16:57:07.111 [info] > git for-each-ref --format=%(refname)%00%(upstream:short)%00%(objectname)%00%(upstream:track)%00%(upstream:remotename)%00%(upstream:remoteref) refs/heads/master refs/remotes/master [4ms]
2023-12-03 16:57:07.227 [info] > git status -z -uall [89ms]
2023-12-03 16:57:12.369 [info] > git config --get commit.template [13ms]
2023-12-03 16:57:12.370 [info] > git for-each-ref --format=%(refname)%00%(upstream:short)%00%(objectname)%00%(upstream:track)%00%(upstream:remotename)%00%(upstream:remoteref) refs/heads/master refs/remotes/master [1ms]
2023-12-03 16:57:12.424 [info] > git status -z -uall [44ms]
