2023-12-02 13:01:06.165 [info] Log level: Info
2023-12-02 13:01:06.165 [info] Validating found git in: "git"
2023-12-02 13:01:06.165 [info] Using git "2.34.1" from "git"
2023-12-02 13:01:06.165 [info] > git rev-parse --show-toplevel [125ms]
2023-12-02 13:01:06.165 [info] > git rev-parse --git-dir --git-common-dir [63ms]
2023-12-02 13:01:06.165 [info] Open repository: /home/hardymn/javascript-exercises
2023-12-02 13:01:06.168 [info] > git rev-parse --show-toplevel [6ms]
2023-12-02 13:01:06.172 [info] > git config --get commit.template [14ms]
2023-12-02 13:01:06.210 [info] > git rev-parse --show-toplevel [25ms]
2023-12-02 13:01:06.233 [info] > git rev-parse --show-toplevel [6ms]
2023-12-02 13:01:06.234 [info] > git for-each-ref --format=%(refname)%00%(upstream:short)%00%(objectname)%00%(upstream:track)%00%(upstream:remotename)%00%(upstream:remoteref) refs/heads/main refs/remotes/main [41ms]
2023-12-02 13:01:06.288 [info] > git status -z -uall [31ms]
2023-12-02 13:01:06.290 [info] > git rev-parse --show-toplevel [18ms]
2023-12-02 13:01:06.354 [info] > git config --get commit.template [2ms]
2023-12-02 13:01:06.355 [info] > git rev-parse --show-toplevel [13ms]
2023-12-02 13:01:06.379 [info] > git for-each-ref --format=%(refname)%00%(upstream:short)%00%(objectname)%00%(upstream:track)%00%(upstream:remotename)%00%(upstream:remoteref) refs/heads/main refs/remotes/main [4ms]
2023-12-02 13:01:06.387 [info] > git rev-parse --show-toplevel [20ms]
2023-12-02 13:01:06.446 [info] > git status -z -uall [60ms]
2023-12-02 13:01:06.446 [info] > git rev-parse --show-toplevel [53ms]
2023-12-02 13:01:06.481 [info] > git rev-parse --show-toplevel [17ms]
2023-12-02 13:01:06.492 [info] > git rev-parse --show-toplevel [1ms]
2023-12-02 13:01:06.511 [info] > git rev-parse --show-toplevel [2ms]
2023-12-02 13:01:06.521 [info] > git rev-parse --show-toplevel [2ms]
2023-12-02 13:01:06.537 [info] > git rev-parse --show-toplevel [1ms]
2023-12-02 13:01:06.545 [info] > git rev-parse --show-toplevel [2ms]
2023-12-02 13:01:06.556 [info] > git rev-parse --show-toplevel [3ms]
2023-12-02 13:01:06.572 [info] > git rev-parse --show-toplevel [7ms]
2023-12-02 13:01:06.585 [info] > git rev-parse --show-toplevel [2ms]
2023-12-02 13:01:06.593 [info] > git rev-parse --show-toplevel [1ms]
2023-12-02 13:01:06.796 [info] > git check-ignore -v -z --stdin [9ms]
2023-12-02 13:01:06.859 [info] > git show --textconv :09_palindromes/README.md [10ms]
2023-12-02 13:01:06.862 [info] > git ls-files --stage -- /home/hardymn/javascript-exercises/09_palindromes/README.md [4ms]
2023-12-02 13:01:06.869 [info] > git cat-file -s b924a45a4db758d31709fcaa6dce624415aaf6d5 [1ms]
2023-12-02 13:03:34.131 [info] > git show --textconv :09_palindromes/palindromes.spec.js [26ms]
2023-12-02 13:03:34.147 [info] > git ls-files --stage -- /home/hardymn/javascript-exercises/09_palindromes/palindromes.spec.js [16ms]
2023-12-02 13:03:34.217 [info] > git cat-file -s 90d53e49a919d69555cffe857d09c42d1d558fa0 [56ms]
2023-12-02 13:03:35.824 [info] > git show --textconv :09_palindromes/README.md [19ms]
2023-12-02 13:03:35.837 [info] > git ls-files --stage -- /home/hardymn/javascript-exercises/09_palindromes/README.md [16ms]
2023-12-02 13:03:35.854 [info] > git cat-file -s b924a45a4db758d31709fcaa6dce624415aaf6d5 [2ms]
2023-12-02 13:03:43.106 [info] > git show --textconv :09_palindromes/palindromes.spec.js [18ms]
2023-12-02 13:03:43.107 [info] > git ls-files --stage -- /home/hardymn/javascript-exercises/09_palindromes/palindromes.spec.js [5ms]
2023-12-02 13:03:43.121 [info] > git cat-file -s 90d53e49a919d69555cffe857d09c42d1d558fa0 [5ms]
2023-12-02 13:03:46.719 [info] > git show --textconv :09_palindromes/palindromes.js [9ms]
2023-12-02 13:03:46.728 [info] > git ls-files --stage -- /home/hardymn/javascript-exercises/09_palindromes/palindromes.js [10ms]
2023-12-02 13:03:46.737 [info] > git cat-file -s 8d2101875c63ae1210fd795fd2270aa1858ba907 [1ms]
2023-12-02 13:03:53.374 [info] > git show --textconv :09_palindromes/palindromes.spec.js [21ms]
2023-12-02 13:03:53.385 [info] > git ls-files --stage -- /home/hardymn/javascript-exercises/09_palindromes/palindromes.spec.js [21ms]
2023-12-02 13:03:53.403 [info] > git cat-file -s 90d53e49a919d69555cffe857d09c42d1d558fa0 [4ms]
2023-12-02 13:09:12.896 [info] > git show --textconv :09_palindromes/README.md [18ms]
2023-12-02 13:09:12.900 [info] > git ls-files --stage -- /home/hardymn/javascript-exercises/09_palindromes/README.md [8ms]
2023-12-02 13:09:12.913 [info] > git cat-file -s b924a45a4db758d31709fcaa6dce624415aaf6d5 [2ms]
2023-12-02 13:09:16.653 [info] > git show --textconv :09_palindromes/palindromes.spec.js [10ms]
2023-12-02 13:09:16.655 [info] > git ls-files --stage -- /home/hardymn/javascript-exercises/09_palindromes/palindromes.spec.js [3ms]
2023-12-02 13:09:16.668 [info] > git cat-file -s 90d53e49a919d69555cffe857d09c42d1d558fa0 [3ms]
2023-12-02 13:09:21.893 [info] > git show --textconv :09_palindromes/palindromes.js [13ms]
2023-12-02 13:09:21.896 [info] > git ls-files --stage -- /home/hardymn/javascript-exercises/09_palindromes/palindromes.js [4ms]
2023-12-02 13:09:21.912 [info] > git cat-file -s 8d2101875c63ae1210fd795fd2270aa1858ba907 [6ms]
2023-12-02 13:25:11.579 [info] > git ls-files --stage -- /home/hardymn/javascript-exercises/09_palindromes/palindromes.spec.js [17ms]
2023-12-02 13:25:11.596 [info] > git show --textconv :09_palindromes/palindromes.spec.js [52ms]
2023-12-02 13:25:11.600 [info] > git cat-file -s 90d53e49a919d69555cffe857d09c42d1d558fa0 [10ms]
2023-12-02 13:25:16.124 [info] > git show --textconv :09_palindromes/palindromes.js [24ms]
2023-12-02 13:25:16.127 [info] > git ls-files --stage -- /home/hardymn/javascript-exercises/09_palindromes/palindromes.js [6ms]
2023-12-02 13:25:16.143 [info] > git cat-file -s 8d2101875c63ae1210fd795fd2270aa1858ba907 [2ms]
2023-12-02 13:35:01.042 [info] > git config --get commit.template [16ms]
2023-12-02 13:35:01.050 [info] > git for-each-ref --format=%(refname)%00%(upstream:short)%00%(objectname)%00%(upstream:track)%00%(upstream:remotename)%00%(upstream:remoteref) refs/heads/main refs/remotes/main [11ms]
2023-12-02 13:35:01.088 [info] > git status -z -uall [27ms]
2023-12-02 13:35:02.228 [info] > git show --textconv :09_palindromes/palindromes.spec.js [20ms]
2023-12-02 13:35:02.231 [info] > git ls-files --stage -- /home/hardymn/javascript-exercises/09_palindromes/palindromes.spec.js [12ms]
2023-12-02 13:35:02.248 [info] > git cat-file -s 90d53e49a919d69555cffe857d09c42d1d558fa0 [4ms]
2023-12-02 13:35:07.077 [info] > git config --get commit.template [10ms]
2023-12-02 13:35:07.077 [info] > git for-each-ref --format=%(refname)%00%(upstream:short)%00%(objectname)%00%(upstream:track)%00%(upstream:remotename)%00%(upstream:remoteref) refs/heads/main refs/remotes/main [2ms]
2023-12-02 13:35:07.089 [info] > git status -z -uall [2ms]
2023-12-02 13:35:35.584 [info] > git show --textconv :09_palindromes/README.md [22ms]
2023-12-02 13:35:35.585 [info] > git ls-files --stage -- /home/hardymn/javascript-exercises/09_palindromes/README.md [7ms]
2023-12-02 13:35:35.603 [info] > git cat-file -s b924a45a4db758d31709fcaa6dce624415aaf6d5 [3ms]
2023-12-02 13:35:50.261 [info] > git show --textconv :09_palindromes/palindromes.spec.js [15ms]
2023-12-02 13:35:50.267 [info] > git ls-files --stage -- /home/hardymn/javascript-exercises/09_palindromes/palindromes.spec.js [10ms]
2023-12-02 13:35:50.289 [info] > git cat-file -s 90d53e49a919d69555cffe857d09c42d1d558fa0 [5ms]
2023-12-02 13:35:52.629 [info] > git show --textconv :09_palindromes/palindromes.js [11ms]
2023-12-02 13:35:52.632 [info] > git ls-files --stage -- /home/hardymn/javascript-exercises/09_palindromes/palindromes.js [3ms]
2023-12-02 13:35:52.661 [info] > git cat-file -s 8d2101875c63ae1210fd795fd2270aa1858ba907 [3ms]
2023-12-02 13:42:27.224 [info] > git show --textconv :09_palindromes/palindromes.spec.js [10ms]
2023-12-02 13:42:27.228 [info] > git ls-files --stage -- /home/hardymn/javascript-exercises/09_palindromes/palindromes.spec.js [6ms]
2023-12-02 13:42:27.254 [info] > git cat-file -s 90d53e49a919d69555cffe857d09c42d1d558fa0 [10ms]
2023-12-02 13:46:14.086 [info] > git check-ignore -v -z --stdin [7ms]
2023-12-02 13:46:17.170 [info] > git check-ignore -v -z --stdin [2ms]
2023-12-02 13:46:22.251 [info] > git show --textconv :09_palindromes/solution/palindromes-solution.js [18ms]
2023-12-02 13:46:22.252 [info] > git ls-files --stage -- /home/hardymn/javascript-exercises/09_palindromes/solution/palindromes-solution.js [6ms]
2023-12-02 13:46:22.265 [info] > git cat-file -s 7950015f9be35650fb4eb76c602d72c5b04ddc78 [3ms]
2023-12-02 13:46:28.688 [info] > git show --textconv :09_palindromes/palindromes.js [20ms]
2023-12-02 13:46:28.696 [info] > git ls-files --stage -- /home/hardymn/javascript-exercises/09_palindromes/palindromes.js [12ms]
2023-12-02 13:46:28.711 [info] > git cat-file -s 8d2101875c63ae1210fd795fd2270aa1858ba907 [2ms]
2023-12-02 13:46:30.145 [info] > git show --textconv :09_palindromes/solution/palindromes-solution.js [11ms]
2023-12-02 13:46:30.149 [info] > git ls-files --stage -- /home/hardymn/javascript-exercises/09_palindromes/solution/palindromes-solution.js [4ms]
2023-12-02 13:46:30.163 [info] > git cat-file -s 7950015f9be35650fb4eb76c602d72c5b04ddc78 [2ms]
2023-12-02 13:46:32.036 [info] > git show --textconv :09_palindromes/palindromes.js [20ms]
2023-12-02 13:46:32.043 [info] > git ls-files --stage -- /home/hardymn/javascript-exercises/09_palindromes/palindromes.js [15ms]
2023-12-02 13:46:32.060 [info] > git cat-file -s 8d2101875c63ae1210fd795fd2270aa1858ba907 [2ms]
2023-12-02 13:46:34.935 [info] > git show --textconv :09_palindromes/solution/palindromes-solution.js [15ms]
2023-12-02 13:46:34.937 [info] > git ls-files --stage -- /home/hardymn/javascript-exercises/09_palindromes/solution/palindromes-solution.js [4ms]
2023-12-02 13:46:34.965 [info] > git cat-file -s 7950015f9be35650fb4eb76c602d72c5b04ddc78 [11ms]
2023-12-02 13:46:36.730 [info] > git show --textconv :09_palindromes/palindromes.js [17ms]
2023-12-02 13:46:36.736 [info] > git ls-files --stage -- /home/hardymn/javascript-exercises/09_palindromes/palindromes.js [11ms]
2023-12-02 13:46:36.752 [info] > git cat-file -s 8d2101875c63ae1210fd795fd2270aa1858ba907 [2ms]
2023-12-02 13:46:40.100 [info] > git show --textconv :09_palindromes/solution/palindromes-solution.js [11ms]
2023-12-02 13:46:40.101 [info] > git ls-files --stage -- /home/hardymn/javascript-exercises/09_palindromes/solution/palindromes-solution.js [3ms]
2023-12-02 13:46:40.114 [info] > git cat-file -s 7950015f9be35650fb4eb76c602d72c5b04ddc78 [3ms]
2023-12-02 13:46:49.629 [info] > git show --textconv :09_palindromes/palindromes.js [18ms]
2023-12-02 13:46:49.639 [info] > git ls-files --stage -- /home/hardymn/javascript-exercises/09_palindromes/palindromes.js [10ms]
2023-12-02 13:46:49.663 [info] > git cat-file -s 8d2101875c63ae1210fd795fd2270aa1858ba907 [12ms]
2023-12-02 13:46:54.774 [info] > git show --textconv :09_palindromes/solution/palindromes-solution.js [13ms]
2023-12-02 13:46:54.776 [info] > git ls-files --stage -- /home/hardymn/javascript-exercises/09_palindromes/solution/palindromes-solution.js [3ms]
2023-12-02 13:46:54.790 [info] > git cat-file -s 7950015f9be35650fb4eb76c602d72c5b04ddc78 [2ms]
2023-12-02 13:47:02.360 [info] > git show --textconv :09_palindromes/palindromes.js [14ms]
2023-12-02 13:47:02.360 [info] > git ls-files --stage -- /home/hardymn/javascript-exercises/09_palindromes/palindromes.js [6ms]
2023-12-02 13:47:02.372 [info] > git cat-file -s 8d2101875c63ae1210fd795fd2270aa1858ba907 [4ms]
2023-12-02 13:48:24.463 [info] > git show --textconv :09_palindromes/palindromes.spec.js [13ms]
2023-12-02 13:48:24.467 [info] > git ls-files --stage -- /home/hardymn/javascript-exercises/09_palindromes/palindromes.spec.js [5ms]
2023-12-02 13:48:24.480 [info] > git cat-file -s 90d53e49a919d69555cffe857d09c42d1d558fa0 [3ms]
2023-12-02 13:48:53.662 [info] > git show --textconv :09_palindromes/palindromes.js [19ms]
2023-12-02 13:48:53.665 [info] > git ls-files --stage -- /home/hardymn/javascript-exercises/09_palindromes/palindromes.js [6ms]
2023-12-02 13:48:53.681 [info] > git cat-file -s 8d2101875c63ae1210fd795fd2270aa1858ba907 [3ms]
2023-12-02 13:53:49.393 [info] > git check-ignore -v -z --stdin [3ms]
2023-12-02 13:53:57.468 [info] > git show --textconv :10_fibonacci/README.md [18ms]
2023-12-02 13:53:57.472 [info] > git ls-files --stage -- /home/hardymn/javascript-exercises/10_fibonacci/README.md [8ms]
2023-12-02 13:53:57.490 [info] > git cat-file -s 718b25a4dedff1f334b4825e455774ea57b8468f [7ms]
2023-12-02 13:54:02.719 [info] > git show --textconv :10_fibonacci/fibonacci.js [19ms]
2023-12-02 13:54:02.723 [info] > git ls-files --stage -- /home/hardymn/javascript-exercises/10_fibonacci/fibonacci.js [4ms]
2023-12-02 13:54:02.739 [info] > git cat-file -s bb2c8cc403dd130a90528006db22d235a0daf2f4 [3ms]
2023-12-02 13:54:04.740 [info] > git show --textconv :10_fibonacci/fibonacci.spec.js [32ms]
2023-12-02 13:54:04.740 [info] > git ls-files --stage -- /home/hardymn/javascript-exercises/10_fibonacci/fibonacci.spec.js [12ms]
2023-12-02 13:54:04.765 [info] > git cat-file -s 7f622136f91a0726feb32b2be527efbcd71a2817 [6ms]
2023-12-02 13:54:09.931 [info] > git show --textconv :10_fibonacci/README.md [22ms]
2023-12-02 13:54:09.935 [info] > git ls-files --stage -- /home/hardymn/javascript-exercises/10_fibonacci/README.md [7ms]
2023-12-02 13:54:09.957 [info] > git cat-file -s 718b25a4dedff1f334b4825e455774ea57b8468f [3ms]
2023-12-02 14:00:44.861 [info] > git show --textconv :10_fibonacci/fibonacci.js [11ms]
2023-12-02 14:00:44.866 [info] > git ls-files --stage -- /home/hardymn/javascript-exercises/10_fibonacci/fibonacci.js [5ms]
2023-12-02 14:00:44.881 [info] > git cat-file -s bb2c8cc403dd130a90528006db22d235a0daf2f4 [3ms]
2023-12-02 14:00:47.738 [info] > git show --textconv :10_fibonacci/fibonacci.spec.js [13ms]
2023-12-02 14:00:47.741 [info] > git ls-files --stage -- /home/hardymn/javascript-exercises/10_fibonacci/fibonacci.spec.js [4ms]
2023-12-02 14:00:47.751 [info] > git cat-file -s 7f622136f91a0726feb32b2be527efbcd71a2817 [2ms]
2023-12-02 14:00:56.086 [info] > git show --textconv :10_fibonacci/fibonacci.js [14ms]
2023-12-02 14:00:56.088 [info] > git ls-files --stage -- /home/hardymn/javascript-exercises/10_fibonacci/fibonacci.js [4ms]
2023-12-02 14:00:56.106 [info] > git cat-file -s bb2c8cc403dd130a90528006db22d235a0daf2f4 [1ms]
2023-12-02 14:02:40.507 [info] > git show --textconv :09_palindromes/palindromes.spec.js [20ms]
2023-12-02 14:02:40.508 [info] > git ls-files --stage -- /home/hardymn/javascript-exercises/09_palindromes/palindromes.spec.js [3ms]
2023-12-02 14:02:40.523 [info] > git cat-file -s 90d53e49a919d69555cffe857d09c42d1d558fa0 [3ms]
2023-12-02 14:02:43.129 [info] > git show --textconv :10_fibonacci/README.md [14ms]
2023-12-02 14:02:43.133 [info] > git ls-files --stage -- /home/hardymn/javascript-exercises/10_fibonacci/README.md [6ms]
2023-12-02 14:02:43.152 [info] > git cat-file -s 718b25a4dedff1f334b4825e455774ea57b8468f [5ms]
2023-12-02 14:02:50.610 [info] > git show --textconv :09_palindromes/palindromes.js [15ms]
2023-12-02 14:02:50.617 [info] > git ls-files --stage -- /home/hardymn/javascript-exercises/09_palindromes/palindromes.js [11ms]
2023-12-02 14:02:50.650 [info] > git cat-file -s 8d2101875c63ae1210fd795fd2270aa1858ba907 [17ms]
2023-12-02 14:02:53.319 [info] > git show --textconv :10_fibonacci/fibonacci.js [16ms]
2023-12-02 14:02:53.323 [info] > git ls-files --stage -- /home/hardymn/javascript-exercises/10_fibonacci/fibonacci.js [6ms]
2023-12-02 14:02:53.337 [info] > git cat-file -s bb2c8cc403dd130a90528006db22d235a0daf2f4 [3ms]
2023-12-02 14:03:53.566 [info] > git show --textconv :10_fibonacci/README.md [15ms]
2023-12-02 14:03:53.571 [info] > git ls-files --stage -- /home/hardymn/javascript-exercises/10_fibonacci/README.md [8ms]
2023-12-02 14:03:53.583 [info] > git cat-file -s 718b25a4dedff1f334b4825e455774ea57b8468f [2ms]
2023-12-02 14:31:07.265 [info] > git ls-files --stage -- /home/hardymn/javascript-exercises/09_palindromes/palindromes.js [41ms]
2023-12-02 14:31:07.296 [info] > git show --textconv :09_palindromes/palindromes.js [101ms]
2023-12-02 14:31:07.306 [info] > git cat-file -s 8d2101875c63ae1210fd795fd2270aa1858ba907 [21ms]
2023-12-02 14:31:31.833 [info] > git show --textconv :10_fibonacci/fibonacci.js [40ms]
2023-12-02 14:31:31.845 [info] > git ls-files --stage -- /home/hardymn/javascript-exercises/10_fibonacci/fibonacci.js [15ms]
2023-12-02 14:31:31.888 [info] > git cat-file -s bb2c8cc403dd130a90528006db22d235a0daf2f4 [10ms]
2023-12-02 14:36:51.531 [info] > git show --textconv :10_fibonacci/fibonacci.spec.js [111ms]
2023-12-02 14:36:51.540 [info] > git ls-files --stage -- /home/hardymn/javascript-exercises/10_fibonacci/fibonacci.spec.js [20ms]
2023-12-02 14:36:51.594 [info] > git cat-file -s 7f622136f91a0726feb32b2be527efbcd71a2817 [20ms]
2023-12-02 14:36:54.033 [info] > git show --textconv :10_fibonacci/fibonacci.js [70ms]
2023-12-02 14:36:54.043 [info] > git ls-files --stage -- /home/hardymn/javascript-exercises/10_fibonacci/fibonacci.js [19ms]
2023-12-02 14:36:54.115 [info] > git cat-file -s bb2c8cc403dd130a90528006db22d235a0daf2f4 [10ms]
2023-12-02 14:36:56.716 [info] > git config --get commit.template [85ms]
2023-12-02 14:36:56.746 [info] > git for-each-ref --format=%(refname)%00%(upstream:short)%00%(objectname)%00%(upstream:track)%00%(upstream:remotename)%00%(upstream:remoteref) refs/heads/main refs/remotes/main [38ms]
2023-12-02 14:36:56.840 [info] > git status -z -uall [63ms]
2023-12-02 14:36:57.920 [info] > git show --textconv :10_fibonacci/fibonacci.spec.js [26ms]
2023-12-02 14:36:57.925 [info] > git ls-files --stage -- /home/hardymn/javascript-exercises/10_fibonacci/fibonacci.spec.js [8ms]
2023-12-02 14:36:58.003 [info] > git cat-file -s 7f622136f91a0726feb32b2be527efbcd71a2817 [4ms]
2023-12-02 14:37:46.636 [info] > git show --textconv :09_palindromes/palindromes.spec.js [53ms]
2023-12-02 14:37:46.654 [info] > git ls-files --stage -- /home/hardymn/javascript-exercises/09_palindromes/palindromes.spec.js [21ms]
2023-12-02 14:37:46.707 [info] > git cat-file -s 90d53e49a919d69555cffe857d09c42d1d558fa0 [9ms]
2023-12-02 14:37:50.169 [info] > git show --textconv :10_fibonacci/fibonacci.spec.js [39ms]
2023-12-02 14:37:50.175 [info] > git ls-files --stage -- /home/hardymn/javascript-exercises/10_fibonacci/fibonacci.spec.js [8ms]
2023-12-02 14:37:50.219 [info] > git cat-file -s 7f622136f91a0726feb32b2be527efbcd71a2817 [13ms]
2023-12-02 14:39:11.219 [info] > git show --textconv :10_fibonacci/fibonacci.js [170ms]
2023-12-02 14:39:11.220 [info] > git ls-files --stage -- /home/hardymn/javascript-exercises/10_fibonacci/fibonacci.js [36ms]
2023-12-02 14:39:11.291 [info] > git cat-file -s bb2c8cc403dd130a90528006db22d235a0daf2f4 [30ms]
2023-12-02 14:39:23.820 [info] > git show --textconv :10_fibonacci/fibonacci.spec.js [65ms]
2023-12-02 14:39:23.836 [info] > git ls-files --stage -- /home/hardymn/javascript-exercises/10_fibonacci/fibonacci.spec.js [38ms]
2023-12-02 14:39:23.872 [info] > git cat-file -s 7f622136f91a0726feb32b2be527efbcd71a2817 [6ms]
2023-12-02 14:46:03.646 [info] > git show --textconv :10_fibonacci/fibonacci.js [24ms]
2023-12-02 14:46:03.646 [info] > git ls-files --stage -- /home/hardymn/javascript-exercises/10_fibonacci/fibonacci.js [8ms]
2023-12-02 14:46:03.661 [info] > git cat-file -s bb2c8cc403dd130a90528006db22d235a0daf2f4 [5ms]
2023-12-02 14:46:07.124 [info] > git check-ignore -v -z --stdin [4ms]
2023-12-02 14:46:25.553 [info] > git show --textconv :10_fibonacci/solution/fibonacci-solution.js [22ms]
2023-12-02 14:46:25.562 [info] > git ls-files --stage -- /home/hardymn/javascript-exercises/10_fibonacci/solution/fibonacci-solution.js [11ms]
2023-12-02 14:46:25.585 [info] > git cat-file -s acdd1e00e6a6ebca56d56f38f9522e620000479f [4ms]
2023-12-02 14:46:37.084 [info] > git show --textconv :10_fibonacci/solution/fibonacci-solution.spec.js [21ms]
2023-12-02 14:46:37.086 [info] > git ls-files --stage -- /home/hardymn/javascript-exercises/10_fibonacci/solution/fibonacci-solution.spec.js [8ms]
2023-12-02 14:46:37.105 [info] > git cat-file -s 4e6a44df4cfa7ba59ea269267e5949c96c29ce51 [6ms]
2023-12-02 14:46:40.558 [info] > git show --textconv :10_fibonacci/solution/fibonacci-solution.js [29ms]
2023-12-02 14:46:40.568 [info] > git ls-files --stage -- /home/hardymn/javascript-exercises/10_fibonacci/solution/fibonacci-solution.js [14ms]
2023-12-02 14:46:40.605 [info] > git cat-file -s acdd1e00e6a6ebca56d56f38f9522e620000479f [15ms]
2023-12-02 14:47:11.448 [info] > git show --textconv :10_fibonacci/fibonacci.js [25ms]
2023-12-02 14:47:11.448 [info] > git ls-files --stage -- /home/hardymn/javascript-exercises/10_fibonacci/fibonacci.js [10ms]
2023-12-02 14:47:11.467 [info] > git cat-file -s bb2c8cc403dd130a90528006db22d235a0daf2f4 [5ms]
2023-12-02 14:47:12.830 [info] > git show --textconv :10_fibonacci/solution/fibonacci-solution.js [26ms]
2023-12-02 14:47:12.834 [info] > git ls-files --stage -- /home/hardymn/javascript-exercises/10_fibonacci/solution/fibonacci-solution.js [7ms]
2023-12-02 14:47:12.863 [info] > git cat-file -s acdd1e00e6a6ebca56d56f38f9522e620000479f [3ms]
2023-12-02 14:47:14.309 [info] > git show --textconv :10_fibonacci/solution/fibonacci-solution.spec.js [29ms]
2023-12-02 14:47:14.322 [info] > git ls-files --stage -- /home/hardymn/javascript-exercises/10_fibonacci/solution/fibonacci-solution.spec.js [16ms]
2023-12-02 14:47:14.344 [info] > git cat-file -s 4e6a44df4cfa7ba59ea269267e5949c96c29ce51 [4ms]
2023-12-02 14:47:16.062 [info] > git show --textconv :10_fibonacci/fibonacci.spec.js [22ms]
2023-12-02 14:47:16.066 [info] > git ls-files --stage -- /home/hardymn/javascript-exercises/10_fibonacci/fibonacci.spec.js [9ms]
2023-12-02 14:47:16.091 [info] > git cat-file -s 7f622136f91a0726feb32b2be527efbcd71a2817 [8ms]
2023-12-02 14:47:18.298 [info] > git show --textconv :09_palindromes/README.md [24ms]
2023-12-02 14:47:18.299 [info] > git ls-files --stage -- /home/hardymn/javascript-exercises/09_palindromes/README.md [4ms]
2023-12-02 14:47:18.318 [info] > git cat-file -s b924a45a4db758d31709fcaa6dce624415aaf6d5 [4ms]
2023-12-02 14:47:23.133 [info] > git check-ignore -v -z --stdin [2ms]
2023-12-02 14:47:24.785 [info] > git check-ignore -v -z --stdin [5ms]
2023-12-02 14:47:42.265 [info] > git show --textconv :11_getTheTitles/getTheTitles.js [30ms]
2023-12-02 14:47:42.269 [info] > git ls-files --stage -- /home/hardymn/javascript-exercises/11_getTheTitles/getTheTitles.js [6ms]
2023-12-02 14:47:42.321 [info] > git cat-file -s 74b04df890f9cedef4952ee2719e251be23696a8 [14ms]
2023-12-02 14:50:07.884 [info] > git show --textconv :11_getTheTitles/getTheTitles.spec.js [24ms]
2023-12-02 14:50:07.897 [info] > git ls-files --stage -- /home/hardymn/javascript-exercises/11_getTheTitles/getTheTitles.spec.js [13ms]
2023-12-02 14:50:07.915 [info] > git cat-file -s 945d9f080687a9be9da17cbe6de14f3ff34b86d8 [5ms]
2023-12-02 14:50:09.905 [info] > git show --textconv :11_getTheTitles/README.md [24ms]
2023-12-02 14:50:09.913 [info] > git ls-files --stage -- /home/hardymn/javascript-exercises/11_getTheTitles/README.md [15ms]
2023-12-02 14:50:09.931 [info] > git cat-file -s fb8bf952af1d65878a720251c96788c8f8506817 [2ms]
2023-12-02 14:50:38.868 [info] > git show --textconv :11_getTheTitles/getTheTitles.js [15ms]
2023-12-02 14:50:38.868 [info] > git ls-files --stage -- /home/hardymn/javascript-exercises/11_getTheTitles/getTheTitles.js [5ms]
2023-12-02 14:50:38.885 [info] > git cat-file -s 74b04df890f9cedef4952ee2719e251be23696a8 [6ms]
2023-12-02 14:50:40.495 [info] > git show --textconv :11_getTheTitles/README.md [29ms]
2023-12-02 14:50:40.499 [info] > git ls-files --stage -- /home/hardymn/javascript-exercises/11_getTheTitles/README.md [12ms]
2023-12-02 14:50:40.519 [info] > git cat-file -s fb8bf952af1d65878a720251c96788c8f8506817 [7ms]
2023-12-02 14:50:46.385 [info] > git show --textconv :11_getTheTitles/getTheTitles.js [20ms]
2023-12-02 14:50:46.389 [info] > git ls-files --stage -- /home/hardymn/javascript-exercises/11_getTheTitles/getTheTitles.js [7ms]
2023-12-02 14:50:46.405 [info] > git cat-file -s 74b04df890f9cedef4952ee2719e251be23696a8 [3ms]
2023-12-02 14:50:50.377 [info] > git show --textconv :11_getTheTitles/README.md [23ms]
2023-12-02 14:50:50.381 [info] > git ls-files --stage -- /home/hardymn/javascript-exercises/11_getTheTitles/README.md [9ms]
2023-12-02 14:50:50.422 [info] > git cat-file -s fb8bf952af1d65878a720251c96788c8f8506817 [13ms]
2023-12-02 14:50:52.459 [info] > git show --textconv :11_getTheTitles/getTheTitles.spec.js [19ms]
2023-12-02 14:50:52.460 [info] > git ls-files --stage -- /home/hardymn/javascript-exercises/11_getTheTitles/getTheTitles.spec.js [6ms]
2023-12-02 14:50:52.476 [info] > git cat-file -s 945d9f080687a9be9da17cbe6de14f3ff34b86d8 [7ms]
2023-12-02 14:50:59.006 [info] > git show --textconv :11_getTheTitles/README.md [15ms]
2023-12-02 14:50:59.012 [info] > git ls-files --stage -- /home/hardymn/javascript-exercises/11_getTheTitles/README.md [7ms]
2023-12-02 14:50:59.035 [info] > git cat-file -s fb8bf952af1d65878a720251c96788c8f8506817 [9ms]
2023-12-02 14:51:21.911 [info] > git show --textconv :11_getTheTitles/getTheTitles.js [20ms]
2023-12-02 14:51:21.917 [info] > git ls-files --stage -- /home/hardymn/javascript-exercises/11_getTheTitles/getTheTitles.js [10ms]
2023-12-02 14:51:21.974 [info] > git cat-file -s 74b04df890f9cedef4952ee2719e251be23696a8 [23ms]
2023-12-02 15:01:58.409 [info] > git show --textconv :11_getTheTitles/getTheTitles.spec.js [40ms]
2023-12-02 15:01:58.415 [info] > git ls-files --stage -- /home/hardymn/javascript-exercises/11_getTheTitles/getTheTitles.spec.js [8ms]
2023-12-02 15:01:58.444 [info] > git cat-file -s 945d9f080687a9be9da17cbe6de14f3ff34b86d8 [4ms]
2023-12-02 15:02:04.740 [info] > git show --textconv :11_getTheTitles/README.md [28ms]
2023-12-02 15:02:04.741 [info] > git ls-files --stage -- /home/hardymn/javascript-exercises/11_getTheTitles/README.md [6ms]
2023-12-02 15:02:04.783 [info] > git cat-file -s fb8bf952af1d65878a720251c96788c8f8506817 [12ms]
2023-12-02 15:02:06.906 [info] > git show --textconv :11_getTheTitles/getTheTitles.js [36ms]
2023-12-02 15:02:06.919 [info] > git ls-files --stage -- /home/hardymn/javascript-exercises/11_getTheTitles/getTheTitles.js [16ms]
2023-12-02 15:02:06.950 [info] > git cat-file -s 74b04df890f9cedef4952ee2719e251be23696a8 [9ms]
2023-12-02 15:04:13.940 [info] > git show --textconv :11_getTheTitles/README.md [18ms]
2023-12-02 15:04:13.946 [info] > git ls-files --stage -- /home/hardymn/javascript-exercises/11_getTheTitles/README.md [8ms]
2023-12-02 15:04:13.965 [info] > git cat-file -s fb8bf952af1d65878a720251c96788c8f8506817 [3ms]
2023-12-02 15:07:20.615 [info] > git show --textconv :11_getTheTitles/getTheTitles.js [30ms]
2023-12-02 15:07:20.621 [info] > git ls-files --stage -- /home/hardymn/javascript-exercises/11_getTheTitles/getTheTitles.js [8ms]
2023-12-02 15:07:20.638 [info] > git cat-file -s 74b04df890f9cedef4952ee2719e251be23696a8 [3ms]
2023-12-02 15:07:22.817 [info] > git show --textconv :11_getTheTitles/getTheTitles.spec.js [22ms]
2023-12-02 15:07:22.820 [info] > git ls-files --stage -- /home/hardymn/javascript-exercises/11_getTheTitles/getTheTitles.spec.js [8ms]
2023-12-02 15:07:22.835 [info] > git cat-file -s 945d9f080687a9be9da17cbe6de14f3ff34b86d8 [3ms]
2023-12-02 15:07:24.010 [info] > git show --textconv :11_getTheTitles/getTheTitles.js [26ms]
2023-12-02 15:07:24.015 [info] > git ls-files --stage -- /home/hardymn/javascript-exercises/11_getTheTitles/getTheTitles.js [7ms]
2023-12-02 15:07:24.042 [info] > git cat-file -s 74b04df890f9cedef4952ee2719e251be23696a8 [3ms]
2023-12-02 15:17:42.718 [info] > git check-ignore -v -z --stdin [21ms]
2023-12-02 15:17:46.076 [info] > git check-ignore -v -z --stdin [3ms]
2023-12-02 15:18:03.847 [info] > git show --textconv :11_getTheTitles/solution/getTheTitles-solution.js [32ms]
2023-12-02 15:18:03.857 [info] > git ls-files --stage -- /home/hardymn/javascript-exercises/11_getTheTitles/solution/getTheTitles-solution.js [17ms]
2023-12-02 15:18:03.891 [info] > git cat-file -s 3146e880cebba9767713bbfed3664dbf4e66942f [10ms]
2023-12-02 15:18:06.216 [info] > git show --textconv :11_getTheTitles/getTheTitles.spec.js [16ms]
2023-12-02 15:18:06.221 [info] > git ls-files --stage -- /home/hardymn/javascript-exercises/11_getTheTitles/getTheTitles.spec.js [7ms]
2023-12-02 15:18:06.234 [info] > git cat-file -s 945d9f080687a9be9da17cbe6de14f3ff34b86d8 [2ms]
2023-12-02 15:18:08.440 [info] > git show --textconv :11_getTheTitles/getTheTitles.js [26ms]
2023-12-02 15:18:08.441 [info] > git ls-files --stage -- /home/hardymn/javascript-exercises/11_getTheTitles/getTheTitles.js [4ms]
2023-12-02 15:18:08.457 [info] > git cat-file -s 74b04df890f9cedef4952ee2719e251be23696a8 [5ms]
2023-12-02 15:18:09.978 [info] > git show --textconv :11_getTheTitles/solution/getTheTitles-solution.js [14ms]
2023-12-02 15:18:09.982 [info] > git ls-files --stage -- /home/hardymn/javascript-exercises/11_getTheTitles/solution/getTheTitles-solution.js [4ms]
2023-12-02 15:18:09.999 [info] > git cat-file -s 3146e880cebba9767713bbfed3664dbf4e66942f [3ms]
2023-12-02 15:18:13.519 [info] > git show --textconv :11_getTheTitles/getTheTitles.js [16ms]
2023-12-02 15:18:13.529 [info] > git ls-files --stage -- /home/hardymn/javascript-exercises/11_getTheTitles/getTheTitles.js [14ms]
2023-12-02 15:18:13.544 [info] > git cat-file -s 74b04df890f9cedef4952ee2719e251be23696a8 [3ms]
2023-12-02 15:18:17.540 [info] > git show --textconv :11_getTheTitles/solution/getTheTitles-solution.js [22ms]
2023-12-02 15:18:17.541 [info] > git ls-files --stage -- /home/hardymn/javascript-exercises/11_getTheTitles/solution/getTheTitles-solution.js [7ms]
2023-12-02 15:18:17.565 [info] > git cat-file -s 3146e880cebba9767713bbfed3664dbf4e66942f [12ms]
2023-12-02 15:18:20.428 [info] > git show --textconv :11_getTheTitles/getTheTitles.js [27ms]
2023-12-02 15:18:20.432 [info] > git ls-files --stage -- /home/hardymn/javascript-exercises/11_getTheTitles/getTheTitles.js [6ms]
2023-12-02 15:18:20.445 [info] > git cat-file -s 74b04df890f9cedef4952ee2719e251be23696a8 [1ms]
2023-12-02 15:18:28.418 [info] > git show --textconv :11_getTheTitles/solution/getTheTitles-solution.js [20ms]
2023-12-02 15:18:28.421 [info] > git ls-files --stage -- /home/hardymn/javascript-exercises/11_getTheTitles/solution/getTheTitles-solution.js [5ms]
2023-12-02 15:18:28.452 [info] > git cat-file -s 3146e880cebba9767713bbfed3664dbf4e66942f [4ms]
2023-12-02 15:18:30.902 [info] > git show --textconv :11_getTheTitles/getTheTitles.js [20ms]
2023-12-02 15:18:30.908 [info] > git ls-files --stage -- /home/hardymn/javascript-exercises/11_getTheTitles/getTheTitles.js [7ms]
2023-12-02 15:18:30.938 [info] > git cat-file -s 74b04df890f9cedef4952ee2719e251be23696a8 [9ms]
2023-12-02 15:18:34.268 [info] > git show --textconv :11_getTheTitles/solution/getTheTitles-solution.js [22ms]
2023-12-02 15:18:34.271 [info] > git ls-files --stage -- /home/hardymn/javascript-exercises/11_getTheTitles/solution/getTheTitles-solution.js [6ms]
2023-12-02 15:18:34.287 [info] > git cat-file -s 3146e880cebba9767713bbfed3664dbf4e66942f [3ms]
2023-12-02 15:18:37.425 [info] > git show --textconv :11_getTheTitles/getTheTitles.js [25ms]
2023-12-02 15:18:37.429 [info] > git ls-files --stage -- /home/hardymn/javascript-exercises/11_getTheTitles/getTheTitles.js [7ms]
2023-12-02 15:18:37.449 [info] > git cat-file -s 74b04df890f9cedef4952ee2719e251be23696a8 [6ms]
2023-12-02 15:18:42.493 [info] > git show --textconv :11_getTheTitles/solution/getTheTitles-solution.js [19ms]
2023-12-02 15:18:42.493 [info] > git ls-files --stage -- /home/hardymn/javascript-exercises/11_getTheTitles/solution/getTheTitles-solution.js [4ms]
2023-12-02 15:18:42.514 [info] > git cat-file -s 3146e880cebba9767713bbfed3664dbf4e66942f [3ms]
2023-12-02 15:18:49.971 [info] > git show --textconv :11_getTheTitles/getTheTitles.js [24ms]
2023-12-02 15:18:49.991 [info] > git ls-files --stage -- /home/hardymn/javascript-exercises/11_getTheTitles/getTheTitles.js [29ms]
2023-12-02 15:18:50.011 [info] > git cat-file -s 74b04df890f9cedef4952ee2719e251be23696a8 [4ms]
2023-12-02 15:19:23.456 [info] > git config --get commit.template [55ms]
2023-12-02 15:19:23.487 [info] > git for-each-ref --format=%(refname)%00%(upstream:short)%00%(objectname)%00%(upstream:track)%00%(upstream:remotename)%00%(upstream:remoteref) refs/heads/main refs/remotes/main [37ms]
2023-12-02 15:19:23.532 [info] > git status -z -uall [15ms]
2023-12-02 15:19:52.958 [info] > git show --textconv :11_getTheTitles/solution/getTheTitles-solution.js [37ms]
2023-12-02 15:19:52.966 [info] > git ls-files --stage -- /home/hardymn/javascript-exercises/11_getTheTitles/solution/getTheTitles-solution.js [14ms]
2023-12-02 15:19:52.998 [info] > git cat-file -s 3146e880cebba9767713bbfed3664dbf4e66942f [5ms]
2023-12-02 15:19:54.968 [info] > git show --textconv :11_getTheTitles/getTheTitles.spec.js [31ms]
2023-12-02 15:19:54.969 [info] > git ls-files --stage -- /home/hardymn/javascript-exercises/11_getTheTitles/getTheTitles.spec.js [7ms]
2023-12-02 15:19:54.993 [info] > git cat-file -s 945d9f080687a9be9da17cbe6de14f3ff34b86d8 [7ms]
2023-12-02 15:19:56.934 [info] > git show --textconv :11_getTheTitles/README.md [29ms]
2023-12-02 15:19:56.942 [info] > git ls-files --stage -- /home/hardymn/javascript-exercises/11_getTheTitles/README.md [12ms]
2023-12-02 15:19:56.962 [info] > git cat-file -s fb8bf952af1d65878a720251c96788c8f8506817 [2ms]
2023-12-02 15:19:57.924 [info] > git show --textconv :11_getTheTitles/solution/getTheTitles-solution.js [33ms]
2023-12-02 15:19:57.929 [info] > git ls-files --stage -- /home/hardymn/javascript-exercises/11_getTheTitles/solution/getTheTitles-solution.js [9ms]
2023-12-02 15:19:57.976 [info] > git cat-file -s 3146e880cebba9767713bbfed3664dbf4e66942f [8ms]
2023-12-02 15:19:59.469 [info] > git show --textconv :11_getTheTitles/getTheTitles.js [26ms]
2023-12-02 15:19:59.475 [info] > git ls-files --stage -- /home/hardymn/javascript-exercises/11_getTheTitles/getTheTitles.js [20ms]
2023-12-02 15:19:59.531 [info] > git cat-file -s 74b04df890f9cedef4952ee2719e251be23696a8 [3ms]
2023-12-02 15:20:07.158 [info] > git show --textconv :12_findTheOldest/findTheOldest.js [19ms]
2023-12-02 15:20:07.158 [info] > git ls-files --stage -- /home/hardymn/javascript-exercises/12_findTheOldest/findTheOldest.js [6ms]
2023-12-02 15:20:07.173 [info] > git cat-file -s 366856aa183afd634cf1417f7ac48bc3ff36fec2 [4ms]
2023-12-02 15:20:10.304 [info] > git show --textconv :12_findTheOldest/README.md [30ms]
2023-12-02 15:20:10.320 [info] > git ls-files --stage -- /home/hardymn/javascript-exercises/12_findTheOldest/README.md [21ms]
2023-12-02 15:20:10.343 [info] > git cat-file -s 087f45ea144729567ee6b0dab486b72834a41c64 [6ms]
