2023-12-02 17:05:53.984 [info] Log level: Info
2023-12-02 17:05:53.984 [info] Validating found git in: "git"
2023-12-02 17:05:53.984 [info] Using git "2.34.1" from "git"
2023-12-02 17:05:53.984 [info] > git rev-parse --show-toplevel [18ms]
2023-12-02 17:05:53.984 [info] > git rev-parse --git-dir --git-common-dir [5ms]
2023-12-02 17:05:53.984 [info] Open repository: /home/hardymn
2023-12-02 17:05:54.041 [info] > git rev-parse --show-toplevel [10ms]
2023-12-02 17:05:54.045 [info] > git config --get commit.template [39ms]
2023-12-02 17:05:54.110 [info] > git rev-parse --git-dir --git-common-dir [32ms]
2023-12-02 17:05:54.152 [info] Open repository: /home/hardymn/repos/Etch-a-Sketch
2023-12-02 17:05:54.217 [info] > git for-each-ref --format=%(refname)%00%(upstream:short)%00%(objectname)%00%(upstream:track)%00%(upstream:remotename)%00%(upstream:remoteref) refs/heads/master refs/remotes/master [110ms]
2023-12-02 17:05:54.297 [info] > git rev-parse --show-toplevel [82ms]
2023-12-02 17:05:54.300 [info] > git config --get commit.template [120ms]
2023-12-02 17:05:54.346 [info] > git rev-parse --git-dir --git-common-dir [27ms]
2023-12-02 17:05:54.366 [info] Open repository: /home/hardymn/repos/css-exercises
2023-12-02 17:05:54.452 [info] > git for-each-ref --format=%(refname)%00%(upstream:short)%00%(objectname)%00%(upstream:track)%00%(upstream:remotename)%00%(upstream:remoteref) refs/heads/main refs/remotes/main [109ms]
2023-12-02 17:05:54.518 [info] > git status -z -uall [20ms]
2023-12-02 17:05:54.519 [info] > git rev-parse --show-toplevel [100ms]
2023-12-02 17:05:54.530 [info] > git config --get commit.template [133ms]
2023-12-02 17:05:54.693 [info] > git rev-parse --show-toplevel [136ms]
2023-12-02 17:05:54.730 [info] > git config --get commit.template [38ms]
2023-12-02 17:05:54.738 [info] > git for-each-ref --format=%(refname)%00%(upstream:short)%00%(objectname)%00%(upstream:track)%00%(upstream:remotename)%00%(upstream:remoteref) refs/heads/main refs/remotes/main [65ms]
2023-12-02 17:05:54.809 [info] > git rev-parse --show-toplevel [82ms]
2023-12-02 17:05:54.985 [info] > git status -z -uall [182ms]
2023-12-02 17:05:55.599 [info] > git rev-parse --git-dir --git-common-dir [624ms]
2023-12-02 17:05:55.633 [info] Open repository: /home/hardymn/repos/member-montel-rockpaperscissors
2023-12-02 17:05:55.637 [info] > git for-each-ref --format=%(refname)%00%(upstream:short)%00%(objectname)%00%(upstream:track)%00%(upstream:remotename)%00%(upstream:remoteref) refs/heads/main refs/remotes/main [777ms]
2023-12-02 17:05:55.885 [info] > git status -z -uall [229ms]
2023-12-02 17:05:55.918 [info] > git config --get commit.template [784ms]
2023-12-02 17:05:55.976 [info] > git rev-parse --show-toplevel [185ms]
2023-12-02 17:05:55.989 [info] > git config --get commit.template [259ms]
2023-12-02 17:05:56.106 [info] > git rev-parse --git-dir --git-common-dir [69ms]
2023-12-02 17:05:56.163 [info] Open repository: /home/hardymn/repos/odin-recipes
2023-12-02 17:05:56.212 [info] > git for-each-ref --format=%(refname)%00%(upstream:short)%00%(objectname)%00%(upstream:track)%00%(upstream:remotename)%00%(upstream:remoteref) refs/heads/main refs/remotes/main [199ms]
2023-12-02 17:05:56.288 [info] > git status -z -uall [51ms]
2023-12-02 17:05:56.304 [info] > git for-each-ref --format=%(refname)%00%(upstream:short)%00%(objectname)%00%(upstream:track)%00%(upstream:remotename)%00%(upstream:remoteref) refs/heads/main refs/remotes/main [211ms]
2023-12-02 17:05:56.485 [info] > git status -z -uall [150ms]
2023-12-02 17:05:56.486 [info] > git check-ignore -v -z --stdin [127ms]
2023-12-02 17:05:56.496 [info] > git check-ignore -v -z --stdin [109ms]
2023-12-02 17:05:56.499 [info] > git check-ignore -v -z --stdin [85ms]
2023-12-02 17:05:56.503 [info] > git check-ignore -v -z --stdin [70ms]
2023-12-02 17:05:56.576 [info] > git config --get commit.template [294ms]
2023-12-02 17:05:56.702 [info] > git config --get commit.template [26ms]
2023-12-02 17:05:56.744 [info] > git for-each-ref --format=%(refname)%00%(upstream:short)%00%(objectname)%00%(upstream:track)%00%(upstream:remotename)%00%(upstream:remoteref) refs/heads/main refs/remotes/main [45ms]
2023-12-02 17:05:56.806 [info] > git status -z -uall [35ms]
2023-12-02 17:05:56.896 [info] > git for-each-ref --format=%(refname)%00%(upstream:short)%00%(objectname)%00%(upstream:track)%00%(upstream:remotename)%00%(upstream:remoteref) refs/heads/main refs/remotes/main [98ms]
2023-12-02 17:05:56.954 [info] > git status -z -uall [45ms]
2023-12-02 17:05:56.967 [info] > git config --get commit.template [72ms]
2023-12-02 17:05:57.110 [info] > git check-ignore -v -z --stdin [93ms]
2023-12-02 17:05:57.119 [info] > git check-ignore -v -z --stdin [80ms]
2023-12-02 17:05:57.122 [info] > git check-ignore -v -z --stdin [47ms]
2023-12-02 17:05:57.125 [info] > git check-ignore -v -z --stdin [36ms]
2023-12-02 17:05:57.127 [info] > git check-ignore -v -z --stdin [27ms]
2023-12-02 17:05:57.132 [info] > git for-each-ref --format=%(refname)%00%(upstream:short)%00%(objectname)%00%(upstream:track)%00%(upstream:remotename)%00%(upstream:remoteref) refs/heads/main refs/remotes/main [145ms]
2023-12-02 17:05:57.164 [info] > git status -z -uall [11ms]
2023-12-02 17:05:58.222 [info] > git check-ignore -v -z --stdin [128ms]
2023-12-02 17:05:58.224 [info] > git check-ignore -v -z --stdin [91ms]
2023-12-02 17:05:58.225 [info] > git check-ignore -v -z --stdin [75ms]
2023-12-02 17:05:58.227 [info] > git check-ignore -v -z --stdin [61ms]
2023-12-02 17:05:58.228 [info] > git check-ignore -v -z --stdin [27ms]
2023-12-02 17:05:59.614 [info] > git status -z -uall [5333ms]
2023-12-02 17:06:04.344 [info] > git config --get commit.template [343ms]
2023-12-02 17:06:04.400 [info] > git for-each-ref --format=%(refname)%00%(upstream:short)%00%(objectname)%00%(upstream:track)%00%(upstream:remotename)%00%(upstream:remoteref) refs/heads/master refs/remotes/master [14ms]
2023-12-02 17:06:04.650 [info] > git status -z -uall [217ms]
2023-12-02 17:06:08.502 [info] > git show --textconv :README.md [352ms]
2023-12-02 17:06:08.513 [info] > git ls-files --stage -- /home/hardymn/repos/Etch-a-Sketch/README.md [303ms]
2023-12-02 17:06:08.586 [info] > git cat-file -s 057a37998f41dbbc27421696ef206006f2e3e057 [30ms]
2023-12-02 17:13:54.953 [info] > git config --get commit.template [60ms]
2023-12-02 17:13:54.957 [info] > git for-each-ref --format=%(refname)%00%(upstream:short)%00%(objectname)%00%(upstream:track)%00%(upstream:remotename)%00%(upstream:remoteref) refs/heads/master refs/remotes/master [24ms]
2023-12-02 17:13:55.570 [info] > git status -z -uall [568ms]
2023-12-02 17:14:01.485 [info] > git config --get commit.template [22ms]
2023-12-02 17:14:01.535 [info] > git for-each-ref --format=%(refname)%00%(upstream:short)%00%(objectname)%00%(upstream:track)%00%(upstream:remotename)%00%(upstream:remoteref) refs/heads/master refs/remotes/master [6ms]
2023-12-02 17:14:01.945 [info] > git status -z -uall [371ms]
2023-12-02 17:14:07.420 [info] > git config --get commit.template [32ms]
2023-12-02 17:14:07.422 [info] > git for-each-ref --format=%(refname)%00%(upstream:short)%00%(objectname)%00%(upstream:track)%00%(upstream:remotename)%00%(upstream:remoteref) refs/heads/master refs/remotes/master [7ms]
2023-12-02 17:14:07.628 [info] > git status -z -uall [168ms]
2023-12-02 17:14:15.860 [info] > git config --get commit.template [41ms]
2023-12-02 17:14:15.863 [info] > git for-each-ref --format=%(refname)%00%(upstream:short)%00%(objectname)%00%(upstream:track)%00%(upstream:remotename)%00%(upstream:remoteref) refs/heads/master refs/remotes/master [6ms]
2023-12-02 17:14:16.082 [info] > git status -z -uall [189ms]
2023-12-02 17:14:22.717 [info] > git for-each-ref --format=%(refname)%00%(upstream:short)%00%(objectname)%00%(upstream:track)%00%(upstream:remotename)%00%(upstream:remoteref) refs/heads/master refs/remotes/master [3ms]
2023-12-02 17:14:22.718 [info] > git config --get commit.template [47ms]
2023-12-02 17:14:22.915 [info] > git status -z -uall [177ms]
2023-12-02 17:14:29.267 [info] > git config --get commit.template [8ms]
2023-12-02 17:14:29.298 [info] > git for-each-ref --format=%(refname)%00%(upstream:short)%00%(objectname)%00%(upstream:track)%00%(upstream:remotename)%00%(upstream:remoteref) refs/heads/master refs/remotes/master [3ms]
2023-12-02 17:14:29.393 [info] > git status -z -uall [75ms]
2023-12-02 17:14:34.764 [info] > git config --get commit.template [37ms]
2023-12-02 17:14:34.770 [info] > git for-each-ref --format=%(refname)%00%(upstream:short)%00%(objectname)%00%(upstream:track)%00%(upstream:remotename)%00%(upstream:remoteref) refs/heads/master refs/remotes/master [11ms]
2023-12-02 17:14:34.969 [info] > git status -z -uall [168ms]
2023-12-02 17:14:40.480 [info] > git config --get commit.template [44ms]
2023-12-02 17:14:40.483 [info] > git for-each-ref --format=%(refname)%00%(upstream:short)%00%(objectname)%00%(upstream:track)%00%(upstream:remotename)%00%(upstream:remoteref) refs/heads/master refs/remotes/master [6ms]
2023-12-02 17:14:40.770 [info] > git status -z -uall [251ms]
2023-12-02 17:14:50.074 [info] > git config --get commit.template [30ms]
2023-12-02 17:14:50.077 [info] > git for-each-ref --format=%(refname)%00%(upstream:short)%00%(objectname)%00%(upstream:track)%00%(upstream:remotename)%00%(upstream:remoteref) refs/heads/master refs/remotes/master [7ms]
2023-12-02 17:14:50.463 [info] > git status -z -uall [336ms]
2023-12-02 17:14:57.173 [info] > git config --get commit.template [9ms]
2023-12-02 17:14:57.200 [info] > git for-each-ref --format=%(refname)%00%(upstream:short)%00%(objectname)%00%(upstream:track)%00%(upstream:remotename)%00%(upstream:remoteref) refs/heads/master refs/remotes/master [2ms]
2023-12-02 17:14:57.302 [info] > git status -z -uall [87ms]
2023-12-02 17:15:02.661 [info] > git config --get commit.template [34ms]
2023-12-02 17:15:02.663 [info] > git for-each-ref --format=%(refname)%00%(upstream:short)%00%(objectname)%00%(upstream:track)%00%(upstream:remotename)%00%(upstream:remoteref) refs/heads/master refs/remotes/master [7ms]
2023-12-02 17:15:02.903 [info] > git status -z -uall [204ms]
2023-12-02 17:15:08.382 [info] > git for-each-ref --format=%(refname)%00%(upstream:short)%00%(objectname)%00%(upstream:track)%00%(upstream:remotename)%00%(upstream:remoteref) refs/heads/master refs/remotes/master [6ms]
2023-12-02 17:15:08.383 [info] > git config --get commit.template [45ms]
2023-12-02 17:15:08.617 [info] > git status -z -uall [209ms]
2023-12-02 17:15:14.159 [info] > git config --get commit.template [6ms]
2023-12-02 17:15:14.206 [info] > git for-each-ref --format=%(refname)%00%(upstream:short)%00%(objectname)%00%(upstream:track)%00%(upstream:remotename)%00%(upstream:remoteref) refs/heads/master refs/remotes/master [7ms]
2023-12-02 17:15:14.692 [info] > git status -z -uall [436ms]
2023-12-02 17:15:20.407 [info] > git config --get commit.template [22ms]
2023-12-02 17:15:20.409 [info] > git for-each-ref --format=%(refname)%00%(upstream:short)%00%(objectname)%00%(upstream:track)%00%(upstream:remotename)%00%(upstream:remoteref) refs/heads/master refs/remotes/master [4ms]
2023-12-02 17:15:20.563 [info] > git status -z -uall [132ms]
2023-12-02 17:22:26.249 [info] > git check-ignore -v -z --stdin [46ms]
2023-12-02 17:22:31.611 [info] > git config --get commit.template [21ms]
2023-12-02 17:22:31.611 [info] > git for-each-ref --format=%(refname)%00%(upstream:short)%00%(objectname)%00%(upstream:track)%00%(upstream:remotename)%00%(upstream:remoteref) refs/heads/master refs/remotes/master [4ms]
2023-12-02 17:22:31.770 [info] > git status -z -uall [144ms]
2023-12-02 17:22:37.127 [info] > git config --get commit.template [3ms]
2023-12-02 17:22:37.145 [info] > git for-each-ref --format=%(refname)%00%(upstream:short)%00%(objectname)%00%(upstream:track)%00%(upstream:remotename)%00%(upstream:remoteref) refs/heads/master refs/remotes/master [4ms]
2023-12-02 17:22:37.231 [info] > git status -z -uall [72ms]
2023-12-02 17:22:42.493 [info] > git config --get commit.template [16ms]
2023-12-02 17:22:42.493 [info] > git for-each-ref --format=%(refname)%00%(upstream:short)%00%(objectname)%00%(upstream:track)%00%(upstream:remotename)%00%(upstream:remoteref) refs/heads/master refs/remotes/master [2ms]
2023-12-02 17:22:42.607 [info] > git status -z -uall [92ms]
2023-12-02 17:22:47.907 [info] > git config --get commit.template [20ms]
2023-12-02 17:22:47.908 [info] > git for-each-ref --format=%(refname)%00%(upstream:short)%00%(objectname)%00%(upstream:track)%00%(upstream:remotename)%00%(upstream:remoteref) refs/heads/master refs/remotes/master [2ms]
2023-12-02 17:22:48.021 [info] > git status -z -uall [98ms]
2023-12-02 17:23:00.150 [info] > git config --get commit.template [40ms]
2023-12-02 17:23:00.154 [info] > git for-each-ref --format=%(refname)%00%(upstream:short)%00%(objectname)%00%(upstream:track)%00%(upstream:remotename)%00%(upstream:remoteref) refs/heads/master refs/remotes/master [6ms]
2023-12-02 17:23:00.407 [info] > git status -z -uall [230ms]
2023-12-02 17:23:05.678 [info] > git config --get commit.template [19ms]
2023-12-02 17:23:05.679 [info] > git for-each-ref --format=%(refname)%00%(upstream:short)%00%(objectname)%00%(upstream:track)%00%(upstream:remotename)%00%(upstream:remoteref) refs/heads/master refs/remotes/master [2ms]
2023-12-02 17:23:05.803 [info] > git status -z -uall [93ms]
2023-12-02 17:23:11.024 [info] > git config --get commit.template [15ms]
2023-12-02 17:23:11.025 [info] > git for-each-ref --format=%(refname)%00%(upstream:short)%00%(objectname)%00%(upstream:track)%00%(upstream:remotename)%00%(upstream:remoteref) refs/heads/master refs/remotes/master [4ms]
2023-12-02 17:23:11.120 [info] > git status -z -uall [78ms]
2023-12-02 17:23:16.352 [info] > git config --get commit.template [27ms]
2023-12-02 17:23:16.353 [info] > git for-each-ref --format=%(refname)%00%(upstream:short)%00%(objectname)%00%(upstream:track)%00%(upstream:remotename)%00%(upstream:remoteref) refs/heads/master refs/remotes/master [4ms]
2023-12-02 17:23:16.497 [info] > git status -z -uall [126ms]
2023-12-02 17:23:21.790 [info] > git config --get commit.template [3ms]
2023-12-02 17:23:21.812 [info] > git for-each-ref --format=%(refname)%00%(upstream:short)%00%(objectname)%00%(upstream:track)%00%(upstream:remotename)%00%(upstream:remoteref) refs/heads/master refs/remotes/master [3ms]
2023-12-02 17:23:21.897 [info] > git status -z -uall [70ms]
2023-12-02 17:23:27.115 [info] > git config --get commit.template [18ms]
2023-12-02 17:23:27.117 [info] > git for-each-ref --format=%(refname)%00%(upstream:short)%00%(objectname)%00%(upstream:track)%00%(upstream:remotename)%00%(upstream:remoteref) refs/heads/master refs/remotes/master [4ms]
2023-12-02 17:23:27.208 [info] > git status -z -uall [77ms]
2023-12-02 17:23:32.361 [info] > git config --get commit.template [3ms]
2023-12-02 17:23:32.382 [info] > git for-each-ref --format=%(refname)%00%(upstream:short)%00%(objectname)%00%(upstream:track)%00%(upstream:remotename)%00%(upstream:remoteref) refs/heads/master refs/remotes/master [3ms]
2023-12-02 17:23:32.518 [info] > git status -z -uall [119ms]
2023-12-02 17:23:37.709 [info] > git config --get commit.template [18ms]
2023-12-02 17:23:37.710 [info] > git for-each-ref --format=%(refname)%00%(upstream:short)%00%(objectname)%00%(upstream:track)%00%(upstream:remotename)%00%(upstream:remoteref) refs/heads/master refs/remotes/master [3ms]
2023-12-02 17:23:37.842 [info] > git status -z -uall [112ms]
2023-12-02 17:23:43.073 [info] > git config --get commit.template [17ms]
2023-12-02 17:23:43.074 [info] > git for-each-ref --format=%(refname)%00%(upstream:short)%00%(objectname)%00%(upstream:track)%00%(upstream:remotename)%00%(upstream:remoteref) refs/heads/master refs/remotes/master [2ms]
2023-12-02 17:23:43.145 [info] > git status -z -uall [59ms]
2023-12-02 17:23:48.336 [info] > git config --get commit.template [22ms]
2023-12-02 17:23:48.337 [info] > git for-each-ref --format=%(refname)%00%(upstream:short)%00%(objectname)%00%(upstream:track)%00%(upstream:remotename)%00%(upstream:remoteref) refs/heads/master refs/remotes/master [4ms]
2023-12-02 17:23:48.446 [info] > git status -z -uall [90ms]
2023-12-02 17:23:53.636 [info] > git config --get commit.template [2ms]
2023-12-02 17:23:53.663 [info] > git for-each-ref --format=%(refname)%00%(upstream:short)%00%(objectname)%00%(upstream:track)%00%(upstream:remotename)%00%(upstream:remoteref) refs/heads/master refs/remotes/master [3ms]
2023-12-02 17:23:53.761 [info] > git status -z -uall [82ms]
2023-12-02 17:23:56.760 [info] > git check-ignore -v -z --stdin [50ms]
2023-12-02 17:23:56.763 [info] > git show --textconv :repos/calculator/calculator.html [22ms]
2023-12-02 17:23:56.781 [info] > git ls-files --stage -- /home/hardymn/repos/calculator/calculator.html [23ms]
2023-12-02 17:23:59.624 [info] > git config --get commit.template [2ms]
2023-12-02 17:23:59.642 [info] > git for-each-ref --format=%(refname)%00%(upstream:short)%00%(objectname)%00%(upstream:track)%00%(upstream:remotename)%00%(upstream:remoteref) refs/heads/master refs/remotes/master [3ms]
2023-12-02 17:23:59.740 [info] > git status -z -uall [83ms]
2023-12-02 17:24:04.907 [info] > git config --get commit.template [3ms]
2023-12-02 17:24:04.925 [info] > git for-each-ref --format=%(refname)%00%(upstream:short)%00%(objectname)%00%(upstream:track)%00%(upstream:remotename)%00%(upstream:remoteref) refs/heads/master refs/remotes/master [3ms]
2023-12-02 17:24:05.048 [info] > git status -z -uall [109ms]
2023-12-02 17:24:10.218 [info] > git config --get commit.template [14ms]
2023-12-02 17:24:10.218 [info] > git for-each-ref --format=%(refname)%00%(upstream:short)%00%(objectname)%00%(upstream:track)%00%(upstream:remotename)%00%(upstream:remoteref) refs/heads/master refs/remotes/master [2ms]
2023-12-02 17:24:10.309 [info] > git status -z -uall [56ms]
2023-12-02 17:24:15.476 [info] > git config --get commit.template [16ms]
2023-12-02 17:24:15.476 [info] > git for-each-ref --format=%(refname)%00%(upstream:short)%00%(objectname)%00%(upstream:track)%00%(upstream:remotename)%00%(upstream:remoteref) refs/heads/master refs/remotes/master [2ms]
2023-12-02 17:24:15.566 [info] > git status -z -uall [74ms]
2023-12-02 17:24:20.793 [info] > git config --get commit.template [3ms]
2023-12-02 17:24:20.808 [info] > git for-each-ref --format=%(refname)%00%(upstream:short)%00%(objectname)%00%(upstream:track)%00%(upstream:remotename)%00%(upstream:remoteref) refs/heads/master refs/remotes/master [2ms]
2023-12-02 17:24:20.908 [info] > git status -z -uall [88ms]
2023-12-02 17:24:25.681 [info] > git check-ignore -v -z --stdin [251ms]
2023-12-02 17:24:25.793 [info] > git show --textconv :repos/calculator/calculator.js [44ms]
2023-12-02 17:24:25.795 [info] > git ls-files --stage -- /home/hardymn/repos/calculator/calculator.js [22ms]
2023-12-02 17:24:26.149 [info] > git config --get commit.template [25ms]
2023-12-02 17:24:26.151 [info] > git for-each-ref --format=%(refname)%00%(upstream:short)%00%(objectname)%00%(upstream:track)%00%(upstream:remotename)%00%(upstream:remoteref) refs/heads/master refs/remotes/master [5ms]
2023-12-02 17:24:26.341 [info] > git status -z -uall [153ms]
2023-12-02 17:24:31.373 [info] > git show --textconv :repos/calculator/calculator.html [44ms]
2023-12-02 17:24:31.374 [info] > git ls-files --stage -- /home/hardymn/repos/calculator/calculator.html [23ms]
2023-12-02 17:24:31.378 [info] > git check-ignore -v -z --stdin [8ms]
2023-12-02 17:24:36.292 [info] > git config --get commit.template [6ms]
2023-12-02 17:24:36.317 [info] > git for-each-ref --format=%(refname)%00%(upstream:short)%00%(objectname)%00%(upstream:track)%00%(upstream:remotename)%00%(upstream:remoteref) refs/heads/master refs/remotes/master [4ms]
2023-12-02 17:24:36.448 [info] > git status -z -uall [116ms]
2023-12-02 17:24:41.785 [info] > git config --get commit.template [22ms]
2023-12-02 17:24:41.786 [info] > git for-each-ref --format=%(refname)%00%(upstream:short)%00%(objectname)%00%(upstream:track)%00%(upstream:remotename)%00%(upstream:remoteref) refs/heads/master refs/remotes/master [4ms]
2023-12-02 17:24:41.896 [info] > git status -z -uall [93ms]
2023-12-02 17:24:47.201 [info] > git config --get commit.template [19ms]
2023-12-02 17:24:47.203 [info] > git for-each-ref --format=%(refname)%00%(upstream:short)%00%(objectname)%00%(upstream:track)%00%(upstream:remotename)%00%(upstream:remoteref) refs/heads/master refs/remotes/master [3ms]
2023-12-02 17:24:47.299 [info] > git status -z -uall [81ms]
2023-12-02 17:24:52.535 [info] > git config --get commit.template [24ms]
2023-12-02 17:24:52.536 [info] > git for-each-ref --format=%(refname)%00%(upstream:short)%00%(objectname)%00%(upstream:track)%00%(upstream:remotename)%00%(upstream:remoteref) refs/heads/master refs/remotes/master [4ms]
2023-12-02 17:24:52.635 [info] > git status -z -uall [76ms]
2023-12-02 17:24:57.861 [info] > git config --get commit.template [3ms]
2023-12-02 17:24:57.880 [info] > git for-each-ref --format=%(refname)%00%(upstream:short)%00%(objectname)%00%(upstream:track)%00%(upstream:remotename)%00%(upstream:remoteref) refs/heads/master refs/remotes/master [2ms]
2023-12-02 17:24:58.049 [info] > git status -z -uall [147ms]
2023-12-02 17:25:03.355 [info] > git config --get commit.template [35ms]
2023-12-02 17:25:03.360 [info] > git for-each-ref --format=%(refname)%00%(upstream:short)%00%(objectname)%00%(upstream:track)%00%(upstream:remotename)%00%(upstream:remoteref) refs/heads/master refs/remotes/master [8ms]
2023-12-02 17:25:03.521 [info] > git status -z -uall [125ms]
2023-12-02 17:25:08.813 [info] > git config --get commit.template [26ms]
2023-12-02 17:25:08.814 [info] > git for-each-ref --format=%(refname)%00%(upstream:short)%00%(objectname)%00%(upstream:track)%00%(upstream:remotename)%00%(upstream:remoteref) refs/heads/master refs/remotes/master [5ms]
2023-12-02 17:25:08.950 [info] > git status -z -uall [107ms]
2023-12-02 17:25:14.250 [info] > git config --get commit.template [4ms]
2023-12-02 17:25:14.266 [info] > git for-each-ref --format=%(refname)%00%(upstream:short)%00%(objectname)%00%(upstream:track)%00%(upstream:remotename)%00%(upstream:remoteref) refs/heads/master refs/remotes/master [2ms]
2023-12-02 17:25:14.343 [info] > git status -z -uall [64ms]
2023-12-02 17:25:19.583 [info] > git config --get commit.template [17ms]
2023-12-02 17:25:19.585 [info] > git for-each-ref --format=%(refname)%00%(upstream:short)%00%(objectname)%00%(upstream:track)%00%(upstream:remotename)%00%(upstream:remoteref) refs/heads/master refs/remotes/master [5ms]
2023-12-02 17:25:19.669 [info] > git status -z -uall [70ms]
2023-12-02 17:25:24.872 [info] > git config --get commit.template [19ms]
2023-12-02 17:25:24.873 [info] > git for-each-ref --format=%(refname)%00%(upstream:short)%00%(objectname)%00%(upstream:track)%00%(upstream:remotename)%00%(upstream:remoteref) refs/heads/master refs/remotes/master [3ms]
2023-12-02 17:25:24.941 [info] > git status -z -uall [56ms]
2023-12-02 17:25:30.171 [info] > git config --get commit.template [13ms]
2023-12-02 17:25:30.171 [info] > git for-each-ref --format=%(refname)%00%(upstream:short)%00%(objectname)%00%(upstream:track)%00%(upstream:remotename)%00%(upstream:remoteref) refs/heads/master refs/remotes/master [2ms]
2023-12-02 17:25:30.275 [info] > git status -z -uall [92ms]
2023-12-02 17:25:35.511 [info] > git config --get commit.template [23ms]
2023-12-02 17:25:35.512 [info] > git for-each-ref --format=%(refname)%00%(upstream:short)%00%(objectname)%00%(upstream:track)%00%(upstream:remotename)%00%(upstream:remoteref) refs/heads/master refs/remotes/master [5ms]
2023-12-02 17:25:35.663 [info] > git status -z -uall [124ms]
2023-12-02 17:25:40.813 [info] > git config --get commit.template [3ms]
2023-12-02 17:25:40.835 [info] > git for-each-ref --format=%(refname)%00%(upstream:short)%00%(objectname)%00%(upstream:track)%00%(upstream:remotename)%00%(upstream:remoteref) refs/heads/master refs/remotes/master [3ms]
2023-12-02 17:25:40.952 [info] > git status -z -uall [87ms]
2023-12-02 17:25:46.182 [info] > git config --get commit.template [18ms]
2023-12-02 17:25:46.184 [info] > git for-each-ref --format=%(refname)%00%(upstream:short)%00%(objectname)%00%(upstream:track)%00%(upstream:remotename)%00%(upstream:remoteref) refs/heads/master refs/remotes/master [3ms]
2023-12-02 17:25:46.306 [info] > git status -z -uall [106ms]
2023-12-02 17:25:51.465 [info] > git config --get commit.template [4ms]
2023-12-02 17:25:51.484 [info] > git for-each-ref --format=%(refname)%00%(upstream:short)%00%(objectname)%00%(upstream:track)%00%(upstream:remotename)%00%(upstream:remoteref) refs/heads/master refs/remotes/master [2ms]
2023-12-02 17:25:51.567 [info] > git status -z -uall [70ms]
2023-12-02 17:25:56.756 [info] > git config --get commit.template [3ms]
2023-12-02 17:25:56.783 [info] > git for-each-ref --format=%(refname)%00%(upstream:short)%00%(objectname)%00%(upstream:track)%00%(upstream:remotename)%00%(upstream:remoteref) refs/heads/master refs/remotes/master [2ms]
2023-12-02 17:25:56.919 [info] > git status -z -uall [113ms]
2023-12-02 17:26:02.198 [info] > git config --get commit.template [3ms]
2023-12-02 17:26:02.216 [info] > git for-each-ref --format=%(refname)%00%(upstream:short)%00%(objectname)%00%(upstream:track)%00%(upstream:remotename)%00%(upstream:remoteref) refs/heads/master refs/remotes/master [1ms]
2023-12-02 17:26:02.394 [info] > git status -z -uall [155ms]
2023-12-02 17:26:07.653 [info] > git config --get commit.template [12ms]
2023-12-02 17:26:07.654 [info] > git for-each-ref --format=%(refname)%00%(upstream:short)%00%(objectname)%00%(upstream:track)%00%(upstream:remotename)%00%(upstream:remoteref) refs/heads/master refs/remotes/master [2ms]
2023-12-02 17:26:07.716 [info] > git status -z -uall [50ms]
2023-12-02 17:26:12.894 [info] > git config --get commit.template [4ms]
2023-12-02 17:26:12.910 [info] > git for-each-ref --format=%(refname)%00%(upstream:short)%00%(objectname)%00%(upstream:track)%00%(upstream:remotename)%00%(upstream:remoteref) refs/heads/master refs/remotes/master [2ms]
2023-12-02 17:26:12.994 [info] > git status -z -uall [73ms]
2023-12-02 17:26:18.179 [info] > git config --get commit.template [23ms]
2023-12-02 17:26:18.180 [info] > git for-each-ref --format=%(refname)%00%(upstream:short)%00%(objectname)%00%(upstream:track)%00%(upstream:remotename)%00%(upstream:remoteref) refs/heads/master refs/remotes/master [4ms]
2023-12-02 17:26:18.299 [info] > git status -z -uall [104ms]
2023-12-02 17:26:23.461 [info] > git config --get commit.template [2ms]
2023-12-02 17:26:23.479 [info] > git for-each-ref --format=%(refname)%00%(upstream:short)%00%(objectname)%00%(upstream:track)%00%(upstream:remotename)%00%(upstream:remoteref) refs/heads/master refs/remotes/master [2ms]
2023-12-02 17:26:23.568 [info] > git status -z -uall [74ms]
2023-12-02 17:26:28.723 [info] > git config --get commit.template [3ms]
2023-12-02 17:26:28.741 [info] > git for-each-ref --format=%(refname)%00%(upstream:short)%00%(objectname)%00%(upstream:track)%00%(upstream:remotename)%00%(upstream:remoteref) refs/heads/master refs/remotes/master [2ms]
2023-12-02 17:26:28.844 [info] > git status -z -uall [89ms]
2023-12-02 17:26:34.034 [info] > git config --get commit.template [18ms]
2023-12-02 17:26:34.035 [info] > git for-each-ref --format=%(refname)%00%(upstream:short)%00%(objectname)%00%(upstream:track)%00%(upstream:remotename)%00%(upstream:remoteref) refs/heads/master refs/remotes/master [3ms]
2023-12-02 17:26:34.124 [info] > git status -z -uall [75ms]
2023-12-02 17:26:39.330 [info] > git config --get commit.template [2ms]
2023-12-02 17:26:39.347 [info] > git for-each-ref --format=%(refname)%00%(upstream:short)%00%(objectname)%00%(upstream:track)%00%(upstream:remotename)%00%(upstream:remoteref) refs/heads/master refs/remotes/master [2ms]
2023-12-02 17:26:39.440 [info] > git status -z -uall [77ms]
2023-12-02 17:26:44.629 [info] > git config --get commit.template [20ms]
2023-12-02 17:26:44.630 [info] > git for-each-ref --format=%(refname)%00%(upstream:short)%00%(objectname)%00%(upstream:track)%00%(upstream:remotename)%00%(upstream:remoteref) refs/heads/master refs/remotes/master [3ms]
2023-12-02 17:26:44.740 [info] > git status -z -uall [94ms]
2023-12-02 17:26:49.936 [info] > git config --get commit.template [19ms]
2023-12-02 17:26:49.937 [info] > git for-each-ref --format=%(refname)%00%(upstream:short)%00%(objectname)%00%(upstream:track)%00%(upstream:remotename)%00%(upstream:remoteref) refs/heads/master refs/remotes/master [3ms]
2023-12-02 17:26:50.011 [info] > git status -z -uall [57ms]
2023-12-02 17:26:55.155 [info] > git config --get commit.template [3ms]
2023-12-02 17:26:55.179 [info] > git for-each-ref --format=%(refname)%00%(upstream:short)%00%(objectname)%00%(upstream:track)%00%(upstream:remotename)%00%(upstream:remoteref) refs/heads/master refs/remotes/master [2ms]
2023-12-02 17:26:55.347 [info] > git status -z -uall [147ms]
2023-12-02 17:27:00.649 [info] > git config --get commit.template [14ms]
2023-12-02 17:27:00.651 [info] > git for-each-ref --format=%(refname)%00%(upstream:short)%00%(objectname)%00%(upstream:track)%00%(upstream:remotename)%00%(upstream:remoteref) refs/heads/master refs/remotes/master [4ms]
2023-12-02 17:27:00.748 [info] > git status -z -uall [81ms]
2023-12-02 17:27:05.882 [info] > git config --get commit.template [3ms]
2023-12-02 17:27:05.901 [info] > git for-each-ref --format=%(refname)%00%(upstream:short)%00%(objectname)%00%(upstream:track)%00%(upstream:remotename)%00%(upstream:remoteref) refs/heads/master refs/remotes/master [2ms]
2023-12-02 17:27:05.990 [info] > git status -z -uall [75ms]
2023-12-02 17:27:11.172 [info] > git config --get commit.template [2ms]
2023-12-02 17:27:11.194 [info] > git for-each-ref --format=%(refname)%00%(upstream:short)%00%(objectname)%00%(upstream:track)%00%(upstream:remotename)%00%(upstream:remoteref) refs/heads/master refs/remotes/master [3ms]
2023-12-02 17:27:11.288 [info] > git status -z -uall [79ms]
2023-12-02 17:27:16.473 [info] > git config --get commit.template [22ms]
2023-12-02 17:27:16.475 [info] > git for-each-ref --format=%(refname)%00%(upstream:short)%00%(objectname)%00%(upstream:track)%00%(upstream:remotename)%00%(upstream:remoteref) refs/heads/master refs/remotes/master [4ms]
2023-12-02 17:27:16.562 [info] > git status -z -uall [67ms]
2023-12-02 17:27:21.736 [info] > git config --get commit.template [18ms]
2023-12-02 17:27:21.738 [info] > git for-each-ref --format=%(refname)%00%(upstream:short)%00%(objectname)%00%(upstream:track)%00%(upstream:remotename)%00%(upstream:remoteref) refs/heads/master refs/remotes/master [3ms]
2023-12-02 17:27:21.801 [info] > git status -z -uall [49ms]
2023-12-02 17:27:26.981 [info] > git config --get commit.template [3ms]
2023-12-02 17:27:26.998 [info] > git for-each-ref --format=%(refname)%00%(upstream:short)%00%(objectname)%00%(upstream:track)%00%(upstream:remotename)%00%(upstream:remoteref) refs/heads/master refs/remotes/master [2ms]
2023-12-02 17:27:27.086 [info] > git status -z -uall [73ms]
2023-12-02 17:27:32.270 [info] > git config --get commit.template [14ms]
2023-12-02 17:27:32.270 [info] > git for-each-ref --format=%(refname)%00%(upstream:short)%00%(objectname)%00%(upstream:track)%00%(upstream:remotename)%00%(upstream:remoteref) refs/heads/master refs/remotes/master [2ms]
2023-12-02 17:27:32.334 [info] > git status -z -uall [51ms]
2023-12-02 17:27:37.870 [info] > git config --get commit.template [3ms]
2023-12-02 17:27:37.889 [info] > git for-each-ref --format=%(refname)%00%(upstream:short)%00%(objectname)%00%(upstream:track)%00%(upstream:remotename)%00%(upstream:remoteref) refs/heads/master refs/remotes/master [3ms]
2023-12-02 17:27:37.968 [info] > git status -z -uall [63ms]
2023-12-02 17:27:43.167 [info] > git config --get commit.template [18ms]
2023-12-02 17:27:43.168 [info] > git for-each-ref --format=%(refname)%00%(upstream:short)%00%(objectname)%00%(upstream:track)%00%(upstream:remotename)%00%(upstream:remoteref) refs/heads/master refs/remotes/master [3ms]
2023-12-02 17:27:43.272 [info] > git status -z -uall [90ms]
2023-12-02 17:27:48.457 [info] > git config --get commit.template [17ms]
2023-12-02 17:27:48.459 [info] > git for-each-ref --format=%(refname)%00%(upstream:short)%00%(objectname)%00%(upstream:track)%00%(upstream:remotename)%00%(upstream:remoteref) refs/heads/master refs/remotes/master [3ms]
2023-12-02 17:27:48.556 [info] > git status -z -uall [82ms]
2023-12-02 17:27:53.697 [info] > git config --get commit.template [2ms]
2023-12-02 17:27:53.715 [info] > git for-each-ref --format=%(refname)%00%(upstream:short)%00%(objectname)%00%(upstream:track)%00%(upstream:remotename)%00%(upstream:remoteref) refs/heads/master refs/remotes/master [2ms]
2023-12-02 17:27:53.786 [info] > git status -z -uall [59ms]
2023-12-02 17:27:58.970 [info] > git config --get commit.template [2ms]
2023-12-02 17:27:58.993 [info] > git for-each-ref --format=%(refname)%00%(upstream:short)%00%(objectname)%00%(upstream:track)%00%(upstream:remotename)%00%(upstream:remoteref) refs/heads/master refs/remotes/master [2ms]
2023-12-02 17:27:59.089 [info] > git status -z -uall [79ms]
2023-12-02 17:28:04.261 [info] > git config --get commit.template [21ms]
2023-12-02 17:28:04.262 [info] > git for-each-ref --format=%(refname)%00%(upstream:short)%00%(objectname)%00%(upstream:track)%00%(upstream:remotename)%00%(upstream:remoteref) refs/heads/master refs/remotes/master [2ms]
2023-12-02 17:28:04.372 [info] > git status -z -uall [91ms]
2023-12-02 17:28:09.618 [info] > git config --get commit.template [35ms]
2023-12-02 17:28:09.620 [info] > git for-each-ref --format=%(refname)%00%(upstream:short)%00%(objectname)%00%(upstream:track)%00%(upstream:remotename)%00%(upstream:remoteref) refs/heads/master refs/remotes/master [5ms]
2023-12-02 17:28:09.904 [info] > git status -z -uall [249ms]
2023-12-02 17:28:15.363 [info] > git config --get commit.template [18ms]
2023-12-02 17:28:15.365 [info] > git for-each-ref --format=%(refname)%00%(upstream:short)%00%(objectname)%00%(upstream:track)%00%(upstream:remotename)%00%(upstream:remoteref) refs/heads/master refs/remotes/master [4ms]
2023-12-02 17:28:15.457 [info] > git status -z -uall [78ms]
2023-12-02 17:28:20.622 [info] > git config --get commit.template [15ms]
2023-12-02 17:28:20.623 [info] > git for-each-ref --format=%(refname)%00%(upstream:short)%00%(objectname)%00%(upstream:track)%00%(upstream:remotename)%00%(upstream:remoteref) refs/heads/master refs/remotes/master [3ms]
2023-12-02 17:28:20.690 [info] > git status -z -uall [55ms]
2023-12-03 15:36:20.480 [info] > git config --get commit.template [343ms]
2023-12-03 15:36:20.491 [info] > git for-each-ref --format=%(refname)%00%(upstream:short)%00%(objectname)%00%(upstream:track)%00%(upstream:remotename)%00%(upstream:remoteref) refs/heads/master refs/remotes/master [14ms]
2023-12-03 15:36:28.327 [info] > git status -z -uall [7815ms]
2023-12-03 16:03:43.701 [info] > git config --get commit.template [43ms]
2023-12-03 16:03:43.703 [info] > git for-each-ref --format=%(refname)%00%(upstream:short)%00%(objectname)%00%(upstream:track)%00%(upstream:remotename)%00%(upstream:remoteref) refs/heads/master refs/remotes/master [7ms]
2023-12-03 16:03:44.003 [info] > git status -z -uall [270ms]
2023-12-03 16:03:49.211 [info] > git config --get commit.template [19ms]
2023-12-03 16:03:49.212 [info] > git for-each-ref --format=%(refname)%00%(upstream:short)%00%(objectname)%00%(upstream:track)%00%(upstream:remotename)%00%(upstream:remoteref) refs/heads/master refs/remotes/master [2ms]
2023-12-03 16:03:49.284 [info] > git status -z -uall [46ms]
2023-12-03 16:03:54.365 [info] > git config --get commit.template [1ms]
2023-12-03 16:03:54.373 [info] > git for-each-ref --format=%(refname)%00%(upstream:short)%00%(objectname)%00%(upstream:track)%00%(upstream:remotename)%00%(upstream:remoteref) refs/heads/master refs/remotes/master [1ms]
2023-12-03 16:03:54.435 [info] > git status -z -uall [48ms]
2023-12-03 16:03:59.535 [info] > git config --get commit.template [1ms]
2023-12-03 16:03:59.544 [info] > git for-each-ref --format=%(refname)%00%(upstream:short)%00%(objectname)%00%(upstream:track)%00%(upstream:remotename)%00%(upstream:remoteref) refs/heads/master refs/remotes/master [1ms]
2023-12-03 16:03:59.631 [info] > git status -z -uall [52ms]
2023-12-03 16:04:04.755 [info] > git config --get commit.template [1ms]
2023-12-03 16:04:04.785 [info] > git for-each-ref --format=%(refname)%00%(upstream:short)%00%(objectname)%00%(upstream:track)%00%(upstream:remotename)%00%(upstream:remoteref) refs/heads/master refs/remotes/master [1ms]
2023-12-03 16:04:04.854 [info] > git status -z -uall [35ms]
2023-12-03 16:04:09.940 [info] > git config --get commit.template [12ms]
2023-12-03 16:04:09.941 [info] > git for-each-ref --format=%(refname)%00%(upstream:short)%00%(objectname)%00%(upstream:track)%00%(upstream:remotename)%00%(upstream:remoteref) refs/heads/master refs/remotes/master [2ms]
2023-12-03 16:04:09.990 [info] > git status -z -uall [40ms]
2023-12-03 16:04:15.797 [info] > git config --get commit.template [2ms]
2023-12-03 16:04:15.808 [info] > git for-each-ref --format=%(refname)%00%(upstream:short)%00%(objectname)%00%(upstream:track)%00%(upstream:remotename)%00%(upstream:remoteref) refs/heads/master refs/remotes/master [1ms]
2023-12-03 16:04:15.853 [info] > git status -z -uall [36ms]
2023-12-03 16:04:20.938 [info] > git config --get commit.template [1ms]
2023-12-03 16:04:20.948 [info] > git for-each-ref --format=%(refname)%00%(upstream:short)%00%(objectname)%00%(upstream:track)%00%(upstream:remotename)%00%(upstream:remoteref) refs/heads/master refs/remotes/master [1ms]
2023-12-03 16:04:20.989 [info] > git status -z -uall [34ms]
2023-12-03 16:04:26.090 [info] > git config --get commit.template [4ms]
2023-12-03 16:04:26.104 [info] > git for-each-ref --format=%(refname)%00%(upstream:short)%00%(objectname)%00%(upstream:track)%00%(upstream:remotename)%00%(upstream:remoteref) refs/heads/master refs/remotes/master [2ms]
2023-12-03 16:04:26.159 [info] > git status -z -uall [43ms]
2023-12-03 16:04:31.234 [info] > git config --get commit.template [1ms]
2023-12-03 16:04:31.242 [info] > git for-each-ref --format=%(refname)%00%(upstream:short)%00%(objectname)%00%(upstream:track)%00%(upstream:remotename)%00%(upstream:remoteref) refs/heads/master refs/remotes/master [1ms]
2023-12-03 16:04:31.276 [info] > git status -z -uall [28ms]
2023-12-03 16:04:36.372 [info] > git config --get commit.template [1ms]
2023-12-03 16:04:36.380 [info] > git for-each-ref --format=%(refname)%00%(upstream:short)%00%(objectname)%00%(upstream:track)%00%(upstream:remotename)%00%(upstream:remoteref) refs/heads/master refs/remotes/master [1ms]
2023-12-03 16:04:36.423 [info] > git status -z -uall [36ms]
2023-12-03 16:04:41.494 [info] > git config --get commit.template [1ms]
2023-12-03 16:04:41.504 [info] > git for-each-ref --format=%(refname)%00%(upstream:short)%00%(objectname)%00%(upstream:track)%00%(upstream:remotename)%00%(upstream:remoteref) refs/heads/master refs/remotes/master [1ms]
2023-12-03 16:04:41.545 [info] > git status -z -uall [31ms]
2023-12-03 16:04:46.629 [info] > git config --get commit.template [14ms]
2023-12-03 16:04:46.630 [info] > git for-each-ref --format=%(refname)%00%(upstream:short)%00%(objectname)%00%(upstream:track)%00%(upstream:remotename)%00%(upstream:remoteref) refs/heads/master refs/remotes/master [2ms]
2023-12-03 16:04:46.677 [info] > git status -z -uall [38ms]
2023-12-03 16:04:51.776 [info] > git config --get commit.template [9ms]
2023-12-03 16:04:51.776 [info] > git for-each-ref --format=%(refname)%00%(upstream:short)%00%(objectname)%00%(upstream:track)%00%(upstream:remotename)%00%(upstream:remoteref) refs/heads/master refs/remotes/master [1ms]
2023-12-03 16:04:51.816 [info] > git status -z -uall [33ms]
2023-12-03 16:04:56.889 [info] > git config --get commit.template [0ms]
2023-12-03 16:04:56.896 [info] > git for-each-ref --format=%(refname)%00%(upstream:short)%00%(objectname)%00%(upstream:track)%00%(upstream:remotename)%00%(upstream:remoteref) refs/heads/master refs/remotes/master [1ms]
2023-12-03 16:04:56.931 [info] > git status -z -uall [29ms]
2023-12-03 16:05:02.781 [info] > git config --get commit.template [1ms]
2023-12-03 16:05:02.789 [info] > git for-each-ref --format=%(refname)%00%(upstream:short)%00%(objectname)%00%(upstream:track)%00%(upstream:remotename)%00%(upstream:remoteref) refs/heads/master refs/remotes/master [1ms]
2023-12-03 16:05:02.823 [info] > git status -z -uall [28ms]
2023-12-03 16:05:07.899 [info] > git config --get commit.template [2ms]
2023-12-03 16:05:07.911 [info] > git for-each-ref --format=%(refname)%00%(upstream:short)%00%(objectname)%00%(upstream:track)%00%(upstream:remotename)%00%(upstream:remoteref) refs/heads/master refs/remotes/master [1ms]
2023-12-03 16:05:07.957 [info] > git status -z -uall [38ms]
2023-12-03 16:05:13.032 [info] > git config --get commit.template [1ms]
2023-12-03 16:05:13.041 [info] > git for-each-ref --format=%(refname)%00%(upstream:short)%00%(objectname)%00%(upstream:track)%00%(upstream:remotename)%00%(upstream:remoteref) refs/heads/master refs/remotes/master [0ms]
2023-12-03 16:05:13.086 [info] > git status -z -uall [36ms]
2023-12-03 16:05:18.159 [info] > git config --get commit.template [1ms]
2023-12-03 16:05:18.168 [info] > git for-each-ref --format=%(refname)%00%(upstream:short)%00%(objectname)%00%(upstream:track)%00%(upstream:remotename)%00%(upstream:remoteref) refs/heads/master refs/remotes/master [1ms]
2023-12-03 16:05:18.210 [info] > git status -z -uall [34ms]
2023-12-03 16:05:23.294 [info] > git config --get commit.template [1ms]
2023-12-03 16:05:23.304 [info] > git for-each-ref --format=%(refname)%00%(upstream:short)%00%(objectname)%00%(upstream:track)%00%(upstream:remotename)%00%(upstream:remoteref) refs/heads/master refs/remotes/master [1ms]
2023-12-03 16:05:23.350 [info] > git status -z -uall [39ms]
2023-12-03 16:05:28.443 [info] > git config --get commit.template [12ms]
2023-12-03 16:05:28.444 [info] > git for-each-ref --format=%(refname)%00%(upstream:short)%00%(objectname)%00%(upstream:track)%00%(upstream:remotename)%00%(upstream:remoteref) refs/heads/master refs/remotes/master [2ms]
2023-12-03 16:05:28.522 [info] > git status -z -uall [70ms]
2023-12-03 16:05:33.612 [info] > git config --get commit.template [11ms]
2023-12-03 16:05:33.612 [info] > git for-each-ref --format=%(refname)%00%(upstream:short)%00%(objectname)%00%(upstream:track)%00%(upstream:remotename)%00%(upstream:remoteref) refs/heads/master refs/remotes/master [1ms]
2023-12-03 16:05:33.674 [info] > git status -z -uall [52ms]
2023-12-03 16:05:38.765 [info] > git config --get commit.template [1ms]
2023-12-03 16:05:38.774 [info] > git for-each-ref --format=%(refname)%00%(upstream:short)%00%(objectname)%00%(upstream:track)%00%(upstream:remotename)%00%(upstream:remoteref) refs/heads/master refs/remotes/master [0ms]
2023-12-03 16:05:38.818 [info] > git status -z -uall [36ms]
2023-12-03 16:05:43.910 [info] > git config --get commit.template [10ms]
2023-12-03 16:05:43.911 [info] > git for-each-ref --format=%(refname)%00%(upstream:short)%00%(objectname)%00%(upstream:track)%00%(upstream:remotename)%00%(upstream:remoteref) refs/heads/master refs/remotes/master [1ms]
2023-12-03 16:05:43.978 [info] > git status -z -uall [60ms]
2023-12-03 16:05:49.063 [info] > git config --get commit.template [7ms]
2023-12-03 16:05:49.063 [info] > git for-each-ref --format=%(refname)%00%(upstream:short)%00%(objectname)%00%(upstream:track)%00%(upstream:remotename)%00%(upstream:remoteref) refs/heads/master refs/remotes/master [1ms]
2023-12-03 16:05:49.112 [info] > git status -z -uall [41ms]
2023-12-03 16:05:54.219 [info] > git config --get commit.template [1ms]
2023-12-03 16:05:54.229 [info] > git for-each-ref --format=%(refname)%00%(upstream:short)%00%(objectname)%00%(upstream:track)%00%(upstream:remotename)%00%(upstream:remoteref) refs/heads/master refs/remotes/master [1ms]
2023-12-03 16:05:54.264 [info] > git status -z -uall [28ms]
2023-12-03 16:05:59.341 [info] > git config --get commit.template [1ms]
2023-12-03 16:05:59.350 [info] > git for-each-ref --format=%(refname)%00%(upstream:short)%00%(objectname)%00%(upstream:track)%00%(upstream:remotename)%00%(upstream:remoteref) refs/heads/master refs/remotes/master [1ms]
2023-12-03 16:05:59.398 [info] > git status -z -uall [39ms]
2023-12-03 16:06:04.481 [info] > git config --get commit.template [3ms]
2023-12-03 16:06:04.498 [info] > git for-each-ref --format=%(refname)%00%(upstream:short)%00%(objectname)%00%(upstream:track)%00%(upstream:remotename)%00%(upstream:remoteref) refs/heads/master refs/remotes/master [2ms]
2023-12-03 16:06:04.571 [info] > git status -z -uall [52ms]
2023-12-03 16:06:09.657 [info] > git config --get commit.template [2ms]
2023-12-03 16:06:09.669 [info] > git for-each-ref --format=%(refname)%00%(upstream:short)%00%(objectname)%00%(upstream:track)%00%(upstream:remotename)%00%(upstream:remoteref) refs/heads/master refs/remotes/master [1ms]
2023-12-03 16:06:09.740 [info] > git status -z -uall [47ms]
2023-12-03 16:06:14.844 [info] > git config --get commit.template [12ms]
2023-12-03 16:06:14.844 [info] > git for-each-ref --format=%(refname)%00%(upstream:short)%00%(objectname)%00%(upstream:track)%00%(upstream:remotename)%00%(upstream:remoteref) refs/heads/master refs/remotes/master [1ms]
2023-12-03 16:06:14.888 [info] > git status -z -uall [36ms]
2023-12-03 16:06:19.972 [info] > git config --get commit.template [1ms]
2023-12-03 16:06:19.983 [info] > git for-each-ref --format=%(refname)%00%(upstream:short)%00%(objectname)%00%(upstream:track)%00%(upstream:remotename)%00%(upstream:remoteref) refs/heads/master refs/remotes/master [1ms]
2023-12-03 16:06:20.035 [info] > git status -z -uall [44ms]
2023-12-03 16:06:25.121 [info] > git config --get commit.template [2ms]
2023-12-03 16:06:25.135 [info] > git for-each-ref --format=%(refname)%00%(upstream:short)%00%(objectname)%00%(upstream:track)%00%(upstream:remotename)%00%(upstream:remoteref) refs/heads/master refs/remotes/master [1ms]
2023-12-03 16:06:25.181 [info] > git status -z -uall [36ms]
2023-12-03 16:06:30.253 [info] > git config --get commit.template [2ms]
2023-12-03 16:06:30.262 [info] > git for-each-ref --format=%(refname)%00%(upstream:short)%00%(objectname)%00%(upstream:track)%00%(upstream:remotename)%00%(upstream:remoteref) refs/heads/master refs/remotes/master [2ms]
2023-12-03 16:06:30.304 [info] > git status -z -uall [34ms]
2023-12-03 16:06:35.411 [info] > git config --get commit.template [14ms]
2023-12-03 16:06:35.412 [info] > git for-each-ref --format=%(refname)%00%(upstream:short)%00%(objectname)%00%(upstream:track)%00%(upstream:remotename)%00%(upstream:remoteref) refs/heads/master refs/remotes/master [1ms]
2023-12-03 16:06:35.496 [info] > git status -z -uall [73ms]
2023-12-03 16:06:40.583 [info] > git config --get commit.template [1ms]
2023-12-03 16:06:40.591 [info] > git for-each-ref --format=%(refname)%00%(upstream:short)%00%(objectname)%00%(upstream:track)%00%(upstream:remotename)%00%(upstream:remoteref) refs/heads/master refs/remotes/master [1ms]
2023-12-03 16:06:40.652 [info] > git status -z -uall [48ms]
2023-12-03 16:06:45.742 [info] > git config --get commit.template [10ms]
2023-12-03 16:06:45.742 [info] > git for-each-ref --format=%(refname)%00%(upstream:short)%00%(objectname)%00%(upstream:track)%00%(upstream:remotename)%00%(upstream:remoteref) refs/heads/master refs/remotes/master [1ms]
2023-12-03 16:06:45.785 [info] > git status -z -uall [35ms]
2023-12-03 16:06:50.881 [info] > git config --get commit.template [16ms]
2023-12-03 16:06:50.881 [info] > git for-each-ref --format=%(refname)%00%(upstream:short)%00%(objectname)%00%(upstream:track)%00%(upstream:remotename)%00%(upstream:remoteref) refs/heads/master refs/remotes/master [2ms]
2023-12-03 16:06:50.961 [info] > git status -z -uall [66ms]
2023-12-03 16:06:56.890 [info] > git config --get commit.template [1ms]
2023-12-03 16:06:56.899 [info] > git for-each-ref --format=%(refname)%00%(upstream:short)%00%(objectname)%00%(upstream:track)%00%(upstream:remotename)%00%(upstream:remoteref) refs/heads/master refs/remotes/master [0ms]
2023-12-03 16:06:56.942 [info] > git status -z -uall [35ms]
2023-12-03 16:07:02.007 [info] > git config --get commit.template [1ms]
2023-12-03 16:07:02.016 [info] > git for-each-ref --format=%(refname)%00%(upstream:short)%00%(objectname)%00%(upstream:track)%00%(upstream:remotename)%00%(upstream:remoteref) refs/heads/master refs/remotes/master [1ms]
2023-12-03 16:07:02.052 [info] > git status -z -uall [29ms]
2023-12-03 16:07:07.145 [info] > git config --get commit.template [1ms]
2023-12-03 16:07:07.156 [info] > git for-each-ref --format=%(refname)%00%(upstream:short)%00%(objectname)%00%(upstream:track)%00%(upstream:remotename)%00%(upstream:remoteref) refs/heads/master refs/remotes/master [1ms]
2023-12-03 16:07:07.200 [info] > git status -z -uall [36ms]
2023-12-03 16:07:12.286 [info] > git config --get commit.template [1ms]
2023-12-03 16:07:12.295 [info] > git for-each-ref --format=%(refname)%00%(upstream:short)%00%(objectname)%00%(upstream:track)%00%(upstream:remotename)%00%(upstream:remoteref) refs/heads/master refs/remotes/master [0ms]
2023-12-03 16:07:12.337 [info] > git status -z -uall [35ms]
2023-12-03 16:07:17.417 [info] > git config --get commit.template [1ms]
2023-12-03 16:07:17.425 [info] > git for-each-ref --format=%(refname)%00%(upstream:short)%00%(objectname)%00%(upstream:track)%00%(upstream:remotename)%00%(upstream:remoteref) refs/heads/master refs/remotes/master [1ms]
2023-12-03 16:07:17.469 [info] > git status -z -uall [37ms]
2023-12-03 16:07:22.554 [info] > git config --get commit.template [1ms]
2023-12-03 16:07:22.561 [info] > git for-each-ref --format=%(refname)%00%(upstream:short)%00%(objectname)%00%(upstream:track)%00%(upstream:remotename)%00%(upstream:remoteref) refs/heads/master refs/remotes/master [1ms]
2023-12-03 16:07:22.595 [info] > git status -z -uall [28ms]
2023-12-03 16:07:27.679 [info] > git config --get commit.template [2ms]
2023-12-03 16:07:27.686 [info] > git for-each-ref --format=%(refname)%00%(upstream:short)%00%(objectname)%00%(upstream:track)%00%(upstream:remotename)%00%(upstream:remoteref) refs/heads/master refs/remotes/master [1ms]
2023-12-03 16:07:27.721 [info] > git status -z -uall [29ms]
2023-12-03 16:07:32.801 [info] > git config --get commit.template [1ms]
2023-12-03 16:07:32.809 [info] > git for-each-ref --format=%(refname)%00%(upstream:short)%00%(objectname)%00%(upstream:track)%00%(upstream:remotename)%00%(upstream:remoteref) refs/heads/master refs/remotes/master [0ms]
2023-12-03 16:07:32.853 [info] > git status -z -uall [36ms]
2023-12-03 16:07:37.953 [info] > git config --get commit.template [9ms]
2023-12-03 16:07:37.953 [info] > git for-each-ref --format=%(refname)%00%(upstream:short)%00%(objectname)%00%(upstream:track)%00%(upstream:remotename)%00%(upstream:remoteref) refs/heads/master refs/remotes/master [1ms]
2023-12-03 16:07:37.998 [info] > git status -z -uall [36ms]
2023-12-03 16:07:43.084 [info] > git config --get commit.template [1ms]
2023-12-03 16:07:43.093 [info] > git for-each-ref --format=%(refname)%00%(upstream:short)%00%(objectname)%00%(upstream:track)%00%(upstream:remotename)%00%(upstream:remoteref) refs/heads/master refs/remotes/master [1ms]
2023-12-03 16:07:43.145 [info] > git status -z -uall [42ms]
2023-12-03 16:07:48.237 [info] > git config --get commit.template [1ms]
2023-12-03 16:07:48.246 [info] > git for-each-ref --format=%(refname)%00%(upstream:short)%00%(objectname)%00%(upstream:track)%00%(upstream:remotename)%00%(upstream:remoteref) refs/heads/master refs/remotes/master [1ms]
2023-12-03 16:07:48.283 [info] > git status -z -uall [30ms]
2023-12-03 16:07:53.352 [info] > git config --get commit.template [1ms]
2023-12-03 16:07:53.360 [info] > git for-each-ref --format=%(refname)%00%(upstream:short)%00%(objectname)%00%(upstream:track)%00%(upstream:remotename)%00%(upstream:remoteref) refs/heads/master refs/remotes/master [1ms]
2023-12-03 16:07:53.413 [info] > git status -z -uall [47ms]
2023-12-03 16:07:59.337 [info] > git config --get commit.template [17ms]
2023-12-03 16:07:59.339 [info] > git for-each-ref --format=%(refname)%00%(upstream:short)%00%(objectname)%00%(upstream:track)%00%(upstream:remotename)%00%(upstream:remoteref) refs/heads/master refs/remotes/master [3ms]
2023-12-03 16:07:59.404 [info] > git status -z -uall [52ms]
2023-12-03 16:08:04.513 [info] > git config --get commit.template [19ms]
2023-12-03 16:08:04.513 [info] > git for-each-ref --format=%(refname)%00%(upstream:short)%00%(objectname)%00%(upstream:track)%00%(upstream:remotename)%00%(upstream:remoteref) refs/heads/master refs/remotes/master [2ms]
2023-12-03 16:08:04.611 [info] > git status -z -uall [83ms]
2023-12-03 16:08:09.684 [info] > git config --get commit.template [1ms]
2023-12-03 16:08:09.693 [info] > git for-each-ref --format=%(refname)%00%(upstream:short)%00%(objectname)%00%(upstream:track)%00%(upstream:remotename)%00%(upstream:remoteref) refs/heads/master refs/remotes/master [1ms]
2023-12-03 16:08:09.744 [info] > git status -z -uall [42ms]
2023-12-03 16:08:14.825 [info] > git config --get commit.template [1ms]
2023-12-03 16:08:14.836 [info] > git for-each-ref --format=%(refname)%00%(upstream:short)%00%(objectname)%00%(upstream:track)%00%(upstream:remotename)%00%(upstream:remoteref) refs/heads/master refs/remotes/master [0ms]
2023-12-03 16:08:14.880 [info] > git status -z -uall [37ms]
2023-12-03 16:08:19.963 [info] > git config --get commit.template [12ms]
2023-12-03 16:08:19.963 [info] > git for-each-ref --format=%(refname)%00%(upstream:short)%00%(objectname)%00%(upstream:track)%00%(upstream:remotename)%00%(upstream:remoteref) refs/heads/master refs/remotes/master [1ms]
2023-12-03 16:08:20.028 [info] > git status -z -uall [56ms]
2023-12-03 16:08:25.126 [info] > git config --get commit.template [11ms]
2023-12-03 16:08:25.126 [info] > git for-each-ref --format=%(refname)%00%(upstream:short)%00%(objectname)%00%(upstream:track)%00%(upstream:remotename)%00%(upstream:remoteref) refs/heads/master refs/remotes/master [1ms]
2023-12-03 16:08:25.177 [info] > git status -z -uall [41ms]
2023-12-03 16:08:30.279 [info] > git config --get commit.template [11ms]
2023-12-03 16:08:30.279 [info] > git for-each-ref --format=%(refname)%00%(upstream:short)%00%(objectname)%00%(upstream:track)%00%(upstream:remotename)%00%(upstream:remoteref) refs/heads/master refs/remotes/master [1ms]
2023-12-03 16:08:30.354 [info] > git status -z -uall [65ms]
2023-12-03 16:08:36.399 [info] > git config --get commit.template [3ms]
2023-12-03 16:08:36.415 [info] > git for-each-ref --format=%(refname)%00%(upstream:short)%00%(objectname)%00%(upstream:track)%00%(upstream:remotename)%00%(upstream:remoteref) refs/heads/master refs/remotes/master [1ms]
2023-12-03 16:08:36.467 [info] > git status -z -uall [43ms]
2023-12-03 16:08:41.555 [info] > git config --get commit.template [1ms]
2023-12-03 16:08:41.566 [info] > git for-each-ref --format=%(refname)%00%(upstream:short)%00%(objectname)%00%(upstream:track)%00%(upstream:remotename)%00%(upstream:remoteref) refs/heads/master refs/remotes/master [1ms]
2023-12-03 16:08:41.609 [info] > git status -z -uall [34ms]
2023-12-03 16:08:46.698 [info] > git config --get commit.template [13ms]
2023-12-03 16:08:46.699 [info] > git for-each-ref --format=%(refname)%00%(upstream:short)%00%(objectname)%00%(upstream:track)%00%(upstream:remotename)%00%(upstream:remoteref) refs/heads/master refs/remotes/master [3ms]
2023-12-03 16:08:46.759 [info] > git status -z -uall [50ms]
2023-12-03 16:08:51.853 [info] > git config --get commit.template [8ms]
2023-12-03 16:08:51.854 [info] > git for-each-ref --format=%(refname)%00%(upstream:short)%00%(objectname)%00%(upstream:track)%00%(upstream:remotename)%00%(upstream:remoteref) refs/heads/master refs/remotes/master [2ms]
2023-12-03 16:08:51.895 [info] > git status -z -uall [34ms]
2023-12-03 16:08:56.981 [info] > git config --get commit.template [2ms]
2023-12-03 16:08:56.990 [info] > git for-each-ref --format=%(refname)%00%(upstream:short)%00%(objectname)%00%(upstream:track)%00%(upstream:remotename)%00%(upstream:remoteref) refs/heads/master refs/remotes/master [1ms]
2023-12-03 16:08:57.048 [info] > git status -z -uall [49ms]
2023-12-03 16:09:02.140 [info] > git config --get commit.template [2ms]
2023-12-03 16:09:02.149 [info] > git for-each-ref --format=%(refname)%00%(upstream:short)%00%(objectname)%00%(upstream:track)%00%(upstream:remotename)%00%(upstream:remoteref) refs/heads/master refs/remotes/master [1ms]
2023-12-03 16:09:02.194 [info] > git status -z -uall [38ms]
2023-12-03 16:09:07.293 [info] > git config --get commit.template [11ms]
2023-12-03 16:09:07.293 [info] > git for-each-ref --format=%(refname)%00%(upstream:short)%00%(objectname)%00%(upstream:track)%00%(upstream:remotename)%00%(upstream:remoteref) refs/heads/master refs/remotes/master [1ms]
2023-12-03 16:09:07.369 [info] > git status -z -uall [66ms]
2023-12-03 16:09:12.468 [info] > git config --get commit.template [9ms]
2023-12-03 16:09:12.469 [info] > git for-each-ref --format=%(refname)%00%(upstream:short)%00%(objectname)%00%(upstream:track)%00%(upstream:remotename)%00%(upstream:remoteref) refs/heads/master refs/remotes/master [2ms]
2023-12-03 16:09:12.518 [info] > git status -z -uall [41ms]
2023-12-03 16:09:17.591 [info] > git config --get commit.template [1ms]
2023-12-03 16:09:17.601 [info] > git for-each-ref --format=%(refname)%00%(upstream:short)%00%(objectname)%00%(upstream:track)%00%(upstream:remotename)%00%(upstream:remoteref) refs/heads/master refs/remotes/master [1ms]
2023-12-03 16:09:17.653 [info] > git status -z -uall [43ms]
2023-12-03 16:09:22.746 [info] > git config --get commit.template [8ms]
2023-12-03 16:09:22.746 [info] > git for-each-ref --format=%(refname)%00%(upstream:short)%00%(objectname)%00%(upstream:track)%00%(upstream:remotename)%00%(upstream:remoteref) refs/heads/master refs/remotes/master [2ms]
2023-12-03 16:09:22.789 [info] > git status -z -uall [35ms]
2023-12-03 16:09:27.870 [info] > git config --get commit.template [1ms]
2023-12-03 16:09:27.877 [info] > git for-each-ref --format=%(refname)%00%(upstream:short)%00%(objectname)%00%(upstream:track)%00%(upstream:remotename)%00%(upstream:remoteref) refs/heads/master refs/remotes/master [0ms]
2023-12-03 16:09:27.911 [info] > git status -z -uall [28ms]
2023-12-03 16:09:32.982 [info] > git config --get commit.template [1ms]
2023-12-03 16:09:32.991 [info] > git for-each-ref --format=%(refname)%00%(upstream:short)%00%(objectname)%00%(upstream:track)%00%(upstream:remotename)%00%(upstream:remoteref) refs/heads/master refs/remotes/master [1ms]
2023-12-03 16:09:33.037 [info] > git status -z -uall [38ms]
2023-12-03 16:09:38.125 [info] > git config --get commit.template [1ms]
2023-12-03 16:09:38.136 [info] > git for-each-ref --format=%(refname)%00%(upstream:short)%00%(objectname)%00%(upstream:track)%00%(upstream:remotename)%00%(upstream:remoteref) refs/heads/master refs/remotes/master [1ms]
2023-12-03 16:09:38.185 [info] > git status -z -uall [42ms]
2023-12-03 16:09:43.279 [info] > git config --get commit.template [10ms]
2023-12-03 16:09:43.279 [info] > git for-each-ref --format=%(refname)%00%(upstream:short)%00%(objectname)%00%(upstream:track)%00%(upstream:remotename)%00%(upstream:remoteref) refs/heads/master refs/remotes/master [2ms]
2023-12-03 16:09:43.337 [info] > git status -z -uall [51ms]
2023-12-03 16:09:48.421 [info] > git config --get commit.template [1ms]
2023-12-03 16:09:48.430 [info] > git for-each-ref --format=%(refname)%00%(upstream:short)%00%(objectname)%00%(upstream:track)%00%(upstream:remotename)%00%(upstream:remoteref) refs/heads/master refs/remotes/master [1ms]
2023-12-03 16:09:48.472 [info] > git status -z -uall [36ms]
2023-12-03 16:09:54.349 [info] > git config --get commit.template [2ms]
2023-12-03 16:09:54.362 [info] > git for-each-ref --format=%(refname)%00%(upstream:short)%00%(objectname)%00%(upstream:track)%00%(upstream:remotename)%00%(upstream:remoteref) refs/heads/master refs/remotes/master [2ms]
2023-12-03 16:09:54.427 [info] > git status -z -uall [54ms]
2023-12-03 16:09:59.505 [info] > git config --get commit.template [1ms]
2023-12-03 16:09:59.513 [info] > git for-each-ref --format=%(refname)%00%(upstream:short)%00%(objectname)%00%(upstream:track)%00%(upstream:remotename)%00%(upstream:remoteref) refs/heads/master refs/remotes/master [1ms]
2023-12-03 16:09:59.549 [info] > git status -z -uall [30ms]
2023-12-03 16:10:04.637 [info] > git config --get commit.template [9ms]
2023-12-03 16:10:04.637 [info] > git for-each-ref --format=%(refname)%00%(upstream:short)%00%(objectname)%00%(upstream:track)%00%(upstream:remotename)%00%(upstream:remoteref) refs/heads/master refs/remotes/master [1ms]
2023-12-03 16:10:04.688 [info] > git status -z -uall [41ms]
2023-12-03 16:10:09.813 [info] > git config --get commit.template [1ms]
2023-12-03 16:10:09.821 [info] > git for-each-ref --format=%(refname)%00%(upstream:short)%00%(objectname)%00%(upstream:track)%00%(upstream:remotename)%00%(upstream:remoteref) refs/heads/master refs/remotes/master [1ms]
2023-12-03 16:10:09.860 [info] > git status -z -uall [32ms]
2023-12-03 16:10:14.941 [info] > git config --get commit.template [9ms]
2023-12-03 16:10:14.941 [info] > git for-each-ref --format=%(refname)%00%(upstream:short)%00%(objectname)%00%(upstream:track)%00%(upstream:remotename)%00%(upstream:remoteref) refs/heads/master refs/remotes/master [1ms]
2023-12-03 16:10:14.991 [info] > git status -z -uall [42ms]
2023-12-03 16:10:20.064 [info] > git config --get commit.template [1ms]
2023-12-03 16:10:20.072 [info] > git for-each-ref --format=%(refname)%00%(upstream:short)%00%(objectname)%00%(upstream:track)%00%(upstream:remotename)%00%(upstream:remoteref) refs/heads/master refs/remotes/master [1ms]
2023-12-03 16:10:20.110 [info] > git status -z -uall [30ms]
2023-12-03 16:10:25.183 [info] > git config --get commit.template [1ms]
2023-12-03 16:10:25.190 [info] > git for-each-ref --format=%(refname)%00%(upstream:short)%00%(objectname)%00%(upstream:track)%00%(upstream:remotename)%00%(upstream:remoteref) refs/heads/master refs/remotes/master [0ms]
2023-12-03 16:10:25.229 [info] > git status -z -uall [31ms]
2023-12-03 16:10:30.316 [info] > git config --get commit.template [2ms]
2023-12-03 16:10:30.333 [info] > git for-each-ref --format=%(refname)%00%(upstream:short)%00%(objectname)%00%(upstream:track)%00%(upstream:remotename)%00%(upstream:remoteref) refs/heads/master refs/remotes/master [1ms]
2023-12-03 16:10:30.422 [info] > git status -z -uall [70ms]
2023-12-03 16:10:35.527 [info] > git config --get commit.template [15ms]
2023-12-03 16:10:35.548 [info] > git for-each-ref --format=%(refname)%00%(upstream:short)%00%(objectname)%00%(upstream:track)%00%(upstream:remotename)%00%(upstream:remoteref) refs/heads/master refs/remotes/master [2ms]
2023-12-03 16:10:35.666 [info] > git status -z -uall [76ms]
2023-12-03 16:10:40.845 [info] > git config --get commit.template [2ms]
2023-12-03 16:10:40.860 [info] > git for-each-ref --format=%(refname)%00%(upstream:short)%00%(objectname)%00%(upstream:track)%00%(upstream:remotename)%00%(upstream:remoteref) refs/heads/master refs/remotes/master [1ms]
2023-12-03 16:10:40.915 [info] > git status -z -uall [43ms]
2023-12-03 16:10:45.994 [info] > git config --get commit.template [1ms]
2023-12-03 16:10:46.004 [info] > git for-each-ref --format=%(refname)%00%(upstream:short)%00%(objectname)%00%(upstream:track)%00%(upstream:remotename)%00%(upstream:remoteref) refs/heads/master refs/remotes/master [1ms]
2023-12-03 16:10:46.042 [info] > git status -z -uall [30ms]
2023-12-03 16:10:51.133 [info] > git config --get commit.template [13ms]
2023-12-03 16:10:51.133 [info] > git for-each-ref --format=%(refname)%00%(upstream:short)%00%(objectname)%00%(upstream:track)%00%(upstream:remotename)%00%(upstream:remoteref) refs/heads/master refs/remotes/master [1ms]
2023-12-03 16:10:51.197 [info] > git status -z -uall [55ms]
2023-12-03 16:10:56.314 [info] > git config --get commit.template [2ms]
2023-12-03 16:10:56.396 [info] > git for-each-ref --format=%(refname)%00%(upstream:short)%00%(objectname)%00%(upstream:track)%00%(upstream:remotename)%00%(upstream:remoteref) refs/heads/master refs/remotes/master [11ms]
2023-12-03 16:10:56.888 [info] > git status -z -uall [402ms]
2023-12-03 16:11:02.369 [info] > git config --get commit.template [1ms]
2023-12-03 16:11:02.379 [info] > git for-each-ref --format=%(refname)%00%(upstream:short)%00%(objectname)%00%(upstream:track)%00%(upstream:remotename)%00%(upstream:remoteref) refs/heads/master refs/remotes/master [1ms]
2023-12-03 16:11:02.424 [info] > git status -z -uall [35ms]
2023-12-03 16:11:07.516 [info] > git config --get commit.template [12ms]
2023-12-03 16:11:07.517 [info] > git for-each-ref --format=%(refname)%00%(upstream:short)%00%(objectname)%00%(upstream:track)%00%(upstream:remotename)%00%(upstream:remoteref) refs/heads/master refs/remotes/master [2ms]
2023-12-03 16:11:07.589 [info] > git status -z -uall [62ms]
2023-12-03 16:11:12.690 [info] > git config --get commit.template [2ms]
2023-12-03 16:11:12.700 [info] > git for-each-ref --format=%(refname)%00%(upstream:short)%00%(objectname)%00%(upstream:track)%00%(upstream:remotename)%00%(upstream:remoteref) refs/heads/master refs/remotes/master [1ms]
2023-12-03 16:11:12.749 [info] > git status -z -uall [39ms]
2023-12-03 16:11:17.832 [info] > git config --get commit.template [1ms]
2023-12-03 16:11:17.841 [info] > git for-each-ref --format=%(refname)%00%(upstream:short)%00%(objectname)%00%(upstream:track)%00%(upstream:remotename)%00%(upstream:remoteref) refs/heads/master refs/remotes/master [1ms]
2023-12-03 16:11:17.876 [info] > git status -z -uall [28ms]
2023-12-03 16:11:22.947 [info] > git config --get commit.template [1ms]
2023-12-03 16:11:22.955 [info] > git for-each-ref --format=%(refname)%00%(upstream:short)%00%(objectname)%00%(upstream:track)%00%(upstream:remotename)%00%(upstream:remoteref) refs/heads/master refs/remotes/master [1ms]
2023-12-03 16:11:23.003 [info] > git status -z -uall [38ms]
2023-12-03 16:11:28.103 [info] > git config --get commit.template [10ms]
2023-12-03 16:11:28.103 [info] > git for-each-ref --format=%(refname)%00%(upstream:short)%00%(objectname)%00%(upstream:track)%00%(upstream:remotename)%00%(upstream:remoteref) refs/heads/master refs/remotes/master [1ms]
2023-12-03 16:11:28.153 [info] > git status -z -uall [41ms]
2023-12-03 16:11:33.252 [info] > git config --get commit.template [1ms]
2023-12-03 16:11:33.261 [info] > git for-each-ref --format=%(refname)%00%(upstream:short)%00%(objectname)%00%(upstream:track)%00%(upstream:remotename)%00%(upstream:remoteref) refs/heads/master refs/remotes/master [1ms]
2023-12-03 16:11:33.302 [info] > git status -z -uall [33ms]
2023-12-03 16:11:38.390 [info] > git config --get commit.template [1ms]
2023-12-03 16:11:38.398 [info] > git for-each-ref --format=%(refname)%00%(upstream:short)%00%(objectname)%00%(upstream:track)%00%(upstream:remotename)%00%(upstream:remoteref) refs/heads/master refs/remotes/master [1ms]
2023-12-03 16:11:38.437 [info] > git status -z -uall [32ms]
2023-12-03 16:11:43.506 [info] > git config --get commit.template [1ms]
2023-12-03 16:11:43.516 [info] > git for-each-ref --format=%(refname)%00%(upstream:short)%00%(objectname)%00%(upstream:track)%00%(upstream:remotename)%00%(upstream:remoteref) refs/heads/master refs/remotes/master [1ms]
2023-12-03 16:11:43.564 [info] > git status -z -uall [41ms]
2023-12-03 16:11:48.654 [info] > git config --get commit.template [9ms]
2023-12-03 16:11:48.654 [info] > git for-each-ref --format=%(refname)%00%(upstream:short)%00%(objectname)%00%(upstream:track)%00%(upstream:remotename)%00%(upstream:remoteref) refs/heads/master refs/remotes/master [1ms]
2023-12-03 16:11:48.696 [info] > git status -z -uall [34ms]
2023-12-03 16:11:53.764 [info] > git config --get commit.template [1ms]
2023-12-03 16:11:53.773 [info] > git for-each-ref --format=%(refname)%00%(upstream:short)%00%(objectname)%00%(upstream:track)%00%(upstream:remotename)%00%(upstream:remoteref) refs/heads/master refs/remotes/master [1ms]
2023-12-03 16:11:53.809 [info] > git status -z -uall [29ms]
2023-12-03 16:11:58.881 [info] > git config --get commit.template [1ms]
2023-12-03 16:11:58.889 [info] > git for-each-ref --format=%(refname)%00%(upstream:short)%00%(objectname)%00%(upstream:track)%00%(upstream:remotename)%00%(upstream:remoteref) refs/heads/master refs/remotes/master [1ms]
2023-12-03 16:11:58.923 [info] > git status -z -uall [28ms]
2023-12-03 16:12:04.002 [info] > git config --get commit.template [11ms]
2023-12-03 16:12:04.003 [info] > git for-each-ref --format=%(refname)%00%(upstream:short)%00%(objectname)%00%(upstream:track)%00%(upstream:remotename)%00%(upstream:remoteref) refs/heads/master refs/remotes/master [2ms]
2023-12-03 16:12:04.053 [info] > git status -z -uall [41ms]
2023-12-03 16:12:09.128 [info] > git config --get commit.template [2ms]
2023-12-03 16:12:09.138 [info] > git for-each-ref --format=%(refname)%00%(upstream:short)%00%(objectname)%00%(upstream:track)%00%(upstream:remotename)%00%(upstream:remoteref) refs/heads/master refs/remotes/master [2ms]
2023-12-03 16:12:09.179 [info] > git status -z -uall [34ms]
2023-12-03 16:12:14.258 [info] > git config --get commit.template [1ms]
2023-12-03 16:12:14.265 [info] > git for-each-ref --format=%(refname)%00%(upstream:short)%00%(objectname)%00%(upstream:track)%00%(upstream:remotename)%00%(upstream:remoteref) refs/heads/master refs/remotes/master [1ms]
2023-12-03 16:12:14.303 [info] > git status -z -uall [32ms]
2023-12-03 16:12:19.376 [info] > git config --get commit.template [2ms]
2023-12-03 16:12:19.388 [info] > git for-each-ref --format=%(refname)%00%(upstream:short)%00%(objectname)%00%(upstream:track)%00%(upstream:remotename)%00%(upstream:remoteref) refs/heads/master refs/remotes/master [1ms]
2023-12-03 16:12:19.430 [info] > git status -z -uall [35ms]
2023-12-03 16:12:24.503 [info] > git config --get commit.template [1ms]
2023-12-03 16:12:24.512 [info] > git for-each-ref --format=%(refname)%00%(upstream:short)%00%(objectname)%00%(upstream:track)%00%(upstream:remotename)%00%(upstream:remoteref) refs/heads/master refs/remotes/master [1ms]
2023-12-03 16:12:24.558 [info] > git status -z -uall [36ms]
2023-12-03 16:12:29.654 [info] > git config --get commit.template [7ms]
2023-12-03 16:12:29.654 [info] > git for-each-ref --format=%(refname)%00%(upstream:short)%00%(objectname)%00%(upstream:track)%00%(upstream:remotename)%00%(upstream:remoteref) refs/heads/master refs/remotes/master [1ms]
2023-12-03 16:12:29.690 [info] > git status -z -uall [29ms]
2023-12-03 16:12:35.553 [info] > git config --get commit.template [1ms]
2023-12-03 16:12:35.564 [info] > git for-each-ref --format=%(refname)%00%(upstream:short)%00%(objectname)%00%(upstream:track)%00%(upstream:remotename)%00%(upstream:remoteref) refs/heads/master refs/remotes/master [0ms]
2023-12-03 16:12:35.618 [info] > git status -z -uall [45ms]
2023-12-03 16:12:40.689 [info] > git config --get commit.template [1ms]
2023-12-03 16:12:40.698 [info] > git for-each-ref --format=%(refname)%00%(upstream:short)%00%(objectname)%00%(upstream:track)%00%(upstream:remotename)%00%(upstream:remoteref) refs/heads/master refs/remotes/master [1ms]
2023-12-03 16:12:40.741 [info] > git status -z -uall [36ms]
2023-12-03 16:12:45.822 [info] > git config --get commit.template [1ms]
2023-12-03 16:12:45.832 [info] > git for-each-ref --format=%(refname)%00%(upstream:short)%00%(objectname)%00%(upstream:track)%00%(upstream:remotename)%00%(upstream:remoteref) refs/heads/master refs/remotes/master [1ms]
2023-12-03 16:12:45.877 [info] > git status -z -uall [38ms]
2023-12-03 16:12:50.975 [info] > git config --get commit.template [16ms]
2023-12-03 16:12:50.976 [info] > git for-each-ref --format=%(refname)%00%(upstream:short)%00%(objectname)%00%(upstream:track)%00%(upstream:remotename)%00%(upstream:remoteref) refs/heads/master refs/remotes/master [1ms]
2023-12-03 16:12:51.035 [info] > git status -z -uall [51ms]
2023-12-03 16:12:56.131 [info] > git config --get commit.template [2ms]
2023-12-03 16:12:56.142 [info] > git for-each-ref --format=%(refname)%00%(upstream:short)%00%(objectname)%00%(upstream:track)%00%(upstream:remotename)%00%(upstream:remoteref) refs/heads/master refs/remotes/master [1ms]
2023-12-03 16:12:56.185 [info] > git status -z -uall [32ms]
2023-12-03 16:13:01.262 [info] > git config --get commit.template [1ms]
2023-12-03 16:13:01.270 [info] > git for-each-ref --format=%(refname)%00%(upstream:short)%00%(objectname)%00%(upstream:track)%00%(upstream:remotename)%00%(upstream:remoteref) refs/heads/master refs/remotes/master [1ms]
2023-12-03 16:13:01.325 [info] > git status -z -uall [44ms]
2023-12-03 16:13:06.430 [info] > git config --get commit.template [1ms]
2023-12-03 16:13:06.437 [info] > git for-each-ref --format=%(refname)%00%(upstream:short)%00%(objectname)%00%(upstream:track)%00%(upstream:remotename)%00%(upstream:remoteref) refs/heads/master refs/remotes/master [1ms]
2023-12-03 16:13:06.472 [info] > git status -z -uall [29ms]
2023-12-03 16:13:11.564 [info] > git config --get commit.template [2ms]
2023-12-03 16:13:11.575 [info] > git for-each-ref --format=%(refname)%00%(upstream:short)%00%(objectname)%00%(upstream:track)%00%(upstream:remotename)%00%(upstream:remoteref) refs/heads/master refs/remotes/master [2ms]
2023-12-03 16:13:11.654 [info] > git status -z -uall [69ms]
2023-12-03 16:13:16.778 [info] > git config --get commit.template [16ms]
2023-12-03 16:13:16.779 [info] > git for-each-ref --format=%(refname)%00%(upstream:short)%00%(objectname)%00%(upstream:track)%00%(upstream:remotename)%00%(upstream:remoteref) refs/heads/master refs/remotes/master [4ms]
2023-12-03 16:13:16.866 [info] > git status -z -uall [76ms]
2023-12-03 16:13:21.983 [info] > git config --get commit.template [1ms]
2023-12-03 16:13:21.993 [info] > git for-each-ref --format=%(refname)%00%(upstream:short)%00%(objectname)%00%(upstream:track)%00%(upstream:remotename)%00%(upstream:remoteref) refs/heads/master refs/remotes/master [1ms]
2023-12-03 16:13:22.048 [info] > git status -z -uall [45ms]
2023-12-03 16:13:27.156 [info] > git config --get commit.template [2ms]
2023-12-03 16:13:27.168 [info] > git for-each-ref --format=%(refname)%00%(upstream:short)%00%(objectname)%00%(upstream:track)%00%(upstream:remotename)%00%(upstream:remoteref) refs/heads/master refs/remotes/master [1ms]
2023-12-03 16:13:27.219 [info] > git status -z -uall [41ms]
2023-12-03 16:13:32.321 [info] > git config --get commit.template [3ms]
2023-12-03 16:13:32.337 [info] > git for-each-ref --format=%(refname)%00%(upstream:short)%00%(objectname)%00%(upstream:track)%00%(upstream:remotename)%00%(upstream:remoteref) refs/heads/master refs/remotes/master [1ms]
2023-12-03 16:13:32.395 [info] > git status -z -uall [49ms]
2023-12-03 16:13:37.516 [info] > git config --get commit.template [10ms]
2023-12-03 16:13:37.516 [info] > git for-each-ref --format=%(refname)%00%(upstream:short)%00%(objectname)%00%(upstream:track)%00%(upstream:remotename)%00%(upstream:remoteref) refs/heads/master refs/remotes/master [1ms]
2023-12-03 16:13:37.572 [info] > git status -z -uall [45ms]
2023-12-03 16:13:42.678 [info] > git config --get commit.template [2ms]
2023-12-03 16:13:42.691 [info] > git for-each-ref --format=%(refname)%00%(upstream:short)%00%(objectname)%00%(upstream:track)%00%(upstream:remotename)%00%(upstream:remoteref) refs/heads/master refs/remotes/master [2ms]
2023-12-03 16:13:42.744 [info] > git status -z -uall [43ms]
2023-12-03 16:13:47.840 [info] > git config --get commit.template [10ms]
2023-12-03 16:13:47.840 [info] > git for-each-ref --format=%(refname)%00%(upstream:short)%00%(objectname)%00%(upstream:track)%00%(upstream:remotename)%00%(upstream:remoteref) refs/heads/master refs/remotes/master [1ms]
2023-12-03 16:13:47.891 [info] > git status -z -uall [42ms]
2023-12-03 16:13:52.994 [info] > git config --get commit.template [10ms]
2023-12-03 16:13:52.994 [info] > git for-each-ref --format=%(refname)%00%(upstream:short)%00%(objectname)%00%(upstream:track)%00%(upstream:remotename)%00%(upstream:remoteref) refs/heads/master refs/remotes/master [1ms]
2023-12-03 16:13:53.068 [info] > git status -z -uall [64ms]
2023-12-03 16:13:58.181 [info] > git config --get commit.template [11ms]
2023-12-03 16:13:58.181 [info] > git for-each-ref --format=%(refname)%00%(upstream:short)%00%(objectname)%00%(upstream:track)%00%(upstream:remotename)%00%(upstream:remoteref) refs/heads/master refs/remotes/master [1ms]
2023-12-03 16:13:58.237 [info] > git status -z -uall [47ms]
2023-12-03 16:14:03.341 [info] > git config --get commit.template [1ms]
2023-12-03 16:14:03.351 [info] > git for-each-ref --format=%(refname)%00%(upstream:short)%00%(objectname)%00%(upstream:track)%00%(upstream:remotename)%00%(upstream:remoteref) refs/heads/master refs/remotes/master [1ms]
2023-12-03 16:14:03.396 [info] > git status -z -uall [37ms]
2023-12-03 16:14:08.475 [info] > git config --get commit.template [1ms]
2023-12-03 16:14:08.484 [info] > git for-each-ref --format=%(refname)%00%(upstream:short)%00%(objectname)%00%(upstream:track)%00%(upstream:remotename)%00%(upstream:remoteref) refs/heads/master refs/remotes/master [1ms]
2023-12-03 16:14:08.528 [info] > git status -z -uall [37ms]
2023-12-03 16:14:13.610 [info] > git config --get commit.template [1ms]
2023-12-03 16:14:13.619 [info] > git for-each-ref --format=%(refname)%00%(upstream:short)%00%(objectname)%00%(upstream:track)%00%(upstream:remotename)%00%(upstream:remoteref) refs/heads/master refs/remotes/master [1ms]
2023-12-03 16:14:13.660 [info] > git status -z -uall [34ms]
2023-12-03 16:14:18.761 [info] > git config --get commit.template [14ms]
2023-12-03 16:14:18.762 [info] > git for-each-ref --format=%(refname)%00%(upstream:short)%00%(objectname)%00%(upstream:track)%00%(upstream:remotename)%00%(upstream:remoteref) refs/heads/master refs/remotes/master [3ms]
2023-12-03 16:14:18.838 [info] > git status -z -uall [65ms]
2023-12-03 16:14:23.942 [info] > git config --get commit.template [12ms]
2023-12-03 16:14:23.943 [info] > git for-each-ref --format=%(refname)%00%(upstream:short)%00%(objectname)%00%(upstream:track)%00%(upstream:remotename)%00%(upstream:remoteref) refs/heads/master refs/remotes/master [1ms]
2023-12-03 16:14:24.006 [info] > git status -z -uall [54ms]
2023-12-03 16:14:29.103 [info] > git config --get commit.template [1ms]
2023-12-03 16:14:29.111 [info] > git for-each-ref --format=%(refname)%00%(upstream:short)%00%(objectname)%00%(upstream:track)%00%(upstream:remotename)%00%(upstream:remoteref) refs/heads/master refs/remotes/master [1ms]
2023-12-03 16:14:29.155 [info] > git status -z -uall [37ms]
2023-12-03 16:14:34.252 [info] > git config --get commit.template [10ms]
2023-12-03 16:14:34.253 [info] > git for-each-ref --format=%(refname)%00%(upstream:short)%00%(objectname)%00%(upstream:track)%00%(upstream:remotename)%00%(upstream:remoteref) refs/heads/master refs/remotes/master [3ms]
2023-12-03 16:14:34.301 [info] > git status -z -uall [38ms]
2023-12-03 16:14:39.397 [info] > git config --get commit.template [2ms]
2023-12-03 16:14:39.409 [info] > git for-each-ref --format=%(refname)%00%(upstream:short)%00%(objectname)%00%(upstream:track)%00%(upstream:remotename)%00%(upstream:remoteref) refs/heads/master refs/remotes/master [1ms]
2023-12-03 16:14:39.497 [info] > git status -z -uall [76ms]
2023-12-03 16:14:44.601 [info] > git config --get commit.template [1ms]
2023-12-03 16:14:44.614 [info] > git for-each-ref --format=%(refname)%00%(upstream:short)%00%(objectname)%00%(upstream:track)%00%(upstream:remotename)%00%(upstream:remoteref) refs/heads/master refs/remotes/master [2ms]
2023-12-03 16:14:44.670 [info] > git status -z -uall [46ms]
2023-12-03 16:14:49.757 [info] > git config --get commit.template [0ms]
2023-12-03 16:14:49.765 [info] > git for-each-ref --format=%(refname)%00%(upstream:short)%00%(objectname)%00%(upstream:track)%00%(upstream:remotename)%00%(upstream:remoteref) refs/heads/master refs/remotes/master [1ms]
2023-12-03 16:14:49.801 [info] > git status -z -uall [29ms]
2023-12-03 16:14:54.875 [info] > git config --get commit.template [1ms]
2023-12-03 16:14:54.887 [info] > git for-each-ref --format=%(refname)%00%(upstream:short)%00%(objectname)%00%(upstream:track)%00%(upstream:remotename)%00%(upstream:remoteref) refs/heads/master refs/remotes/master [1ms]
2023-12-03 16:14:54.924 [info] > git status -z -uall [31ms]
2023-12-03 16:15:05.691 [info] > git config --get commit.template [5ms]
2023-12-03 16:15:05.713 [info] > git for-each-ref --format=%(refname)%00%(upstream:short)%00%(objectname)%00%(upstream:track)%00%(upstream:remotename)%00%(upstream:remoteref) refs/heads/master refs/remotes/master [1ms]
2023-12-03 16:15:05.802 [info] > git status -z -uall [72ms]
2023-12-03 16:15:10.909 [info] > git config --get commit.template [2ms]
2023-12-03 16:15:10.920 [info] > git for-each-ref --format=%(refname)%00%(upstream:short)%00%(objectname)%00%(upstream:track)%00%(upstream:remotename)%00%(upstream:remoteref) refs/heads/master refs/remotes/master [2ms]
2023-12-03 16:15:10.966 [info] > git status -z -uall [40ms]
