2023-12-03 17:14:58.832 [info] Extension host with pid 17730 started
2023-12-03 17:14:58.925 [info] ExtensionService#_doActivateExtension vscode.git-base, startup: true, activationEvent: '*', root cause: vscode.git
2023-12-03 17:14:58.956 [info] Lock '/home/hardymn/.vscode-server/data/User/workspaceStorage/379f218e8f7adade349497fa890c5d5a/vscode.lock': Lock acquired.
2023-12-03 17:14:58.977 [info] ExtensionService#_doActivateExtension vscode.git, startup: true, activationEvent: '*'
2023-12-03 17:14:58.979 [info] ExtensionService#_doActivateExtension vscode.github, startup: true, activationEvent: '*'
2023-12-03 17:14:59.441 [info] ExtensionService#_doActivateExtension vscode.css-language-features, startup: false, activationEvent: 'onLanguage:css'
2023-12-03 17:14:59.442 [info] ExtensionService#_doActivateExtension vscode.emmet, startup: false, activationEvent: 'onLanguage'
2023-12-03 17:15:00.012 [info] Eager extensions activated
2023-12-03 17:15:00.023 [info] ExtensionService#_doActivateExtension vscode.debug-auto-launch, startup: false, activationEvent: 'onStartupFinished'
2023-12-03 17:15:00.025 [info] ExtensionService#_doActivateExtension vscode.merge-conflict, startup: false, activationEvent: 'onStartupFinished'
2023-12-03 17:15:00.025 [info] ExtensionService#_doActivateExtension ritwickdey.LiveServer, startup: false, activationEvent: 'onStartupFinished'
2023-12-03 17:15:00.418 [info] ExtensionService#_doActivateExtension vscode.html-language-features, startup: false, activationEvent: 'onLanguage:html'
2023-12-03 17:15:01.236 [warning] [Decorations] CAPPING events from decorations provider vscode.git 7532
2023-12-03 17:15:02.782 [info] ExtensionService#_doActivateExtension vscode.typescript-language-features, startup: false, activationEvent: 'onLanguage:javascript'
2023-12-03 17:15:03.348 [warning] [Decorations] CAPPING events from decorations provider vscode.git 7533
2023-12-03 17:15:08.747 [warning] [Decorations] CAPPING events from decorations provider vscode.git 7534
2023-12-03 17:15:15.789 [warning] [Decorations] CAPPING events from decorations provider vscode.git 7535
2023-12-03 17:15:21.066 [warning] [Decorations] CAPPING events from decorations provider vscode.git 7534
2023-12-03 17:15:26.662 [warning] [Decorations] CAPPING events from decorations provider vscode.git 7534
2023-12-03 17:15:31.807 [warning] [Decorations] CAPPING events from decorations provider vscode.git 7534
2023-12-03 17:15:36.957 [warning] [Decorations] CAPPING events from decorations provider vscode.git 7534
2023-12-03 17:15:53.572 [warning] [Decorations] CAPPING events from decorations provider vscode.git 7537
