2023-11-30 14:23:41.054 [info] Log level: Info
2023-11-30 14:23:41.055 [info] Validating found git in: "git"
2023-11-30 14:23:41.055 [info] Using git "2.34.1" from "git"
2023-11-30 14:23:41.163 [info] > git rev-parse --show-toplevel [134ms]
2023-11-30 14:23:41.197 [info] > git rev-parse --git-dir --git-common-dir [16ms]
2023-11-30 14:23:41.232 [info] Open repository: /home/hardymn/javascript-exercises
2023-11-30 14:23:41.320 [info] > git rev-parse --show-toplevel [22ms]
2023-11-30 14:23:41.322 [info] > git config --get commit.template [61ms]
2023-11-30 14:23:41.452 [info] > git rev-parse --show-toplevel [28ms]
2023-11-30 14:23:41.471 [info] > git rev-parse --show-toplevel [2ms]
2023-11-30 14:23:41.513 [info] > git rev-parse --show-toplevel [3ms]
2023-11-30 14:23:41.514 [info] > git for-each-ref --format=%(refname)%00%(upstream:short)%00%(objectname)%00%(upstream:track)%00%(upstream:remotename)%00%(upstream:remoteref) refs/heads/main refs/remotes/main [65ms]
2023-11-30 14:23:42.126 [info] > git status -z -uall [513ms]
2023-11-30 14:23:42.127 [info] > git check-ignore -v -z --stdin [219ms]
2023-11-30 14:23:42.130 [info] > git rev-parse --show-toplevel [433ms]
2023-11-30 14:23:42.540 [info] > git config --get commit.template [296ms]
2023-11-30 14:23:42.541 [info] > git rev-parse --show-toplevel [330ms]
2023-11-30 14:23:42.561 [info] > git rev-parse --show-toplevel [10ms]
2023-11-30 14:23:42.562 [info] > git for-each-ref --format=%(refname)%00%(upstream:short)%00%(objectname)%00%(upstream:track)%00%(upstream:remotename)%00%(upstream:remoteref) refs/heads/main refs/remotes/main [2ms]
2023-11-30 14:23:42.621 [info] > git status -z -uall [53ms]
2023-11-30 14:23:42.622 [info] > git rev-parse --show-toplevel [41ms]
2023-11-30 14:23:42.647 [info] > git rev-parse --show-toplevel [3ms]
2023-11-30 14:23:42.659 [info] > git rev-parse --show-toplevel [3ms]
2023-11-30 14:23:42.689 [info] > git rev-parse --show-toplevel [22ms]
2023-11-30 14:23:42.696 [info] > git rev-parse --show-toplevel [2ms]
2023-11-30 14:23:42.710 [info] > git rev-parse --show-toplevel [1ms]
2023-11-30 14:23:42.726 [info] > git rev-parse --show-toplevel [3ms]
2023-11-30 14:23:42.734 [info] > git rev-parse --show-toplevel [1ms]
2023-11-30 14:23:42.742 [info] > git rev-parse --show-toplevel [1ms]
2023-11-30 14:23:42.753 [info] > git rev-parse --show-toplevel [1ms]
2023-11-30 14:23:43.018 [info] > git ls-files --stage -- /home/hardymn/javascript-exercises/08_calculator/calculator.js [248ms]
2023-11-30 14:23:43.178 [info] > git show --textconv :08_calculator/calculator.js [414ms]
2023-11-30 14:23:43.178 [info] > git cat-file -s c22e8d28640e26d23d0b663649e0f36519946e46 [153ms]
2023-11-30 14:35:57.139 [info] > git ls-files --stage -- /home/hardymn/javascript-exercises/08_calculator/solution/calculator-solution.js [18ms]
2023-11-30 14:35:57.151 [info] > git show --textconv :08_calculator/solution/calculator-solution.js [42ms]
2023-11-30 14:35:57.156 [info] > git cat-file -s b19538730619769bb7b7e5d92f5948a6f938291f [6ms]
2023-11-30 14:36:12.186 [info] > git show --textconv :08_calculator/calculator.spec.js [12ms]
2023-11-30 14:36:12.188 [info] > git ls-files --stage -- /home/hardymn/javascript-exercises/08_calculator/calculator.spec.js [6ms]
2023-11-30 14:36:12.199 [info] > git cat-file -s 48b08c9cb7025beb22c07dc57393972e17cb5499 [3ms]
2023-11-30 14:39:44.266 [info] > git check-ignore -v -z --stdin [5ms]
2023-11-30 14:39:56.767 [info] > git show --textconv :09_palindromes/palindromes.spec.js [6ms]
2023-11-30 14:39:56.768 [info] > git ls-files --stage -- /home/hardymn/javascript-exercises/09_palindromes/palindromes.spec.js [2ms]
2023-11-30 14:39:56.775 [info] > git cat-file -s 90d53e49a919d69555cffe857d09c42d1d558fa0 [3ms]
2023-11-30 14:40:00.407 [info] > git show --textconv :08_calculator/calculator.js [9ms]
2023-11-30 14:40:00.409 [info] > git ls-files --stage -- /home/hardymn/javascript-exercises/08_calculator/calculator.js [3ms]
2023-11-30 14:40:00.416 [info] > git cat-file -s c22e8d28640e26d23d0b663649e0f36519946e46 [1ms]
2023-11-30 14:40:02.893 [info] > git show --textconv :09_palindromes/palindromes.spec.js [9ms]
2023-11-30 14:40:02.895 [info] > git ls-files --stage -- /home/hardymn/javascript-exercises/09_palindromes/palindromes.spec.js [3ms]
2023-11-30 14:40:02.900 [info] > git cat-file -s 90d53e49a919d69555cffe857d09c42d1d558fa0 [1ms]
2023-11-30 14:40:04.157 [info] > git show --textconv :08_calculator/calculator.spec.js [9ms]
2023-11-30 14:40:04.158 [info] > git ls-files --stage -- /home/hardymn/javascript-exercises/08_calculator/calculator.spec.js [2ms]
2023-11-30 14:40:04.173 [info] > git cat-file -s 48b08c9cb7025beb22c07dc57393972e17cb5499 [5ms]
2023-11-30 14:40:07.312 [info] > git show --textconv :09_palindromes/palindromes.spec.js [6ms]
2023-11-30 14:40:07.313 [info] > git ls-files --stage -- /home/hardymn/javascript-exercises/09_palindromes/palindromes.spec.js [2ms]
2023-11-30 14:40:07.320 [info] > git cat-file -s 90d53e49a919d69555cffe857d09c42d1d558fa0 [2ms]
2023-11-30 14:40:12.830 [info] > git show --textconv :09_palindromes/palindromes.js [10ms]
2023-11-30 14:40:12.832 [info] > git ls-files --stage -- /home/hardymn/javascript-exercises/09_palindromes/palindromes.js [3ms]
2023-11-30 14:40:12.839 [info] > git cat-file -s 8d2101875c63ae1210fd795fd2270aa1858ba907 [1ms]
2023-11-30 14:40:17.964 [info] > git show --textconv :09_palindromes/README.md [49ms]
2023-11-30 14:40:17.964 [info] > git ls-files --stage -- /home/hardymn/javascript-exercises/09_palindromes/README.md [36ms]
2023-11-30 14:40:17.975 [info] > git cat-file -s b924a45a4db758d31709fcaa6dce624415aaf6d5 [3ms]
2023-11-30 14:40:21.532 [info] > git show --textconv :08_calculator/README.md [9ms]
2023-11-30 14:40:21.532 [info] > git ls-files --stage -- /home/hardymn/javascript-exercises/08_calculator/README.md [3ms]
2023-11-30 14:40:21.540 [info] > git cat-file -s e50b77603981d9a837b2b60d8b00acbb1af42f3f [3ms]
2023-11-30 14:40:22.416 [info] > git show --textconv :09_palindromes/README.md [5ms]
2023-11-30 14:40:22.417 [info] > git ls-files --stage -- /home/hardymn/javascript-exercises/09_palindromes/README.md [2ms]
2023-11-30 14:40:22.424 [info] > git cat-file -s b924a45a4db758d31709fcaa6dce624415aaf6d5 [0ms]
2023-11-30 14:40:26.206 [info] > git show --textconv :09_palindromes/palindromes.spec.js [7ms]
2023-11-30 14:40:26.207 [info] > git ls-files --stage -- /home/hardymn/javascript-exercises/09_palindromes/palindromes.spec.js [2ms]
2023-11-30 14:40:26.213 [info] > git cat-file -s 90d53e49a919d69555cffe857d09c42d1d558fa0 [1ms]
2023-11-30 14:40:27.717 [info] > git show --textconv :09_palindromes/README.md [9ms]
2023-11-30 14:40:27.718 [info] > git ls-files --stage -- /home/hardymn/javascript-exercises/09_palindromes/README.md [2ms]
2023-11-30 14:40:27.725 [info] > git cat-file -s b924a45a4db758d31709fcaa6dce624415aaf6d5 [1ms]
2023-11-30 14:42:00.306 [info] > git show --textconv :09_palindromes/palindromes.spec.js [13ms]
2023-11-30 14:42:00.310 [info] > git ls-files --stage -- /home/hardymn/javascript-exercises/09_palindromes/palindromes.spec.js [5ms]
2023-11-30 14:42:00.320 [info] > git cat-file -s 90d53e49a919d69555cffe857d09c42d1d558fa0 [2ms]
2023-11-30 14:42:22.175 [info] > git show --textconv :09_palindromes/palindromes.js [6ms]
2023-11-30 14:42:22.177 [info] > git ls-files --stage -- /home/hardymn/javascript-exercises/09_palindromes/palindromes.js [2ms]
2023-11-30 14:42:22.187 [info] > git cat-file -s 8d2101875c63ae1210fd795fd2270aa1858ba907 [2ms]
2023-11-30 14:42:25.799 [info] > git show --textconv :09_palindromes/palindromes.spec.js [7ms]
2023-11-30 14:42:25.800 [info] > git ls-files --stage -- /home/hardymn/javascript-exercises/09_palindromes/palindromes.spec.js [2ms]
2023-11-30 14:42:25.808 [info] > git cat-file -s 90d53e49a919d69555cffe857d09c42d1d558fa0 [1ms]
2023-11-30 14:43:56.588 [info] > git show --textconv :09_palindromes/README.md [9ms]
2023-11-30 14:43:56.589 [info] > git ls-files --stage -- /home/hardymn/javascript-exercises/09_palindromes/README.md [4ms]
2023-11-30 14:43:56.595 [info] > git cat-file -s b924a45a4db758d31709fcaa6dce624415aaf6d5 [1ms]
