2023-11-22 11:22:23.830 [info] Log level: Info
2023-11-22 11:22:23.831 [info] Validating found git in: "git"
2023-11-22 11:22:23.831 [info] Using git "2.34.1" from "git"
2023-11-22 11:22:23.831 [info] > git rev-parse --show-toplevel [83ms]
2023-11-22 11:22:23.831 [info] > git rev-parse --git-dir --git-common-dir [30ms]
2023-11-22 11:22:23.831 [info] Open repository: /home/hardymn/javascript-exercises
2023-11-22 11:22:23.831 [info] > git rev-parse --show-toplevel [15ms]
2023-11-22 11:22:23.831 [info] > git config --get commit.template [30ms]
2023-11-22 11:22:23.874 [info] > git rev-parse --show-toplevel [27ms]
2023-11-22 11:22:23.897 [info] > git rev-parse --show-toplevel [3ms]
2023-11-22 11:22:23.915 [info] > git for-each-ref --format=%(refname)%00%(upstream:short)%00%(objectname)%00%(upstream:track)%00%(upstream:remotename)%00%(upstream:remoteref) refs/heads/main refs/remotes/main [45ms]
2023-11-22 11:22:23.937 [info] > git rev-parse --show-toplevel [32ms]
2023-11-22 11:22:23.949 [info] > git status -z -uall [24ms]
2023-11-22 11:22:23.950 [info] > git rev-parse --show-toplevel [5ms]
2023-11-22 11:22:24.028 [info] > git config --get commit.template [9ms]
2023-11-22 11:22:24.029 [info] > git rev-parse --show-toplevel [19ms]
2023-11-22 11:22:24.072 [info] > git rev-parse --show-toplevel [31ms]
2023-11-22 11:22:24.236 [info] > git for-each-ref --format=%(refname)%00%(upstream:short)%00%(objectname)%00%(upstream:track)%00%(upstream:remotename)%00%(upstream:remoteref) refs/heads/main refs/remotes/main [177ms]
2023-11-22 11:22:24.278 [info] > git status -z -uall [19ms]
2023-11-22 11:22:24.278 [info] > git rev-parse --show-toplevel [11ms]
2023-11-22 11:22:24.447 [info] > git rev-parse --show-toplevel [139ms]
2023-11-22 11:22:24.474 [info] > git rev-parse --show-toplevel [2ms]
2023-11-22 11:22:24.512 [info] > git rev-parse --show-toplevel [17ms]
2023-11-22 11:22:24.533 [info] > git rev-parse --show-toplevel [7ms]
2023-11-22 11:22:24.551 [info] > git rev-parse --show-toplevel [5ms]
2023-11-22 11:22:24.570 [info] > git rev-parse --show-toplevel [6ms]
2023-11-22 11:22:24.618 [info] > git check-ignore -v -z --stdin [22ms]
2023-11-22 11:22:24.627 [info] > git rev-parse --show-toplevel [18ms]
2023-11-22 11:22:24.653 [info] > git rev-parse --show-toplevel [13ms]
2023-11-22 11:22:25.870 [info] > git check-ignore -v -z --stdin [3ms]
2023-11-22 11:22:26.722 [info] > git check-ignore -v -z --stdin [1ms]
2023-11-22 11:22:27.613 [info] > git check-ignore -v -z --stdin [1ms]
2023-11-22 11:22:28.738 [info] > git check-ignore -v -z --stdin [2ms]
2023-11-22 11:22:29.738 [info] > git check-ignore -v -z --stdin [1ms]
2023-11-22 11:22:30.637 [info] > git check-ignore -v -z --stdin [1ms]
2023-11-22 11:22:33.748 [info] > git show --textconv :08_calculator/calculator.spec.js [41ms]
2023-11-22 11:22:33.749 [info] > git ls-files --stage -- /home/hardymn/javascript-exercises/08_calculator/calculator.spec.js [3ms]
2023-11-22 11:22:33.759 [info] > git cat-file -s 48b08c9cb7025beb22c07dc57393972e17cb5499 [2ms]
2023-11-22 11:22:36.670 [info] > git show --textconv :08_calculator/README.md [76ms]
2023-11-22 11:22:36.670 [info] > git ls-files --stage -- /home/hardymn/javascript-exercises/08_calculator/README.md [52ms]
2023-11-22 11:22:36.694 [info] > git cat-file -s e50b77603981d9a837b2b60d8b00acbb1af42f3f [2ms]
2023-11-22 11:22:43.771 [info] > git show --textconv :08_calculator/calculator.spec.js [10ms]
2023-11-22 11:22:43.773 [info] > git ls-files --stage -- /home/hardymn/javascript-exercises/08_calculator/calculator.spec.js [6ms]
2023-11-22 11:22:43.782 [info] > git cat-file -s 48b08c9cb7025beb22c07dc57393972e17cb5499 [2ms]
2023-11-22 11:22:45.856 [info] > git show --textconv :08_calculator/README.md [6ms]
2023-11-22 11:22:45.856 [info] > git ls-files --stage -- /home/hardymn/javascript-exercises/08_calculator/README.md [2ms]
2023-11-22 11:22:45.863 [info] > git cat-file -s e50b77603981d9a837b2b60d8b00acbb1af42f3f [1ms]
2023-11-22 11:22:47.450 [info] > git show --textconv :08_calculator/calculator.js [5ms]
2023-11-22 11:22:47.450 [info] > git ls-files --stage -- /home/hardymn/javascript-exercises/08_calculator/calculator.js [1ms]
2023-11-22 11:22:47.457 [info] > git cat-file -s c22e8d28640e26d23d0b663649e0f36519946e46 [2ms]
2023-11-22 11:22:49.358 [info] > git show --textconv :08_calculator/calculator.spec.js [8ms]
2023-11-22 11:22:49.359 [info] > git ls-files --stage -- /home/hardymn/javascript-exercises/08_calculator/calculator.spec.js [3ms]
2023-11-22 11:22:49.368 [info] > git cat-file -s 48b08c9cb7025beb22c07dc57393972e17cb5499 [3ms]
2023-11-22 11:22:50.639 [info] > git show --textconv :08_calculator/calculator.js [6ms]
2023-11-22 11:22:50.640 [info] > git ls-files --stage -- /home/hardymn/javascript-exercises/08_calculator/calculator.js [2ms]
2023-11-22 11:22:50.646 [info] > git cat-file -s c22e8d28640e26d23d0b663649e0f36519946e46 [1ms]
2023-11-22 11:22:51.572 [info] > git show --textconv :08_calculator/README.md [6ms]
2023-11-22 11:22:51.574 [info] > git ls-files --stage -- /home/hardymn/javascript-exercises/08_calculator/README.md [3ms]
2023-11-22 11:22:51.581 [info] > git cat-file -s e50b77603981d9a837b2b60d8b00acbb1af42f3f [1ms]
2023-11-22 11:22:59.919 [info] > git show --textconv :08_calculator/calculator.spec.js [8ms]
2023-11-22 11:22:59.920 [info] > git ls-files --stage -- /home/hardymn/javascript-exercises/08_calculator/calculator.spec.js [3ms]
2023-11-22 11:22:59.927 [info] > git cat-file -s 48b08c9cb7025beb22c07dc57393972e17cb5499 [1ms]
2023-11-22 11:23:01.806 [info] > git show --textconv :08_calculator/calculator.js [7ms]
2023-11-22 11:23:01.811 [info] > git ls-files --stage -- /home/hardymn/javascript-exercises/08_calculator/calculator.js [7ms]
2023-11-22 11:23:01.819 [info] > git cat-file -s c22e8d28640e26d23d0b663649e0f36519946e46 [1ms]
2023-11-22 11:23:04.988 [info] > git show --textconv :08_calculator/README.md [15ms]
2023-11-22 11:23:04.991 [info] > git ls-files --stage -- /home/hardymn/javascript-exercises/08_calculator/README.md [3ms]
2023-11-22 11:23:05.004 [info] > git cat-file -s e50b77603981d9a837b2b60d8b00acbb1af42f3f [5ms]
2023-11-22 11:23:08.240 [info] > git show --textconv :08_calculator/calculator.spec.js [11ms]
2023-11-22 11:23:08.244 [info] > git ls-files --stage -- /home/hardymn/javascript-exercises/08_calculator/calculator.spec.js [6ms]
2023-11-22 11:23:08.253 [info] > git cat-file -s 48b08c9cb7025beb22c07dc57393972e17cb5499 [1ms]
2023-11-22 11:23:15.972 [info] > git show --textconv :08_calculator/README.md [8ms]
2023-11-22 11:23:15.973 [info] > git ls-files --stage -- /home/hardymn/javascript-exercises/08_calculator/README.md [2ms]
2023-11-22 11:23:15.982 [info] > git cat-file -s e50b77603981d9a837b2b60d8b00acbb1af42f3f [2ms]
2023-11-22 11:23:30.093 [info] > git show --textconv :08_calculator/calculator.js [7ms]
2023-11-22 11:23:30.093 [info] > git ls-files --stage -- /home/hardymn/javascript-exercises/08_calculator/calculator.js [2ms]
2023-11-22 11:23:30.099 [info] > git cat-file -s c22e8d28640e26d23d0b663649e0f36519946e46 [2ms]
2023-11-22 11:23:36.379 [info] > git show --textconv :08_calculator/calculator.spec.js [6ms]
2023-11-22 11:23:36.380 [info] > git ls-files --stage -- /home/hardymn/javascript-exercises/08_calculator/calculator.spec.js [2ms]
2023-11-22 11:23:36.386 [info] > git cat-file -s 48b08c9cb7025beb22c07dc57393972e17cb5499 [2ms]
2023-11-22 17:45:44.069 [info] > git check-ignore -v -z --stdin [187ms]
2023-11-22 17:45:58.155 [info] > git show --textconv :08_calculator/README.md [33ms]
2023-11-22 17:45:58.170 [info] > git ls-files --stage -- /home/hardymn/javascript-exercises/08_calculator/README.md [14ms]
2023-11-22 17:45:58.220 [info] > git cat-file -s e50b77603981d9a837b2b60d8b00acbb1af42f3f [2ms]
2023-11-22 17:46:10.418 [info] > git show --textconv :08_calculator/calculator.js [35ms]
2023-11-22 17:46:10.418 [info] > git ls-files --stage -- /home/hardymn/javascript-exercises/08_calculator/calculator.js [4ms]
2023-11-22 17:46:10.455 [info] > git cat-file -s c22e8d28640e26d23d0b663649e0f36519946e46 [3ms]
2023-11-22 17:46:12.140 [info] > git ls-files --stage -- /home/hardymn/javascript-exercises/08_calculator/calculator.spec.js [1ms]
2023-11-22 17:46:12.148 [info] > git show --textconv :08_calculator/calculator.spec.js [18ms]
2023-11-22 17:46:12.150 [info] > git cat-file -s 48b08c9cb7025beb22c07dc57393972e17cb5499 [3ms]
2023-11-22 17:46:14.245 [info] > git show --textconv :08_calculator/calculator.js [10ms]
2023-11-22 17:46:14.246 [info] > git ls-files --stage -- /home/hardymn/javascript-exercises/08_calculator/calculator.js [2ms]
2023-11-22 17:46:14.257 [info] > git cat-file -s c22e8d28640e26d23d0b663649e0f36519946e46 [2ms]
2023-11-22 17:46:16.940 [info] > git show --textconv :08_calculator/calculator.spec.js [13ms]
2023-11-22 17:46:16.944 [info] > git ls-files --stage -- /home/hardymn/javascript-exercises/08_calculator/calculator.spec.js [5ms]
2023-11-22 17:46:16.984 [info] > git cat-file -s 48b08c9cb7025beb22c07dc57393972e17cb5499 [2ms]
2023-11-22 17:46:19.688 [info] > git show --textconv :08_calculator/calculator.js [12ms]
2023-11-22 17:46:19.690 [info] > git ls-files --stage -- /home/hardymn/javascript-exercises/08_calculator/calculator.js [5ms]
2023-11-22 17:46:19.700 [info] > git cat-file -s c22e8d28640e26d23d0b663649e0f36519946e46 [2ms]
2023-11-22 17:46:32.730 [info] > git show --textconv :08_calculator/calculator.spec.js [14ms]
2023-11-22 17:46:32.731 [info] > git ls-files --stage -- /home/hardymn/javascript-exercises/08_calculator/calculator.spec.js [2ms]
2023-11-22 17:46:32.747 [info] > git cat-file -s 48b08c9cb7025beb22c07dc57393972e17cb5499 [3ms]
2023-11-22 17:46:41.766 [info] > git show --textconv :08_calculator/calculator.js [6ms]
2023-11-22 17:46:41.767 [info] > git ls-files --stage -- /home/hardymn/javascript-exercises/08_calculator/calculator.js [2ms]
2023-11-22 17:46:41.774 [info] > git cat-file -s c22e8d28640e26d23d0b663649e0f36519946e46 [1ms]
2023-11-22 17:46:44.362 [info] > git show --textconv :08_calculator/calculator.spec.js [13ms]
2023-11-22 17:46:44.363 [info] > git ls-files --stage -- /home/hardymn/javascript-exercises/08_calculator/calculator.spec.js [2ms]
2023-11-22 17:46:44.370 [info] > git cat-file -s 48b08c9cb7025beb22c07dc57393972e17cb5499 [1ms]
2023-11-22 17:47:16.600 [info] > git show --textconv :08_calculator/calculator.js [29ms]
2023-11-22 17:47:16.600 [info] > git ls-files --stage -- /home/hardymn/javascript-exercises/08_calculator/calculator.js [11ms]
2023-11-22 17:47:16.618 [info] > git cat-file -s c22e8d28640e26d23d0b663649e0f36519946e46 [10ms]
2023-11-22 17:47:21.994 [info] > git show --textconv :08_calculator/README.md [12ms]
2023-11-22 17:47:21.995 [info] > git ls-files --stage -- /home/hardymn/javascript-exercises/08_calculator/README.md [2ms]
2023-11-22 17:47:22.023 [info] > git cat-file -s e50b77603981d9a837b2b60d8b00acbb1af42f3f [8ms]
2023-11-22 17:47:29.136 [info] > git show --textconv :08_calculator/calculator.js [12ms]
2023-11-22 17:47:29.139 [info] > git ls-files --stage -- /home/hardymn/javascript-exercises/08_calculator/calculator.js [4ms]
2023-11-22 17:47:29.153 [info] > git cat-file -s c22e8d28640e26d23d0b663649e0f36519946e46 [6ms]
2023-11-22 17:47:32.357 [info] > git show --textconv :08_calculator/calculator.spec.js [13ms]
2023-11-22 17:47:32.357 [info] > git ls-files --stage -- /home/hardymn/javascript-exercises/08_calculator/calculator.spec.js [3ms]
2023-11-22 17:47:32.368 [info] > git cat-file -s 48b08c9cb7025beb22c07dc57393972e17cb5499 [2ms]
2023-11-22 17:48:06.870 [info] > git show --textconv :08_calculator/calculator.js [15ms]
2023-11-22 17:48:06.874 [info] > git ls-files --stage -- /home/hardymn/javascript-exercises/08_calculator/calculator.js [10ms]
2023-11-22 17:48:06.888 [info] > git cat-file -s c22e8d28640e26d23d0b663649e0f36519946e46 [6ms]
2023-11-22 17:48:10.224 [info] > git show --textconv :08_calculator/calculator.spec.js [21ms]
2023-11-22 17:48:10.233 [info] > git ls-files --stage -- /home/hardymn/javascript-exercises/08_calculator/calculator.spec.js [9ms]
2023-11-22 17:48:10.245 [info] > git cat-file -s 48b08c9cb7025beb22c07dc57393972e17cb5499 [1ms]
2023-11-22 17:48:17.863 [info] > git show --textconv :08_calculator/README.md [29ms]
2023-11-22 17:48:17.864 [info] > git ls-files --stage -- /home/hardymn/javascript-exercises/08_calculator/README.md [11ms]
2023-11-22 17:48:17.877 [info] > git cat-file -s e50b77603981d9a837b2b60d8b00acbb1af42f3f [3ms]
2023-11-22 17:48:26.323 [info] > git show --textconv :08_calculator/calculator.js [11ms]
2023-11-22 17:48:26.324 [info] > git ls-files --stage -- /home/hardymn/javascript-exercises/08_calculator/calculator.js [3ms]
2023-11-22 17:48:26.338 [info] > git cat-file -s c22e8d28640e26d23d0b663649e0f36519946e46 [7ms]
2023-11-22 18:05:29.700 [info] > git show --textconv :08_calculator/calculator.spec.js [7ms]
2023-11-22 18:05:29.700 [info] > git ls-files --stage -- /home/hardymn/javascript-exercises/08_calculator/calculator.spec.js [1ms]
2023-11-22 18:05:29.707 [info] > git cat-file -s 48b08c9cb7025beb22c07dc57393972e17cb5499 [1ms]
2023-11-22 18:05:39.660 [info] > git show --textconv :08_calculator/calculator.js [17ms]
2023-11-22 18:05:39.660 [info] > git ls-files --stage -- /home/hardymn/javascript-exercises/08_calculator/calculator.js [5ms]
2023-11-22 18:05:39.682 [info] > git cat-file -s c22e8d28640e26d23d0b663649e0f36519946e46 [13ms]
2023-11-22 18:05:41.663 [info] > git show --textconv :08_calculator/calculator.spec.js [14ms]
2023-11-22 18:05:41.665 [info] > git ls-files --stage -- /home/hardymn/javascript-exercises/08_calculator/calculator.spec.js [3ms]
2023-11-22 18:05:41.673 [info] > git cat-file -s 48b08c9cb7025beb22c07dc57393972e17cb5499 [1ms]
2023-11-22 18:05:51.560 [info] > git show --textconv :08_calculator/calculator.js [18ms]
2023-11-22 18:05:51.570 [info] > git ls-files --stage -- /home/hardymn/javascript-exercises/08_calculator/calculator.js [15ms]
2023-11-22 18:05:51.582 [info] > git cat-file -s c22e8d28640e26d23d0b663649e0f36519946e46 [2ms]
2023-11-22 18:07:35.275 [info] > git show --textconv :08_calculator/calculator.spec.js [10ms]
2023-11-22 18:07:35.277 [info] > git ls-files --stage -- /home/hardymn/javascript-exercises/08_calculator/calculator.spec.js [3ms]
2023-11-22 18:07:35.285 [info] > git cat-file -s 48b08c9cb7025beb22c07dc57393972e17cb5499 [1ms]
2023-11-22 18:08:23.289 [info] > git show --textconv :08_calculator/calculator.js [13ms]
2023-11-22 18:08:23.290 [info] > git ls-files --stage -- /home/hardymn/javascript-exercises/08_calculator/calculator.js [2ms]
2023-11-22 18:08:23.303 [info] > git cat-file -s c22e8d28640e26d23d0b663649e0f36519946e46 [5ms]
2023-11-22 18:08:29.399 [info] > git show --textconv :08_calculator/README.md [19ms]
2023-11-22 18:08:29.408 [info] > git ls-files --stage -- /home/hardymn/javascript-exercises/08_calculator/README.md [11ms]
2023-11-22 18:08:29.425 [info] > git cat-file -s e50b77603981d9a837b2b60d8b00acbb1af42f3f [5ms]
2023-11-22 18:10:33.619 [info] > git show --textconv :08_calculator/calculator.js [19ms]
2023-11-22 18:10:33.622 [info] > git ls-files --stage -- /home/hardymn/javascript-exercises/08_calculator/calculator.js [10ms]
2023-11-22 18:10:33.642 [info] > git cat-file -s c22e8d28640e26d23d0b663649e0f36519946e46 [10ms]
2023-11-22 18:11:37.556 [info] > git show --textconv :08_calculator/calculator.spec.js [18ms]
2023-11-22 18:11:37.558 [info] > git ls-files --stage -- /home/hardymn/javascript-exercises/08_calculator/calculator.spec.js [9ms]
2023-11-22 18:11:37.575 [info] > git cat-file -s 48b08c9cb7025beb22c07dc57393972e17cb5499 [8ms]
2023-11-22 19:00:08.137 [info] > git ls-files --stage -- /home/hardymn/javascript-exercises/08_calculator/calculator.js [57ms]
2023-11-22 19:00:08.306 [info] > git show --textconv :08_calculator/calculator.js [467ms]
2023-11-22 19:00:08.321 [info] > git cat-file -s c22e8d28640e26d23d0b663649e0f36519946e46 [17ms]
2023-11-22 19:11:07.194 [info] > git config --get commit.template [66ms]
2023-11-22 19:11:07.222 [info] > git for-each-ref --format=%(refname)%00%(upstream:short)%00%(objectname)%00%(upstream:track)%00%(upstream:remotename)%00%(upstream:remoteref) refs/heads/main refs/remotes/main [39ms]
2023-11-22 19:11:07.352 [info] > git status -z -uall [80ms]
2023-11-22 19:19:39.271 [info] > git show --textconv :08_calculator/calculator.spec.js [59ms]
2023-11-22 19:19:39.273 [info] > git ls-files --stage -- /home/hardymn/javascript-exercises/08_calculator/calculator.spec.js [7ms]
2023-11-22 19:19:39.336 [info] > git cat-file -s 48b08c9cb7025beb22c07dc57393972e17cb5499 [7ms]
2023-11-22 19:20:56.058 [info] > git config --get commit.template [29ms]
2023-11-22 19:20:56.060 [info] > git for-each-ref --format=%(refname)%00%(upstream:short)%00%(objectname)%00%(upstream:track)%00%(upstream:remotename)%00%(upstream:remoteref) refs/heads/main refs/remotes/main [7ms]
2023-11-22 19:20:56.105 [info] > git status -z -uall [13ms]
