2023-12-03 17:31:17.346 [info] Log level: Info
2023-12-03 17:31:17.346 [info] Validating found git in: "git"
2023-12-03 17:31:17.346 [info] Using git "2.34.1" from "git"
2023-12-03 17:31:17.346 [info] > git rev-parse --show-toplevel [7ms]
2023-12-03 17:31:17.346 [info] > git rev-parse --git-dir --git-common-dir [53ms]
2023-12-03 17:31:17.346 [info] Open repository: /home/hardymn
2023-12-03 17:31:17.346 [info] > git rev-parse --show-toplevel [4ms]
2023-12-03 17:31:17.346 [info] > git config --get commit.template [21ms]
2023-12-03 17:31:17.358 [info] > git for-each-ref --format=%(refname)%00%(upstream:short)%00%(objectname)%00%(upstream:track)%00%(upstream:remotename)%00%(upstream:remoteref) refs/heads/master refs/remotes/master [2ms]
2023-12-03 17:31:17.488 [info] > git status -z -uall [121ms]
2023-12-03 17:31:17.564 [info] > git config --get commit.template [20ms]
2023-12-03 17:31:17.568 [info] > git for-each-ref --format=%(refname)%00%(upstream:short)%00%(objectname)%00%(upstream:track)%00%(upstream:remotename)%00%(upstream:remoteref) refs/heads/master refs/remotes/master [16ms]
2023-12-03 17:31:17.663 [info] > git status -z -uall [88ms]
2023-12-03 17:31:17.858 [info] > git check-ignore -v -z --stdin [4ms]
2023-12-03 17:31:18.050 [info] > git ls-files --stage -- /home/hardymn/repos/calculator/calculator.css [6ms]
2023-12-03 17:31:18.060 [info] > git show --textconv :repos/calculator/calculator.css [26ms]
2023-12-03 17:31:18.066 [info] > git cat-file -s 406ab7b0a9e83990059b3571824024ab2c1cf7db [7ms]
2023-12-03 17:31:21.005 [info] > git config --get commit.template [2ms]
2023-12-03 17:31:21.015 [info] > git for-each-ref --format=%(refname)%00%(upstream:short)%00%(objectname)%00%(upstream:track)%00%(upstream:remotename)%00%(upstream:remoteref) refs/heads/master refs/remotes/master [2ms]
2023-12-03 17:31:21.077 [info] > git status -z -uall [55ms]
2023-12-03 17:31:22.053 [info] > git check-ignore -v -z --stdin [4ms]
2023-12-03 17:31:26.094 [info] > git config --get commit.template [2ms]
2023-12-03 17:31:26.105 [info] > git for-each-ref --format=%(refname)%00%(upstream:short)%00%(objectname)%00%(upstream:track)%00%(upstream:remotename)%00%(upstream:remoteref) refs/heads/master refs/remotes/master [1ms]
2023-12-03 17:31:26.168 [info] > git status -z -uall [54ms]
2023-12-03 17:31:26.838 [info] > git check-ignore -v -z --stdin [4ms]
2023-12-03 17:31:31.186 [info] > git config --get commit.template [1ms]
2023-12-03 17:31:31.196 [info] > git for-each-ref --format=%(refname)%00%(upstream:short)%00%(objectname)%00%(upstream:track)%00%(upstream:remotename)%00%(upstream:remoteref) refs/heads/master refs/remotes/master [2ms]
2023-12-03 17:31:31.250 [info] > git status -z -uall [46ms]
2023-12-03 17:31:33.085 [info] > git show --textconv HEAD:repos/calculator/calculator.css [9ms]
2023-12-03 17:31:33.086 [info] > git ls-tree -l HEAD -- /home/hardymn/repos/calculator/calculator.css [2ms]
2023-12-03 17:31:36.268 [info] > git config --get commit.template [3ms]
2023-12-03 17:31:36.277 [info] > git for-each-ref --format=%(refname)%00%(upstream:short)%00%(objectname)%00%(upstream:track)%00%(upstream:remotename)%00%(upstream:remoteref) refs/heads/master refs/remotes/master [2ms]
2023-12-03 17:31:36.344 [info] > git status -z -uall [59ms]
2023-12-03 17:31:41.367 [info] > git config --get commit.template [2ms]
2023-12-03 17:31:41.379 [info] > git for-each-ref --format=%(refname)%00%(upstream:short)%00%(objectname)%00%(upstream:track)%00%(upstream:remotename)%00%(upstream:remoteref) refs/heads/master refs/remotes/master [2ms]
2023-12-03 17:31:41.458 [info] > git status -z -uall [71ms]
2023-12-03 17:31:45.398 [info] > git show --textconv :repos/calculator/calculator.css [15ms]
2023-12-03 17:31:45.407 [info] > git ls-files --stage -- /home/hardymn/repos/calculator/calculator.css [12ms]
2023-12-03 17:31:45.417 [info] > git cat-file -s 406ab7b0a9e83990059b3571824024ab2c1cf7db [2ms]
2023-12-03 17:31:46.487 [info] > git config --get commit.template [10ms]
2023-12-03 17:31:46.487 [info] > git for-each-ref --format=%(refname)%00%(upstream:short)%00%(objectname)%00%(upstream:track)%00%(upstream:remotename)%00%(upstream:remoteref) refs/heads/master refs/remotes/master [2ms]
2023-12-03 17:31:46.541 [info] > git status -z -uall [47ms]
2023-12-03 17:31:51.557 [info] > git config --get commit.template [2ms]
2023-12-03 17:31:51.575 [info] > git for-each-ref --format=%(refname)%00%(upstream:short)%00%(objectname)%00%(upstream:track)%00%(upstream:remotename)%00%(upstream:remoteref) refs/heads/master refs/remotes/master [8ms]
2023-12-03 17:31:51.645 [info] > git status -z -uall [63ms]
2023-12-03 17:31:56.665 [info] > git config --get commit.template [1ms]
2023-12-03 17:31:56.672 [info] > git for-each-ref --format=%(refname)%00%(upstream:short)%00%(objectname)%00%(upstream:track)%00%(upstream:remotename)%00%(upstream:remoteref) refs/heads/master refs/remotes/master [1ms]
2023-12-03 17:31:56.735 [info] > git status -z -uall [57ms]
2023-12-03 17:31:58.494 [info] > git show --textconv :repos/calculator/calculator.html [14ms]
2023-12-03 17:31:58.496 [info] > git ls-files --stage -- /home/hardymn/repos/calculator/calculator.html [7ms]
2023-12-03 17:31:58.505 [info] > git cat-file -s e69de29bb2d1d6434b8b29ae775ad8c2e48c5391 [2ms]
2023-12-03 17:32:19.216 [info] > git config --get commit.template [3ms]
2023-12-03 17:32:19.233 [info] > git for-each-ref --format=%(refname)%00%(upstream:short)%00%(objectname)%00%(upstream:track)%00%(upstream:remotename)%00%(upstream:remoteref) refs/heads/master refs/remotes/master [2ms]
2023-12-03 17:32:19.319 [info] > git status -z -uall [74ms]
2023-12-03 17:32:19.985 [info] > git check-ignore -v -z --stdin [4ms]
2023-12-03 17:32:24.333 [info] > git config --get commit.template [1ms]
2023-12-03 17:32:24.340 [info] > git for-each-ref --format=%(refname)%00%(upstream:short)%00%(objectname)%00%(upstream:track)%00%(upstream:remotename)%00%(upstream:remoteref) refs/heads/master refs/remotes/master [0ms]
2023-12-03 17:32:24.405 [info] > git status -z -uall [59ms]
2023-12-03 17:32:29.528 [info] > git config --get commit.template [4ms]
2023-12-03 17:32:29.542 [info] > git for-each-ref --format=%(refname)%00%(upstream:short)%00%(objectname)%00%(upstream:track)%00%(upstream:remotename)%00%(upstream:remoteref) refs/heads/master refs/remotes/master [2ms]
2023-12-03 17:32:29.654 [info] > git status -z -uall [101ms]
2023-12-03 17:32:29.654 [info] > git show --textconv :repos/calculator/calculator.js [72ms]
2023-12-03 17:32:29.660 [info] > git ls-files --stage -- /home/hardymn/repos/calculator/calculator.js [66ms]
2023-12-03 17:32:29.672 [info] > git cat-file -s fa450b2155132e6f38ad6c62574761c324cc5066 [5ms]
2023-12-03 17:32:35.047 [info] > git config --get commit.template [1ms]
2023-12-03 17:32:35.057 [info] > git for-each-ref --format=%(refname)%00%(upstream:short)%00%(objectname)%00%(upstream:track)%00%(upstream:remotename)%00%(upstream:remoteref) refs/heads/master refs/remotes/master [2ms]
2023-12-03 17:32:35.112 [info] > git status -z -uall [46ms]
2023-12-03 17:32:35.757 [info] > git check-ignore -v -z --stdin [3ms]
2023-12-03 17:32:40.127 [info] > git config --get commit.template [1ms]
2023-12-03 17:32:40.136 [info] > git for-each-ref --format=%(refname)%00%(upstream:short)%00%(objectname)%00%(upstream:track)%00%(upstream:remotename)%00%(upstream:remoteref) refs/heads/master refs/remotes/master [3ms]
2023-12-03 17:32:40.202 [info] > git status -z -uall [58ms]
2023-12-03 17:32:45.215 [info] > git config --get commit.template [1ms]
2023-12-03 17:32:45.225 [info] > git for-each-ref --format=%(refname)%00%(upstream:short)%00%(objectname)%00%(upstream:track)%00%(upstream:remotename)%00%(upstream:remoteref) refs/heads/master refs/remotes/master [2ms]
2023-12-03 17:32:45.278 [info] > git status -z -uall [47ms]
2023-12-03 17:32:54.359 [info] > git config --get commit.template [2ms]
2023-12-03 17:32:54.378 [info] > git for-each-ref --format=%(refname)%00%(upstream:short)%00%(objectname)%00%(upstream:track)%00%(upstream:remotename)%00%(upstream:remoteref) refs/heads/master refs/remotes/master [2ms]
2023-12-03 17:32:54.489 [info] > git status -z -uall [86ms]
