0 verbose cli /home/hardymn/.nvm/versions/node/v18.18.0/bin/node /home/hardymn/.nvm/versions/node/v18.18.0/bin/npm
1 info using npm@9.8.1
2 info using node@v18.18.0
3 timing npm:load:whichnode Completed in 8ms
4 timing config:load:defaults Completed in 12ms
5 timing config:load:file:/home/hardymn/.nvm/versions/node/v18.18.0/lib/node_modules/npm/npmrc Completed in 23ms
6 timing config:load:builtin Completed in 25ms
7 timing config:load:cli Completed in 14ms
8 timing config:load:env Completed in 4ms
9 timing config:load:file:/home/hardymn/javascript-exercises/.npmrc Completed in 0ms
10 timing config:load:project Completed in 39ms
11 timing config:load:file:/home/hardymn/.npmrc Completed in 1ms
12 timing config:load:user Completed in 1ms
13 timing config:load:file:/home/hardymn/.nvm/versions/node/v18.18.0/etc/npmrc Completed in 9ms
14 timing config:load:global Completed in 10ms
15 timing config:load:setEnvs Completed in 6ms
16 timing config:load Completed in 112ms
17 timing npm:load:configload Completed in 112ms
18 timing config:load:flatten Completed in 15ms
19 timing npm:load:mkdirpcache Completed in 3ms
20 timing npm:load:mkdirplogs Completed in 0ms
21 verbose title npm test helloWorld.spec.js
22 verbose argv "test" "helloWorld.spec.js"
23 timing npm:load:setTitle Completed in 4ms
24 timing npm:load:display Completed in 2ms
25 verbose logfile logs-max:10 dir:/home/hardymn/.npm/_logs/2023-10-12T15_01_37_557Z-
26 verbose logfile /home/hardymn/.npm/_logs/2023-10-12T15_01_37_557Z-debug-0.log
27 timing npm:load:logFile Completed in 52ms
28 timing npm:load:timers Completed in 0ms
29 timing npm:load:configScope Completed in 0ms
30 timing npm:load Completed in 311ms
31 silly logfile done cleaning log files
32 timing command:run-script Completed in 8170ms
33 timing command:test Completed in 8221ms
34 verbose exit 1
35 timing npm Completed in 8805ms
36 verbose code 1
