0 verbose cli /home/hardymn/.nvm/versions/node/v18.18.0/bin/node /home/hardymn/.nvm/versions/node/v18.18.0/bin/npm
1 info using npm@9.8.1
2 info using node@v18.18.0
3 timing npm:load:whichnode Completed in 5ms
4 timing config:load:defaults Completed in 7ms
5 timing config:load:file:/home/hardymn/.nvm/versions/node/v18.18.0/lib/node_modules/npm/npmrc Completed in 16ms
6 timing config:load:builtin Completed in 17ms
7 timing config:load:cli Completed in 18ms
8 timing config:load:env Completed in 4ms
9 timing config:load:file:/home/hardymn/.cache/typescript/5.2/.npmrc Completed in 0ms
10 timing config:load:project Completed in 3ms
11 timing config:load:file:/home/hardymn/.npmrc Completed in 1ms
12 timing config:load:user Completed in 2ms
13 timing config:load:file:/home/hardymn/.nvm/versions/node/v18.18.0/etc/npmrc Completed in 0ms
14 timing config:load:global Completed in 0ms
15 timing config:load:setEnvs Completed in 1ms
16 timing config:load Completed in 55ms
17 timing npm:load:configload Completed in 55ms
18 timing config:load:flatten Completed in 7ms
19 timing npm:load:mkdirpcache Completed in 1ms
20 timing npm:load:mkdirplogs Completed in 1ms
21 verbose title npm install types-registry@latest
22 verbose argv "install" "--ignore-scripts" "types-registry@latest"
23 timing npm:load:setTitle Completed in 1ms
24 timing npm:load:display Completed in 2ms
25 verbose logfile logs-max:10 dir:/home/hardymn/.npm/_logs/2023-12-03T22_15_11_139Z-
26 verbose logfile /home/hardymn/.npm/_logs/2023-12-03T22_15_11_139Z-debug-0.log
27 timing npm:load:logFile Completed in 18ms
28 timing npm:load:timers Completed in 0ms
29 timing npm:load:configScope Completed in 0ms
30 timing npm:load Completed in 130ms
31 timing arborist:ctor Completed in 3ms
32 silly logfile start cleaning logs, removing 1 files
33 silly logfile done cleaning log files
34 timing idealTree:init Completed in 142ms
35 timing arborist:ctor Completed in 0ms
36 http fetch GET 200 https://registry.npmjs.org/types-registry 426ms (cache revalidated)
37 timing idealTree:userRequests Completed in 447ms
38 silly idealTree buildDeps
39 silly fetch manifest types-registry@0.1.673
40 silly placeDep ROOT types-registry@0.1.673 REPLACE for:  want: 0.1.673
41 timing idealTree:#root Completed in 15ms
42 timing idealTree:node_modules/types-registry Completed in 0ms
43 timing idealTree:buildDeps Completed in 17ms
44 timing idealTree:fixDepFlags Completed in 0ms
45 timing idealTree Completed in 613ms
46 timing reify:loadTrees Completed in 616ms
47 timing reify:diffTrees Completed in 4ms
48 silly reify moves {}
49 timing reify:retireShallow Completed in 3ms
50 timing reify:createSparse Completed in 1ms
51 timing reify:loadBundles Completed in 0ms
52 silly audit bulk request {
52 silly audit   '@types/eslint': [ '8.44.8' ],
52 silly audit   '@types/estree': [ '1.0.2' ],
52 silly audit   '@types/json-schema': [ '7.0.13' ],
52 silly audit   'types-registry': [ '0.1.673' ]
52 silly audit }
53 timing reify:unpack Completed in 1ms
54 timing reify:unretire Completed in 1ms
55 timing build:queue Completed in 1ms
56 timing build:deps Completed in 1ms
57 timing build Completed in 1ms
58 timing reify:build Completed in 1ms
59 timing reify:trash Completed in 0ms
60 timing reify:save Completed in 29ms
61 http fetch POST 200 https://registry.npmjs.org/-/npm/v1/security/advisories/bulk 151ms
62 timing auditReport:getReport Completed in 154ms
63 silly audit report {}
64 timing auditReport:init Completed in 0ms
65 timing reify:audit Completed in 156ms
66 timing reify Completed in 815ms
67 timing command:install Completed in 830ms
68 verbose exit 0
69 timing npm Completed in 2159ms
70 info ok
