0 verbose cli /home/hardymn/.nvm/versions/node/v18.18.0/bin/node /home/hardymn/.nvm/versions/node/v18.18.0/bin/npm
1 info using npm@9.8.1
2 info using node@v18.18.0
3 timing npm:load:whichnode Completed in 25ms
4 timing config:load:defaults Completed in 5ms
5 timing config:load:file:/home/hardymn/.nvm/versions/node/v18.18.0/lib/node_modules/npm/npmrc Completed in 3ms
6 timing config:load:builtin Completed in 3ms
7 timing config:load:cli Completed in 6ms
8 timing config:load:env Completed in 1ms
9 timing config:load:file:/home/hardymn/.cache/typescript/5.2/.npmrc Completed in 1ms
10 timing config:load:project Completed in 3ms
11 timing config:load:file:/home/hardymn/.npmrc Completed in 0ms
12 timing config:load:user Completed in 0ms
13 timing config:load:file:/home/hardymn/.nvm/versions/node/v18.18.0/etc/npmrc Completed in 0ms
14 timing config:load:global Completed in 0ms
15 timing config:load:setEnvs Completed in 1ms
16 timing config:load Completed in 20ms
17 timing npm:load:configload Completed in 20ms
18 timing config:load:flatten Completed in 6ms
19 timing npm:load:mkdirpcache Completed in 1ms
20 timing npm:load:mkdirplogs Completed in 0ms
21 verbose title npm install types-registry@latest
22 verbose argv "install" "--ignore-scripts" "types-registry@latest"
23 timing npm:load:setTitle Completed in 2ms
24 timing npm:load:display Completed in 1ms
25 verbose logfile logs-max:10 dir:/home/hardymn/.npm/_logs/2023-12-05T16_15_35_854Z-
26 verbose logfile /home/hardymn/.npm/_logs/2023-12-05T16_15_35_854Z-debug-0.log
27 timing npm:load:logFile Completed in 17ms
28 timing npm:load:timers Completed in 0ms
29 timing npm:load:configScope Completed in 0ms
30 timing npm:load Completed in 99ms
31 timing arborist:ctor Completed in 1ms
32 silly logfile start cleaning logs, removing 1 files
33 timing idealTree:init Completed in 103ms
34 silly logfile done cleaning log files
35 timing arborist:ctor Completed in 0ms
36 http fetch GET 200 https://registry.npmjs.org/types-registry 390ms (cache revalidated)
37 timing idealTree:userRequests Completed in 406ms
38 silly idealTree buildDeps
39 silly fetch manifest types-registry@0.1.673
40 silly placeDep ROOT types-registry@0.1.673 REPLACE for:  want: 0.1.673
41 timing idealTree:#root Completed in 8ms
42 timing idealTree:node_modules/types-registry Completed in 0ms
43 timing idealTree:buildDeps Completed in 9ms
44 timing idealTree:fixDepFlags Completed in 0ms
45 timing idealTree Completed in 522ms
46 timing reify:loadTrees Completed in 523ms
47 timing reify:diffTrees Completed in 2ms
48 silly reify moves {}
49 timing reify:retireShallow Completed in 3ms
50 timing reify:createSparse Completed in 0ms
51 timing reify:loadBundles Completed in 0ms
52 silly audit bulk request {
52 silly audit   '@types/eslint': [ '8.44.8' ],
52 silly audit   '@types/estree': [ '1.0.2' ],
52 silly audit   '@types/json-schema': [ '7.0.13' ],
52 silly audit   'types-registry': [ '0.1.673' ]
52 silly audit }
53 timing reify:unpack Completed in 1ms
54 timing reify:unretire Completed in 1ms
55 timing build:queue Completed in 0ms
56 timing build:deps Completed in 1ms
57 timing build Completed in 1ms
58 timing reify:build Completed in 2ms
59 timing reify:trash Completed in 0ms
60 timing reify:save Completed in 23ms
61 http fetch POST 200 https://registry.npmjs.org/-/npm/v1/security/advisories/bulk 207ms
62 timing auditReport:getReport Completed in 212ms
63 silly audit report {}
64 timing auditReport:init Completed in 0ms
65 timing reify:audit Completed in 214ms
66 timing reify Completed in 759ms
67 timing command:install Completed in 769ms
68 verbose exit 0
69 timing npm Completed in 1294ms
70 info ok
