0 verbose cli /home/hardymn/.nvm/versions/node/v18.18.0/bin/node /home/hardymn/.nvm/versions/node/v18.18.0/bin/npm
1 info using npm@9.8.1
2 info using node@v18.18.0
3 timing npm:load:whichnode Completed in 26ms
4 timing config:load:defaults Completed in 19ms
5 timing config:load:file:/home/hardymn/.nvm/versions/node/v18.18.0/lib/node_modules/npm/npmrc Completed in 12ms
6 timing config:load:builtin Completed in 13ms
7 timing config:load:cli Completed in 11ms
8 timing config:load:env Completed in 1ms
9 timing config:load:file:/home/hardymn/.cache/typescript/5.2/.npmrc Completed in 1ms
10 timing config:load:project Completed in 3ms
11 timing config:load:file:/home/hardymn/.npmrc Completed in 0ms
12 timing config:load:user Completed in 0ms
13 timing config:load:file:/home/hardymn/.nvm/versions/node/v18.18.0/etc/npmrc Completed in 0ms
14 timing config:load:global Completed in 4ms
15 timing config:load:setEnvs Completed in 4ms
16 timing config:load Completed in 59ms
17 timing npm:load:configload Completed in 60ms
18 timing config:load:flatten Completed in 7ms
19 timing npm:load:mkdirpcache Completed in 1ms
20 timing npm:load:mkdirplogs Completed in 2ms
21 verbose title npm install types-registry@latest
22 verbose argv "install" "--ignore-scripts" "types-registry@latest"
23 timing npm:load:setTitle Completed in 7ms
24 timing npm:load:display Completed in 4ms
25 verbose logfile logs-max:10 dir:/home/hardymn/.npm/_logs/2023-10-13T16_09_33_720Z-
26 verbose logfile /home/hardymn/.npm/_logs/2023-10-13T16_09_33_720Z-debug-0.log
27 timing npm:load:logFile Completed in 41ms
28 timing npm:load:timers Completed in 1ms
29 timing npm:load:configScope Completed in 0ms
30 timing npm:load Completed in 241ms
31 timing arborist:ctor Completed in 2ms
32 silly logfile done cleaning log files
33 timing idealTree:init Completed in 60ms
34 timing arborist:ctor Completed in 0ms
35 http fetch GET 200 https://registry.npmjs.org/types-registry 436ms (cache miss)
36 timing idealTree:userRequests Completed in 456ms
37 silly idealTree buildDeps
38 silly fetch manifest types-registry@0.1.664
39 silly placeDep ROOT types-registry@0.1.664 REPLACE for:  want: 0.1.664
40 timing idealTree:#root Completed in 18ms
41 timing idealTree:node_modules/types-registry Completed in 0ms
42 timing idealTree:buildDeps Completed in 20ms
43 timing idealTree:fixDepFlags Completed in 1ms
44 timing idealTree Completed in 541ms
45 timing reify:loadTrees Completed in 544ms
46 timing reify:diffTrees Completed in 9ms
47 silly reify moves {}
48 timing reify:retireShallow Completed in 3ms
49 timing reify:createSparse Completed in 0ms
50 timing reify:loadBundles Completed in 0ms
51 silly audit bulk request {
51 silly audit   '@types/eslint': [ '8.44.4' ],
51 silly audit   '@types/estree': [ '1.0.2' ],
51 silly audit   '@types/json-schema': [ '7.0.13' ],
51 silly audit   'types-registry': [ '0.1.664' ]
51 silly audit }
52 timing reify:unpack Completed in 1ms
53 timing reify:unretire Completed in 0ms
54 timing build:queue Completed in 0ms
55 timing build:deps Completed in 2ms
56 timing build Completed in 3ms
57 timing reify:build Completed in 4ms
58 timing reify:trash Completed in 0ms
59 timing reify:save Completed in 23ms
60 http fetch POST 200 https://registry.npmjs.org/-/npm/v1/security/advisories/bulk 147ms
61 timing auditReport:getReport Completed in 153ms
62 silly audit report {}
63 timing auditReport:init Completed in 0ms
64 timing reify:audit Completed in 154ms
65 timing reify Completed in 735ms
66 timing command:install Completed in 745ms
67 verbose exit 0
68 timing npm Completed in 2079ms
69 info ok
