2023-12-03 17:02:02.535 [info] Log level: Info
2023-12-03 17:02:02.535 [info] Validating found git in: "git"
2023-12-03 17:02:02.535 [info] Using git "2.34.1" from "git"
2023-12-03 17:02:02.535 [info] > git rev-parse --show-toplevel [104ms]
2023-12-03 17:02:02.535 [info] > git rev-parse --git-dir --git-common-dir [5ms]
2023-12-03 17:02:02.535 [info] Open repository: /home/hardymn
2023-12-03 17:02:02.562 [info] > git rev-parse --show-toplevel [14ms]
2023-12-03 17:02:02.563 [info] > git config --get commit.template [21ms]
2023-12-03 17:02:02.580 [info] > git rev-parse --show-toplevel [9ms]
2023-12-03 17:02:02.586 [info] > git for-each-ref --format=%(refname)%00%(upstream:short)%00%(objectname)%00%(upstream:track)%00%(upstream:remotename)%00%(upstream:remoteref) refs/heads/master refs/remotes/master [8ms]
2023-12-03 17:02:02.595 [info] > git rev-parse --git-dir --git-common-dir [9ms]
2023-12-03 17:02:02.600 [info] Open repository: /home/hardymn/repos/Etch-a-Sketch
2023-12-03 17:02:02.624 [info] > git rev-parse --show-toplevel [7ms]
2023-12-03 17:02:02.625 [info] > git config --get commit.template [16ms]
2023-12-03 17:02:02.658 [info] > git rev-parse --show-toplevel [17ms]
2023-12-03 17:02:02.675 [info] > git for-each-ref --format=%(refname)%00%(upstream:short)%00%(objectname)%00%(upstream:track)%00%(upstream:remotename)%00%(upstream:remoteref) refs/heads/main refs/remotes/main [25ms]
2023-12-03 17:02:02.689 [info] > git rev-parse --git-dir --git-common-dir [24ms]
2023-12-03 17:02:02.706 [info] Open repository: /home/hardymn/repos/css-exercises
2023-12-03 17:02:02.749 [info] > git status -z -uall [65ms]
2023-12-03 17:02:02.813 [info] > git rev-parse --show-toplevel [65ms]
2023-12-03 17:02:02.815 [info] > git config --get commit.template [80ms]
2023-12-03 17:02:02.831 [info] > git config --get commit.template [18ms]
2023-12-03 17:02:02.853 [info] > git rev-parse --show-toplevel [24ms]
2023-12-03 17:02:02.878 [info] > git status -z -uall [286ms]
2023-12-03 17:02:02.879 [info] > git for-each-ref --format=%(refname)%00%(upstream:short)%00%(objectname)%00%(upstream:track)%00%(upstream:remotename)%00%(upstream:remoteref) refs/heads/main refs/remotes/main [31ms]
2023-12-03 17:02:05.035 [info] > git status -z -uall [2147ms]
2023-12-03 17:02:05.053 [info] > git rev-parse --show-toplevel [2180ms]
2023-12-03 17:02:05.054 [info] > git for-each-ref --format=%(refname)%00%(upstream:short)%00%(objectname)%00%(upstream:track)%00%(upstream:remotename)%00%(upstream:remoteref) refs/heads/main refs/remotes/main [2190ms]
2023-12-03 17:02:05.252 [info] > git status -z -uall [184ms]
2023-12-03 17:02:05.253 [info] > git check-ignore -v -z --stdin [174ms]
2023-12-03 17:02:05.256 [info] > git check-ignore -v -z --stdin [167ms]
2023-12-03 17:02:05.257 [info] > git check-ignore -v -z --stdin [162ms]
2023-12-03 17:02:05.269 [info] > git config --get commit.template [358ms]
2023-12-03 17:02:05.276 [info] > git rev-parse --git-dir --git-common-dir [34ms]
2023-12-03 17:02:05.293 [info] Open repository: /home/hardymn/repos/member-montel-rockpaperscissors
2023-12-03 17:02:05.306 [info] > git config --get commit.template [78ms]
2023-12-03 17:02:05.368 [info] > git rev-parse --show-toplevel [14ms]
2023-12-03 17:02:05.369 [info] > git config --get commit.template [31ms]
2023-12-03 17:02:05.369 [info] > git for-each-ref --format=%(refname)%00%(upstream:short)%00%(objectname)%00%(upstream:track)%00%(upstream:remotename)%00%(upstream:remoteref) refs/heads/master refs/remotes/master [52ms]
2023-12-03 17:02:05.434 [info] > git for-each-ref --format=%(refname)%00%(upstream:short)%00%(objectname)%00%(upstream:track)%00%(upstream:remotename)%00%(upstream:remoteref) refs/heads/main refs/remotes/main [70ms]
2023-12-03 17:02:05.466 [info] > git rev-parse --git-dir --git-common-dir [37ms]
2023-12-03 17:02:05.486 [info] Open repository: /home/hardymn/repos/odin-recipes
2023-12-03 17:02:05.625 [info] > git status -z -uall [181ms]
2023-12-03 17:02:05.626 [info] > git show --textconv :repos/calculator/calculator.html [98ms]
2023-12-03 17:02:05.632 [info] > git ls-files --stage -- /home/hardymn/repos/calculator/calculator.html [90ms]
2023-12-03 17:02:05.634 [info] > git for-each-ref --format=%(refname)%00%(upstream:short)%00%(objectname)%00%(upstream:track)%00%(upstream:remotename)%00%(upstream:remoteref) refs/heads/main refs/remotes/main [170ms]
2023-12-03 17:02:05.656 [info] > git status -z -uall [13ms]
2023-12-03 17:02:05.669 [info] > git config --get commit.template [108ms]
2023-12-03 17:02:05.704 [info] > git status -z -uall [299ms]
2023-12-03 17:02:05.704 [info] > git config --get commit.template [26ms]
2023-12-03 17:02:05.707 [info] > git for-each-ref --format=%(refname)%00%(upstream:short)%00%(objectname)%00%(upstream:track)%00%(upstream:remotename)%00%(upstream:remoteref) refs/heads/main refs/remotes/main [6ms]
2023-12-03 17:02:07.397 [info] > git status -z -uall [1681ms]
2023-12-03 17:02:07.620 [info] > git check-ignore -v -z --stdin [143ms]
2023-12-03 17:02:07.624 [info] > git check-ignore -v -z --stdin [121ms]
2023-12-03 17:02:07.629 [info] > git check-ignore -v -z --stdin [104ms]
2023-12-03 17:02:07.632 [info] > git check-ignore -v -z --stdin [84ms]
2023-12-03 17:02:07.634 [info] > git check-ignore -v -z --stdin [66ms]
2023-12-03 17:02:07.636 [info] > git for-each-ref --format=%(refname)%00%(upstream:short)%00%(objectname)%00%(upstream:track)%00%(upstream:remotename)%00%(upstream:remoteref) refs/heads/main refs/remotes/main [328ms]
2023-12-03 17:02:07.725 [info] > git status -z -uall [71ms]
2023-12-03 17:02:07.732 [info] > git config --get commit.template [116ms]
2023-12-03 17:02:07.773 [info] > git for-each-ref --format=%(refname)%00%(upstream:short)%00%(objectname)%00%(upstream:track)%00%(upstream:remotename)%00%(upstream:remoteref) refs/heads/main refs/remotes/main [16ms]
2023-12-03 17:02:07.813 [info] > git status -z -uall [22ms]
2023-12-03 17:02:11.673 [info] > git config --get commit.template [2ms]
2023-12-03 17:02:11.683 [info] > git for-each-ref --format=%(refname)%00%(upstream:short)%00%(objectname)%00%(upstream:track)%00%(upstream:remotename)%00%(upstream:remoteref) refs/heads/master refs/remotes/master [2ms]
2023-12-03 17:02:11.778 [info] > git status -z -uall [86ms]
2023-12-03 17:02:16.941 [info] > git config --get commit.template [2ms]
2023-12-03 17:02:16.954 [info] > git for-each-ref --format=%(refname)%00%(upstream:short)%00%(objectname)%00%(upstream:track)%00%(upstream:remotename)%00%(upstream:remoteref) refs/heads/master refs/remotes/master [2ms]
2023-12-03 17:02:17.018 [info] > git status -z -uall [55ms]
2023-12-03 17:02:22.157 [info] > git config --get commit.template [13ms]
2023-12-03 17:02:22.158 [info] > git for-each-ref --format=%(refname)%00%(upstream:short)%00%(objectname)%00%(upstream:track)%00%(upstream:remotename)%00%(upstream:remoteref) refs/heads/master refs/remotes/master [2ms]
2023-12-03 17:02:22.240 [info] > git status -z -uall [69ms]
2023-12-03 17:02:27.397 [info] > git config --get commit.template [2ms]
2023-12-03 17:02:27.407 [info] > git for-each-ref --format=%(refname)%00%(upstream:short)%00%(objectname)%00%(upstream:track)%00%(upstream:remotename)%00%(upstream:remoteref) refs/heads/master refs/remotes/master [1ms]
2023-12-03 17:02:27.450 [info] > git status -z -uall [36ms]
2023-12-03 17:02:32.537 [info] > git config --get commit.template [2ms]
2023-12-03 17:02:32.545 [info] > git for-each-ref --format=%(refname)%00%(upstream:short)%00%(objectname)%00%(upstream:track)%00%(upstream:remotename)%00%(upstream:remoteref) refs/heads/master refs/remotes/master [1ms]
2023-12-03 17:02:32.592 [info] > git status -z -uall [40ms]
2023-12-03 17:02:37.718 [info] > git config --get commit.template [2ms]
2023-12-03 17:02:37.727 [info] > git for-each-ref --format=%(refname)%00%(upstream:short)%00%(objectname)%00%(upstream:track)%00%(upstream:remotename)%00%(upstream:remoteref) refs/heads/master refs/remotes/master [1ms]
2023-12-03 17:02:37.781 [info] > git status -z -uall [39ms]
2023-12-03 17:02:42.875 [info] > git config --get commit.template [2ms]
2023-12-03 17:02:42.890 [info] > git for-each-ref --format=%(refname)%00%(upstream:short)%00%(objectname)%00%(upstream:track)%00%(upstream:remotename)%00%(upstream:remoteref) refs/heads/master refs/remotes/master [2ms]
2023-12-03 17:02:42.940 [info] > git status -z -uall [41ms]
2023-12-03 17:02:48.068 [info] > git config --get commit.template [2ms]
2023-12-03 17:02:48.079 [info] > git for-each-ref --format=%(refname)%00%(upstream:short)%00%(objectname)%00%(upstream:track)%00%(upstream:remotename)%00%(upstream:remoteref) refs/heads/master refs/remotes/master [1ms]
2023-12-03 17:02:48.123 [info] > git status -z -uall [34ms]
2023-12-03 17:02:50.267 [info] > git check-ignore -v -z --stdin [1ms]
2023-12-03 17:02:53.243 [info] > git config --get commit.template [3ms]
2023-12-03 17:02:53.258 [info] > git for-each-ref --format=%(refname)%00%(upstream:short)%00%(objectname)%00%(upstream:track)%00%(upstream:remotename)%00%(upstream:remoteref) refs/heads/master refs/remotes/master [2ms]
2023-12-03 17:02:53.323 [info] > git status -z -uall [52ms]
2023-12-03 17:02:58.437 [info] > git config --get commit.template [12ms]
2023-12-03 17:02:58.438 [info] > git for-each-ref --format=%(refname)%00%(upstream:short)%00%(objectname)%00%(upstream:track)%00%(upstream:remotename)%00%(upstream:remoteref) refs/heads/master refs/remotes/master [2ms]
2023-12-03 17:02:58.488 [info] > git status -z -uall [43ms]
2023-12-03 17:03:03.618 [info] > git config --get commit.template [1ms]
2023-12-03 17:03:03.628 [info] > git for-each-ref --format=%(refname)%00%(upstream:short)%00%(objectname)%00%(upstream:track)%00%(upstream:remotename)%00%(upstream:remoteref) refs/heads/master refs/remotes/master [0ms]
2023-12-03 17:03:03.684 [info] > git status -z -uall [44ms]
2023-12-03 17:03:08.775 [info] > git config --get commit.template [2ms]
2023-12-03 17:03:08.791 [info] > git for-each-ref --format=%(refname)%00%(upstream:short)%00%(objectname)%00%(upstream:track)%00%(upstream:remotename)%00%(upstream:remoteref) refs/heads/master refs/remotes/master [2ms]
2023-12-03 17:03:08.864 [info] > git status -z -uall [64ms]
2023-12-03 17:03:10.792 [info] > git check-ignore -v -z --stdin [68ms]
2023-12-03 17:03:11.277 [info] > git show --textconv :repos/calculator/calculator.js [132ms]
2023-12-03 17:03:11.277 [info] > git ls-files --stage -- /home/hardymn/repos/calculator/calculator.js [115ms]
2023-12-03 17:03:20.422 [info] > git config --get commit.template [9ms]
2023-12-03 17:03:20.422 [info] > git for-each-ref --format=%(refname)%00%(upstream:short)%00%(objectname)%00%(upstream:track)%00%(upstream:remotename)%00%(upstream:remoteref) refs/heads/master refs/remotes/master [1ms]
2023-12-03 17:03:20.492 [info] > git status -z -uall [63ms]
2023-12-03 17:03:23.831 [info] > git show --textconv :repos/calculator/calculator.html [9ms]
2023-12-03 17:03:23.833 [info] > git ls-files --stage -- /home/hardymn/repos/calculator/calculator.html [4ms]
2023-12-03 17:03:27.827 [info] > git config --get commit.template [4ms]
2023-12-03 17:03:27.838 [info] > git for-each-ref --format=%(refname)%00%(upstream:short)%00%(objectname)%00%(upstream:track)%00%(upstream:remotename)%00%(upstream:remoteref) refs/heads/master refs/remotes/master [1ms]
2023-12-03 17:03:27.923 [info] > git status -z -uall [73ms]
2023-12-03 17:03:33.030 [info] > git config --get commit.template [2ms]
2023-12-03 17:03:33.041 [info] > git for-each-ref --format=%(refname)%00%(upstream:short)%00%(objectname)%00%(upstream:track)%00%(upstream:remotename)%00%(upstream:remoteref) refs/heads/master refs/remotes/master [1ms]
2023-12-03 17:03:33.088 [info] > git status -z -uall [41ms]
2023-12-03 17:03:38.211 [info] > git config --get commit.template [1ms]
2023-12-03 17:03:38.219 [info] > git for-each-ref --format=%(refname)%00%(upstream:short)%00%(objectname)%00%(upstream:track)%00%(upstream:remotename)%00%(upstream:remoteref) refs/heads/master refs/remotes/master [1ms]
2023-12-03 17:03:38.262 [info] > git status -z -uall [36ms]
2023-12-03 17:03:44.337 [info] > git config --get commit.template [1ms]
2023-12-03 17:03:44.347 [info] > git for-each-ref --format=%(refname)%00%(upstream:short)%00%(objectname)%00%(upstream:track)%00%(upstream:remotename)%00%(upstream:remoteref) refs/heads/master refs/remotes/master [1ms]
2023-12-03 17:03:44.391 [info] > git status -z -uall [36ms]
2023-12-03 17:03:49.498 [info] > git config --get commit.template [10ms]
2023-12-03 17:03:49.499 [info] > git for-each-ref --format=%(refname)%00%(upstream:short)%00%(objectname)%00%(upstream:track)%00%(upstream:remotename)%00%(upstream:remoteref) refs/heads/master refs/remotes/master [2ms]
2023-12-03 17:03:49.577 [info] > git status -z -uall [67ms]
2023-12-03 17:03:54.677 [info] > git config --get commit.template [2ms]
2023-12-03 17:03:54.686 [info] > git for-each-ref --format=%(refname)%00%(upstream:short)%00%(objectname)%00%(upstream:track)%00%(upstream:remotename)%00%(upstream:remoteref) refs/heads/master refs/remotes/master [1ms]
2023-12-03 17:03:54.728 [info] > git status -z -uall [35ms]
2023-12-03 17:03:59.857 [info] > git config --get commit.template [13ms]
2023-12-03 17:03:59.857 [info] > git for-each-ref --format=%(refname)%00%(upstream:short)%00%(objectname)%00%(upstream:track)%00%(upstream:remotename)%00%(upstream:remoteref) refs/heads/master refs/remotes/master [1ms]
2023-12-03 17:03:59.910 [info] > git status -z -uall [44ms]
2023-12-03 17:04:05.014 [info] > git config --get commit.template [1ms]
2023-12-03 17:04:05.028 [info] > git for-each-ref --format=%(refname)%00%(upstream:short)%00%(objectname)%00%(upstream:track)%00%(upstream:remotename)%00%(upstream:remoteref) refs/heads/master refs/remotes/master [1ms]
2023-12-03 17:04:05.100 [info] > git status -z -uall [60ms]
2023-12-03 17:04:10.219 [info] > git config --get commit.template [15ms]
2023-12-03 17:04:10.221 [info] > git for-each-ref --format=%(refname)%00%(upstream:short)%00%(objectname)%00%(upstream:track)%00%(upstream:remotename)%00%(upstream:remoteref) refs/heads/master refs/remotes/master [3ms]
2023-12-03 17:04:10.297 [info] > git status -z -uall [64ms]
2023-12-03 17:04:11.806 [info] > git show --textconv :repos/calculator/calculator.js [12ms]
2023-12-03 17:04:11.806 [info] > git ls-files --stage -- /home/hardymn/repos/calculator/calculator.js [1ms]
2023-12-03 17:04:15.411 [info] > git config --get commit.template [1ms]
2023-12-03 17:04:15.426 [info] > git for-each-ref --format=%(refname)%00%(upstream:short)%00%(objectname)%00%(upstream:track)%00%(upstream:remotename)%00%(upstream:remoteref) refs/heads/master refs/remotes/master [1ms]
2023-12-03 17:04:15.492 [info] > git status -z -uall [53ms]
2023-12-03 17:04:17.045 [info] > git show --textconv :repos/calculator/calculator.html [8ms]
2023-12-03 17:04:17.045 [info] > git ls-files --stage -- /home/hardymn/repos/calculator/calculator.html [2ms]
2023-12-03 17:04:20.697 [info] > git config --get commit.template [2ms]
2023-12-03 17:04:20.713 [info] > git for-each-ref --format=%(refname)%00%(upstream:short)%00%(objectname)%00%(upstream:track)%00%(upstream:remotename)%00%(upstream:remoteref) refs/heads/master refs/remotes/master [2ms]
2023-12-03 17:04:20.774 [info] > git status -z -uall [51ms]
2023-12-03 17:04:25.900 [info] > git config --get commit.template [12ms]
2023-12-03 17:04:25.901 [info] > git for-each-ref --format=%(refname)%00%(upstream:short)%00%(objectname)%00%(upstream:track)%00%(upstream:remotename)%00%(upstream:remoteref) refs/heads/master refs/remotes/master [3ms]
2023-12-03 17:04:25.949 [info] > git status -z -uall [38ms]
2023-12-03 17:04:31.042 [info] > git config --get commit.template [2ms]
2023-12-03 17:04:31.057 [info] > git for-each-ref --format=%(refname)%00%(upstream:short)%00%(objectname)%00%(upstream:track)%00%(upstream:remotename)%00%(upstream:remoteref) refs/heads/master refs/remotes/master [2ms]
2023-12-03 17:04:31.116 [info] > git status -z -uall [47ms]
2023-12-03 17:04:36.237 [info] > git config --get commit.template [2ms]
2023-12-03 17:04:36.247 [info] > git for-each-ref --format=%(refname)%00%(upstream:short)%00%(objectname)%00%(upstream:track)%00%(upstream:remotename)%00%(upstream:remoteref) refs/heads/master refs/remotes/master [0ms]
2023-12-03 17:04:36.298 [info] > git status -z -uall [41ms]
2023-12-03 17:04:41.422 [info] > git config --get commit.template [2ms]
2023-12-03 17:04:41.439 [info] > git for-each-ref --format=%(refname)%00%(upstream:short)%00%(objectname)%00%(upstream:track)%00%(upstream:remotename)%00%(upstream:remoteref) refs/heads/master refs/remotes/master [2ms]
2023-12-03 17:04:41.494 [info] > git status -z -uall [42ms]
2023-12-03 17:04:46.618 [info] > git config --get commit.template [2ms]
2023-12-03 17:04:46.626 [info] > git for-each-ref --format=%(refname)%00%(upstream:short)%00%(objectname)%00%(upstream:track)%00%(upstream:remotename)%00%(upstream:remoteref) refs/heads/master refs/remotes/master [1ms]
2023-12-03 17:04:46.673 [info] > git status -z -uall [39ms]
2023-12-03 17:04:51.788 [info] > git config --get commit.template [12ms]
2023-12-03 17:04:51.788 [info] > git for-each-ref --format=%(refname)%00%(upstream:short)%00%(objectname)%00%(upstream:track)%00%(upstream:remotename)%00%(upstream:remoteref) refs/heads/master refs/remotes/master [1ms]
2023-12-03 17:04:51.874 [info] > git status -z -uall [74ms]
2023-12-03 17:04:56.967 [info] > git config --get commit.template [2ms]
2023-12-03 17:04:56.976 [info] > git for-each-ref --format=%(refname)%00%(upstream:short)%00%(objectname)%00%(upstream:track)%00%(upstream:remotename)%00%(upstream:remoteref) refs/heads/master refs/remotes/master [0ms]
2023-12-03 17:04:57.025 [info] > git status -z -uall [41ms]
2023-12-03 17:05:02.157 [info] > git config --get commit.template [13ms]
2023-12-03 17:05:02.158 [info] > git for-each-ref --format=%(refname)%00%(upstream:short)%00%(objectname)%00%(upstream:track)%00%(upstream:remotename)%00%(upstream:remoteref) refs/heads/master refs/remotes/master [1ms]
2023-12-03 17:05:02.210 [info] > git status -z -uall [42ms]
2023-12-03 17:05:07.351 [info] > git config --get commit.template [2ms]
2023-12-03 17:05:07.359 [info] > git for-each-ref --format=%(refname)%00%(upstream:short)%00%(objectname)%00%(upstream:track)%00%(upstream:remotename)%00%(upstream:remoteref) refs/heads/master refs/remotes/master [1ms]
2023-12-03 17:05:07.401 [info] > git status -z -uall [33ms]
2023-12-03 17:05:12.511 [info] > git config --get commit.template [2ms]
2023-12-03 17:05:12.523 [info] > git for-each-ref --format=%(refname)%00%(upstream:short)%00%(objectname)%00%(upstream:track)%00%(upstream:remotename)%00%(upstream:remoteref) refs/heads/master refs/remotes/master [1ms]
2023-12-03 17:05:12.585 [info] > git status -z -uall [53ms]
2023-12-03 17:05:17.702 [info] > git config --get commit.template [1ms]
2023-12-03 17:05:17.710 [info] > git for-each-ref --format=%(refname)%00%(upstream:short)%00%(objectname)%00%(upstream:track)%00%(upstream:remotename)%00%(upstream:remoteref) refs/heads/master refs/remotes/master [1ms]
2023-12-03 17:05:17.753 [info] > git status -z -uall [35ms]
2023-12-03 17:05:22.839 [info] > git config --get commit.template [1ms]
2023-12-03 17:05:22.847 [info] > git for-each-ref --format=%(refname)%00%(upstream:short)%00%(objectname)%00%(upstream:track)%00%(upstream:remotename)%00%(upstream:remoteref) refs/heads/master refs/remotes/master [1ms]
2023-12-03 17:05:22.917 [info] > git status -z -uall [62ms]
2023-12-03 17:05:28.015 [info] > git config --get commit.template [1ms]
2023-12-03 17:05:28.024 [info] > git for-each-ref --format=%(refname)%00%(upstream:short)%00%(objectname)%00%(upstream:track)%00%(upstream:remotename)%00%(upstream:remoteref) refs/heads/master refs/remotes/master [1ms]
2023-12-03 17:05:28.072 [info] > git status -z -uall [39ms]
2023-12-03 17:05:33.169 [info] > git config --get commit.template [4ms]
2023-12-03 17:05:33.182 [info] > git for-each-ref --format=%(refname)%00%(upstream:short)%00%(objectname)%00%(upstream:track)%00%(upstream:remotename)%00%(upstream:remoteref) refs/heads/master refs/remotes/master [2ms]
2023-12-03 17:05:33.232 [info] > git status -z -uall [41ms]
2023-12-03 17:05:38.314 [info] > git config --get commit.template [0ms]
2023-12-03 17:05:38.325 [info] > git for-each-ref --format=%(refname)%00%(upstream:short)%00%(objectname)%00%(upstream:track)%00%(upstream:remotename)%00%(upstream:remoteref) refs/heads/master refs/remotes/master [1ms]
2023-12-03 17:05:38.384 [info] > git status -z -uall [49ms]
2023-12-03 17:05:43.552 [info] > git config --get commit.template [12ms]
2023-12-03 17:05:43.553 [info] > git for-each-ref --format=%(refname)%00%(upstream:short)%00%(objectname)%00%(upstream:track)%00%(upstream:remotename)%00%(upstream:remoteref) refs/heads/master refs/remotes/master [2ms]
2023-12-03 17:05:43.637 [info] > git status -z -uall [76ms]
2023-12-03 17:08:35.168 [info] > git config --get commit.template [2ms]
2023-12-03 17:08:35.191 [info] > git for-each-ref --format=%(refname)%00%(upstream:short)%00%(objectname)%00%(upstream:track)%00%(upstream:remotename)%00%(upstream:remoteref) refs/heads/master refs/remotes/master [6ms]
2023-12-03 17:08:35.440 [info] > git status -z -uall [232ms]
2023-12-03 17:08:40.683 [info] > git config --get commit.template [29ms]
2023-12-03 17:08:40.684 [info] > git for-each-ref --format=%(refname)%00%(upstream:short)%00%(objectname)%00%(upstream:track)%00%(upstream:remotename)%00%(upstream:remoteref) refs/heads/master refs/remotes/master [4ms]
2023-12-03 17:08:40.752 [info] > git status -z -uall [57ms]
2023-12-03 17:08:45.914 [info] > git config --get commit.template [1ms]
2023-12-03 17:08:45.928 [info] > git for-each-ref --format=%(refname)%00%(upstream:short)%00%(objectname)%00%(upstream:track)%00%(upstream:remotename)%00%(upstream:remoteref) refs/heads/master refs/remotes/master [1ms]
2023-12-03 17:08:45.973 [info] > git status -z -uall [38ms]
2023-12-03 17:08:51.071 [info] > git config --get commit.template [1ms]
2023-12-03 17:08:51.083 [info] > git for-each-ref --format=%(refname)%00%(upstream:short)%00%(objectname)%00%(upstream:track)%00%(upstream:remotename)%00%(upstream:remoteref) refs/heads/master refs/remotes/master [2ms]
2023-12-03 17:08:51.151 [info] > git status -z -uall [56ms]
2023-12-03 17:08:56.299 [info] > git config --get commit.template [2ms]
2023-12-03 17:08:56.313 [info] > git for-each-ref --format=%(refname)%00%(upstream:short)%00%(objectname)%00%(upstream:track)%00%(upstream:remotename)%00%(upstream:remoteref) refs/heads/master refs/remotes/master [2ms]
2023-12-03 17:08:56.372 [info] > git status -z -uall [48ms]
2023-12-03 17:09:01.459 [info] > git config --get commit.template [1ms]
2023-12-03 17:09:01.468 [info] > git for-each-ref --format=%(refname)%00%(upstream:short)%00%(objectname)%00%(upstream:track)%00%(upstream:remotename)%00%(upstream:remoteref) refs/heads/master refs/remotes/master [2ms]
2023-12-03 17:09:01.517 [info] > git status -z -uall [40ms]
2023-12-03 17:09:06.639 [info] > git config --get commit.template [9ms]
2023-12-03 17:09:06.640 [info] > git for-each-ref --format=%(refname)%00%(upstream:short)%00%(objectname)%00%(upstream:track)%00%(upstream:remotename)%00%(upstream:remoteref) refs/heads/master refs/remotes/master [2ms]
2023-12-03 17:09:06.692 [info] > git status -z -uall [42ms]
2023-12-03 17:09:11.832 [info] > git config --get commit.template [2ms]
2023-12-03 17:09:11.841 [info] > git for-each-ref --format=%(refname)%00%(upstream:short)%00%(objectname)%00%(upstream:track)%00%(upstream:remotename)%00%(upstream:remoteref) refs/heads/master refs/remotes/master [0ms]
2023-12-03 17:09:11.887 [info] > git status -z -uall [39ms]
2023-12-03 17:09:17.006 [info] > git config --get commit.template [1ms]
2023-12-03 17:09:17.021 [info] > git for-each-ref --format=%(refname)%00%(upstream:short)%00%(objectname)%00%(upstream:track)%00%(upstream:remotename)%00%(upstream:remoteref) refs/heads/master refs/remotes/master [2ms]
2023-12-03 17:09:17.097 [info] > git status -z -uall [64ms]
2023-12-03 17:09:22.229 [info] > git config --get commit.template [10ms]
2023-12-03 17:09:22.229 [info] > git for-each-ref --format=%(refname)%00%(upstream:short)%00%(objectname)%00%(upstream:track)%00%(upstream:remotename)%00%(upstream:remoteref) refs/heads/master refs/remotes/master [1ms]
2023-12-03 17:09:22.275 [info] > git status -z -uall [39ms]
2023-12-03 17:09:27.379 [info] > git config --get commit.template [11ms]
2023-12-03 17:09:27.380 [info] > git for-each-ref --format=%(refname)%00%(upstream:short)%00%(objectname)%00%(upstream:track)%00%(upstream:remotename)%00%(upstream:remoteref) refs/heads/master refs/remotes/master [1ms]
2023-12-03 17:09:27.443 [info] > git status -z -uall [53ms]
2023-12-03 17:09:32.549 [info] > git config --get commit.template [1ms]
2023-12-03 17:09:32.557 [info] > git for-each-ref --format=%(refname)%00%(upstream:short)%00%(objectname)%00%(upstream:track)%00%(upstream:remotename)%00%(upstream:remoteref) refs/heads/master refs/remotes/master [1ms]
2023-12-03 17:09:32.595 [info] > git status -z -uall [32ms]
2023-12-03 17:09:37.679 [info] > git config --get commit.template [2ms]
2023-12-03 17:09:37.689 [info] > git for-each-ref --format=%(refname)%00%(upstream:short)%00%(objectname)%00%(upstream:track)%00%(upstream:remotename)%00%(upstream:remoteref) refs/heads/master refs/remotes/master [1ms]
2023-12-03 17:09:37.732 [info] > git status -z -uall [36ms]
2023-12-03 17:09:42.823 [info] > git config --get commit.template [2ms]
2023-12-03 17:09:42.831 [info] > git for-each-ref --format=%(refname)%00%(upstream:short)%00%(objectname)%00%(upstream:track)%00%(upstream:remotename)%00%(upstream:remoteref) refs/heads/master refs/remotes/master [1ms]
2023-12-03 17:09:42.869 [info] > git status -z -uall [31ms]
2023-12-03 17:09:47.970 [info] > git config --get commit.template [1ms]
2023-12-03 17:09:47.981 [info] > git for-each-ref --format=%(refname)%00%(upstream:short)%00%(objectname)%00%(upstream:track)%00%(upstream:remotename)%00%(upstream:remoteref) refs/heads/master refs/remotes/master [1ms]
2023-12-03 17:09:48.031 [info] > git status -z -uall [39ms]
2023-12-03 17:09:53.140 [info] > git config --get commit.template [10ms]
2023-12-03 17:09:53.141 [info] > git for-each-ref --format=%(refname)%00%(upstream:short)%00%(objectname)%00%(upstream:track)%00%(upstream:remotename)%00%(upstream:remoteref) refs/heads/master refs/remotes/master [1ms]
2023-12-03 17:09:53.193 [info] > git status -z -uall [45ms]
2023-12-03 17:09:58.296 [info] > git config --get commit.template [1ms]
2023-12-03 17:09:58.304 [info] > git for-each-ref --format=%(refname)%00%(upstream:short)%00%(objectname)%00%(upstream:track)%00%(upstream:remotename)%00%(upstream:remoteref) refs/heads/master refs/remotes/master [0ms]
2023-12-03 17:09:58.357 [info] > git status -z -uall [44ms]
2023-12-03 17:10:03.449 [info] > git config --get commit.template [1ms]
2023-12-03 17:10:03.461 [info] > git for-each-ref --format=%(refname)%00%(upstream:short)%00%(objectname)%00%(upstream:track)%00%(upstream:remotename)%00%(upstream:remoteref) refs/heads/master refs/remotes/master [1ms]
2023-12-03 17:10:03.518 [info] > git status -z -uall [48ms]
2023-12-03 17:10:08.670 [info] > git config --get commit.template [3ms]
2023-12-03 17:10:08.685 [info] > git for-each-ref --format=%(refname)%00%(upstream:short)%00%(objectname)%00%(upstream:track)%00%(upstream:remotename)%00%(upstream:remoteref) refs/heads/master refs/remotes/master [1ms]
2023-12-03 17:10:08.739 [info] > git status -z -uall [41ms]
2023-12-03 17:10:13.827 [info] > git config --get commit.template [1ms]
2023-12-03 17:10:13.838 [info] > git for-each-ref --format=%(refname)%00%(upstream:short)%00%(objectname)%00%(upstream:track)%00%(upstream:remotename)%00%(upstream:remoteref) refs/heads/master refs/remotes/master [1ms]
2023-12-03 17:10:13.900 [info] > git status -z -uall [55ms]
2023-12-03 17:10:18.998 [info] > git config --get commit.template [2ms]
2023-12-03 17:10:19.010 [info] > git for-each-ref --format=%(refname)%00%(upstream:short)%00%(objectname)%00%(upstream:track)%00%(upstream:remotename)%00%(upstream:remoteref) refs/heads/master refs/remotes/master [1ms]
2023-12-03 17:10:19.071 [info] > git status -z -uall [53ms]
2023-12-03 17:10:24.167 [info] > git config --get commit.template [1ms]
2023-12-03 17:10:24.178 [info] > git for-each-ref --format=%(refname)%00%(upstream:short)%00%(objectname)%00%(upstream:track)%00%(upstream:remotename)%00%(upstream:remoteref) refs/heads/master refs/remotes/master [1ms]
2023-12-03 17:10:24.220 [info] > git status -z -uall [34ms]
2023-12-03 17:10:29.341 [info] > git config --get commit.template [1ms]
2023-12-03 17:10:29.351 [info] > git for-each-ref --format=%(refname)%00%(upstream:short)%00%(objectname)%00%(upstream:track)%00%(upstream:remotename)%00%(upstream:remoteref) refs/heads/master refs/remotes/master [1ms]
2023-12-03 17:10:29.402 [info] > git status -z -uall [42ms]
2023-12-03 17:10:34.533 [info] > git config --get commit.template [9ms]
2023-12-03 17:10:34.533 [info] > git for-each-ref --format=%(refname)%00%(upstream:short)%00%(objectname)%00%(upstream:track)%00%(upstream:remotename)%00%(upstream:remoteref) refs/heads/master refs/remotes/master [1ms]
2023-12-03 17:10:34.576 [info] > git status -z -uall [32ms]
2023-12-03 17:10:39.691 [info] > git config --get commit.template [3ms]
2023-12-03 17:10:39.708 [info] > git for-each-ref --format=%(refname)%00%(upstream:short)%00%(objectname)%00%(upstream:track)%00%(upstream:remotename)%00%(upstream:remoteref) refs/heads/master refs/remotes/master [1ms]
2023-12-03 17:10:39.755 [info] > git status -z -uall [39ms]
2023-12-03 17:10:44.863 [info] > git config --get commit.template [8ms]
2023-12-03 17:10:44.863 [info] > git for-each-ref --format=%(refname)%00%(upstream:short)%00%(objectname)%00%(upstream:track)%00%(upstream:remotename)%00%(upstream:remoteref) refs/heads/master refs/remotes/master [1ms]
2023-12-03 17:10:44.905 [info] > git status -z -uall [33ms]
2023-12-03 17:10:49.991 [info] > git config --get commit.template [2ms]
2023-12-03 17:10:50.003 [info] > git for-each-ref --format=%(refname)%00%(upstream:short)%00%(objectname)%00%(upstream:track)%00%(upstream:remotename)%00%(upstream:remoteref) refs/heads/master refs/remotes/master [2ms]
2023-12-03 17:10:50.062 [info] > git status -z -uall [47ms]
2023-12-03 17:10:51.348 [info] > git for-each-ref --sort -committerdate --format %(refname) %(objectname) %(*objectname) [8ms]
2023-12-03 17:10:55.196 [info] > git config --get commit.template [8ms]
2023-12-03 17:10:55.196 [info] > git for-each-ref --format=%(refname)%00%(upstream:short)%00%(objectname)%00%(upstream:track)%00%(upstream:remotename)%00%(upstream:remoteref) refs/heads/master refs/remotes/master [1ms]
2023-12-03 17:10:55.237 [info] > git status -z -uall [32ms]
2023-12-03 17:10:57.099 [info] > git for-each-ref --sort -committerdate --format %(refname) %(objectname) %(*objectname) [3ms]
2023-12-03 17:11:00.332 [info] > git config --get commit.template [1ms]
2023-12-03 17:11:00.342 [info] > git for-each-ref --format=%(refname)%00%(upstream:short)%00%(objectname)%00%(upstream:track)%00%(upstream:remotename)%00%(upstream:remoteref) refs/heads/master refs/remotes/master [1ms]
2023-12-03 17:11:00.397 [info] > git status -z -uall [44ms]
2023-12-03 17:11:05.509 [info] > git config --get commit.template [2ms]
2023-12-03 17:11:05.522 [info] > git for-each-ref --format=%(refname)%00%(upstream:short)%00%(objectname)%00%(upstream:track)%00%(upstream:remotename)%00%(upstream:remoteref) refs/heads/master refs/remotes/master [1ms]
2023-12-03 17:11:05.590 [info] > git status -z -uall [60ms]
2023-12-03 17:11:10.738 [info] > git config --get commit.template [19ms]
2023-12-03 17:11:10.739 [info] > git for-each-ref --format=%(refname)%00%(upstream:short)%00%(objectname)%00%(upstream:track)%00%(upstream:remotename)%00%(upstream:remoteref) refs/heads/master refs/remotes/master [4ms]
2023-12-03 17:11:10.795 [info] > git status -z -uall [42ms]
2023-12-03 17:11:15.902 [info] > git config --get commit.template [1ms]
2023-12-03 17:11:15.915 [info] > git for-each-ref --format=%(refname)%00%(upstream:short)%00%(objectname)%00%(upstream:track)%00%(upstream:remotename)%00%(upstream:remoteref) refs/heads/master refs/remotes/master [1ms]
2023-12-03 17:11:15.975 [info] > git status -z -uall [50ms]
2023-12-03 17:11:21.072 [info] > git config --get commit.template [2ms]
2023-12-03 17:11:21.087 [info] > git for-each-ref --format=%(refname)%00%(upstream:short)%00%(objectname)%00%(upstream:track)%00%(upstream:remotename)%00%(upstream:remoteref) refs/heads/master refs/remotes/master [2ms]
2023-12-03 17:11:21.129 [info] > git status -z -uall [35ms]
2023-12-03 17:11:26.234 [info] > git config --get commit.template [2ms]
2023-12-03 17:11:26.247 [info] > git for-each-ref --format=%(refname)%00%(upstream:short)%00%(objectname)%00%(upstream:track)%00%(upstream:remotename)%00%(upstream:remoteref) refs/heads/master refs/remotes/master [2ms]
2023-12-03 17:11:26.335 [info] > git status -z -uall [70ms]
2023-12-03 17:11:31.432 [info] > git config --get commit.template [1ms]
2023-12-03 17:11:31.441 [info] > git for-each-ref --format=%(refname)%00%(upstream:short)%00%(objectname)%00%(upstream:track)%00%(upstream:remotename)%00%(upstream:remoteref) refs/heads/master refs/remotes/master [1ms]
2023-12-03 17:11:31.486 [info] > git status -z -uall [36ms]
2023-12-03 17:11:36.587 [info] > git config --get commit.template [3ms]
2023-12-03 17:11:36.606 [info] > git for-each-ref --format=%(refname)%00%(upstream:short)%00%(objectname)%00%(upstream:track)%00%(upstream:remotename)%00%(upstream:remoteref) refs/heads/master refs/remotes/master [1ms]
2023-12-03 17:11:36.673 [info] > git status -z -uall [53ms]
2023-12-03 17:11:41.816 [info] > git config --get commit.template [2ms]
2023-12-03 17:11:41.830 [info] > git for-each-ref --format=%(refname)%00%(upstream:short)%00%(objectname)%00%(upstream:track)%00%(upstream:remotename)%00%(upstream:remoteref) refs/heads/master refs/remotes/master [0ms]
2023-12-03 17:11:41.878 [info] > git status -z -uall [39ms]
2023-12-03 17:11:46.970 [info] > git config --get commit.template [1ms]
2023-12-03 17:11:46.978 [info] > git for-each-ref --format=%(refname)%00%(upstream:short)%00%(objectname)%00%(upstream:track)%00%(upstream:remotename)%00%(upstream:remoteref) refs/heads/master refs/remotes/master [1ms]
2023-12-03 17:11:47.021 [info] > git status -z -uall [33ms]
2023-12-03 17:12:37.927 [info] > git config --get commit.template [2ms]
2023-12-03 17:12:37.942 [info] > git for-each-ref --format=%(refname)%00%(upstream:short)%00%(objectname)%00%(upstream:track)%00%(upstream:remotename)%00%(upstream:remoteref) refs/heads/master refs/remotes/master [2ms]
2023-12-03 17:12:38.030 [info] > git status -z -uall [77ms]
2023-12-03 17:12:43.138 [info] > git config --get commit.template [1ms]
2023-12-03 17:12:43.150 [info] > git for-each-ref --format=%(refname)%00%(upstream:short)%00%(objectname)%00%(upstream:track)%00%(upstream:remotename)%00%(upstream:remoteref) refs/heads/master refs/remotes/master [2ms]
2023-12-03 17:12:43.193 [info] > git status -z -uall [35ms]
2023-12-03 17:12:48.322 [info] > git config --get commit.template [11ms]
2023-12-03 17:12:48.322 [info] > git for-each-ref --format=%(refname)%00%(upstream:short)%00%(objectname)%00%(upstream:track)%00%(upstream:remotename)%00%(upstream:remoteref) refs/heads/master refs/remotes/master [2ms]
2023-12-03 17:12:48.384 [info] > git status -z -uall [47ms]
2023-12-03 17:12:53.477 [info] > git config --get commit.template [1ms]
2023-12-03 17:12:53.488 [info] > git for-each-ref --format=%(refname)%00%(upstream:short)%00%(objectname)%00%(upstream:track)%00%(upstream:remotename)%00%(upstream:remoteref) refs/heads/master refs/remotes/master [0ms]
2023-12-03 17:12:53.536 [info] > git status -z -uall [39ms]
2023-12-03 17:12:58.648 [info] > git config --get commit.template [12ms]
2023-12-03 17:12:58.648 [info] > git for-each-ref --format=%(refname)%00%(upstream:short)%00%(objectname)%00%(upstream:track)%00%(upstream:remotename)%00%(upstream:remoteref) refs/heads/master refs/remotes/master [2ms]
2023-12-03 17:12:58.711 [info] > git status -z -uall [54ms]
2023-12-03 17:13:01.100 [info] > git push origin main:main [1022ms]
2023-12-03 17:13:01.100 [info] Everything up-to-date
2023-12-03 17:13:01.118 [info] > git config --get commit.template [2ms]
2023-12-03 17:13:01.132 [info] > git for-each-ref --format=%(refname)%00%(upstream:short)%00%(objectname)%00%(upstream:track)%00%(upstream:remotename)%00%(upstream:remoteref) refs/heads/main refs/remotes/main [2ms]
2023-12-03 17:13:01.145 [info] > git status -z -uall [3ms]
2023-12-03 17:13:03.810 [info] > git for-each-ref --format=%(refname)%00%(upstream:short)%00%(objectname)%00%(upstream:track)%00%(upstream:remotename)%00%(upstream:remoteref) refs/heads/master refs/remotes/master [0ms]
2023-12-03 17:13:03.811 [info] > git config --get commit.template [10ms]
2023-12-03 17:13:03.887 [info] > git status -z -uall [68ms]
2023-12-03 17:13:09.006 [info] > git config --get commit.template [1ms]
2023-12-03 17:13:09.019 [info] > git for-each-ref --format=%(refname)%00%(upstream:short)%00%(objectname)%00%(upstream:track)%00%(upstream:remotename)%00%(upstream:remoteref) refs/heads/master refs/remotes/master [1ms]
2023-12-03 17:13:09.076 [info] > git status -z -uall [46ms]
2023-12-03 17:13:16.164 [info] > git config --get commit.template [1ms]
2023-12-03 17:13:16.172 [info] > git for-each-ref --format=%(refname)%00%(upstream:short)%00%(objectname)%00%(upstream:track)%00%(upstream:remotename)%00%(upstream:remoteref) refs/heads/master refs/remotes/master [1ms]
2023-12-03 17:13:16.223 [info] > git status -z -uall [44ms]
2023-12-03 17:13:21.314 [info] > git config --get commit.template [1ms]
2023-12-03 17:13:21.327 [info] > git for-each-ref --format=%(refname)%00%(upstream:short)%00%(objectname)%00%(upstream:track)%00%(upstream:remotename)%00%(upstream:remoteref) refs/heads/master refs/remotes/master [0ms]
2023-12-03 17:13:21.388 [info] > git status -z -uall [50ms]
2023-12-03 17:13:26.505 [info] > git config --get commit.template [1ms]
2023-12-03 17:13:26.518 [info] > git for-each-ref --format=%(refname)%00%(upstream:short)%00%(objectname)%00%(upstream:track)%00%(upstream:remotename)%00%(upstream:remoteref) refs/heads/master refs/remotes/master [2ms]
2023-12-03 17:13:26.563 [info] > git status -z -uall [37ms]
2023-12-03 17:13:31.669 [info] > git config --get commit.template [3ms]
2023-12-03 17:13:31.678 [info] > git for-each-ref --format=%(refname)%00%(upstream:short)%00%(objectname)%00%(upstream:track)%00%(upstream:remotename)%00%(upstream:remoteref) refs/heads/master refs/remotes/master [1ms]
2023-12-03 17:13:31.741 [info] > git status -z -uall [49ms]
2023-12-03 17:13:36.865 [info] > git config --get commit.template [15ms]
2023-12-03 17:13:36.866 [info] > git for-each-ref --format=%(refname)%00%(upstream:short)%00%(objectname)%00%(upstream:track)%00%(upstream:remotename)%00%(upstream:remoteref) refs/heads/master refs/remotes/master [3ms]
2023-12-03 17:13:36.947 [info] > git status -z -uall [70ms]
2023-12-03 17:13:41.491 [info] > git show --textconv :repos/calculator/calculator.css [12ms]
2023-12-03 17:13:41.491 [info] > git ls-files --stage -- /home/hardymn/repos/calculator/calculator.css [2ms]
2023-12-03 17:13:42.066 [info] > git config --get commit.template [2ms]
2023-12-03 17:13:42.075 [info] > git for-each-ref --format=%(refname)%00%(upstream:short)%00%(objectname)%00%(upstream:track)%00%(upstream:remotename)%00%(upstream:remoteref) refs/heads/master refs/remotes/master [1ms]
2023-12-03 17:13:42.124 [info] > git status -z -uall [41ms]
