2023-12-05 12:07:37.442 [info] Log level: Info
2023-12-05 12:07:37.442 [info] Validating found git in: "git"
2023-12-05 12:07:37.442 [info] Using git "2.34.1" from "git"
2023-12-05 12:07:37.442 [info] > git rev-parse --show-toplevel [240ms]
2023-12-05 12:07:37.442 [info] > git rev-parse --git-dir --git-common-dir [17ms]
2023-12-05 12:07:37.442 [info] Open repository: /home/hardymn
2023-12-05 12:07:37.599 [info] > git rev-parse --show-toplevel [570ms]
2023-12-05 12:07:37.621 [info] > git config --get commit.template [605ms]
2023-12-05 12:07:37.792 [info] > git for-each-ref --format=%(refname)%00%(upstream:short)%00%(objectname)%00%(upstream:track)%00%(upstream:remotename)%00%(upstream:remoteref) refs/heads/master refs/remotes/master [112ms]
2023-12-05 12:07:37.881 [info] > git show --textconv :repos/calculator/index.js [127ms]
2023-12-05 12:07:37.923 [info] > git ls-files --stage -- /home/hardymn/repos/calculator/index.js [129ms]
2023-12-05 12:07:38.018 [info] > git cat-file -s dc6ca8aae10ed24ac40abc7434c332eca9f75f78 [77ms]
2023-12-05 12:07:38.075 [info] > git check-ignore -v -z --stdin [63ms]
2023-12-05 12:07:38.153 [info] > git status -z -uall [311ms]
2023-12-05 12:07:38.513 [info] > git for-each-ref --format=%(refname)%00%(upstream:short)%00%(objectname)%00%(upstream:track)%00%(upstream:remotename)%00%(upstream:remoteref) refs/heads/master refs/remotes/master [235ms]
2023-12-05 12:07:38.532 [info] > git config --get commit.template [283ms]
2023-12-05 12:07:39.348 [info] > git status -z -uall [787ms]
2023-12-05 12:07:39.751 [info] > git check-ignore -v -z --stdin [285ms]
2023-12-05 12:07:44.596 [info] > git branch [6ms]
2023-12-05 12:07:44.678 [info] > git reset -q HEAD -- . [51ms]
2023-12-05 12:07:44.712 [info] > git config --get commit.template [12ms]
2023-12-05 12:07:44.713 [info] > git for-each-ref --format=%(refname)%00%(upstream:short)%00%(objectname)%00%(upstream:track)%00%(upstream:remotename)%00%(upstream:remoteref) refs/heads/master refs/remotes/master [2ms]
2023-12-05 12:07:44.976 [info] > git status -z -uall [249ms]
2023-12-05 12:07:45.288 [info] > git config --get commit.template [64ms]
2023-12-05 12:07:45.295 [info] > git for-each-ref --format=%(refname)%00%(upstream:short)%00%(objectname)%00%(upstream:track)%00%(upstream:remotename)%00%(upstream:remoteref) refs/heads/master refs/remotes/master [12ms]
2023-12-05 12:07:45.513 [info] > git status -z -uall [159ms]
2023-12-05 12:07:45.513 [info] > git check-ignore -v -z --stdin [86ms]
2023-12-05 12:07:46.020 [info] > git ls-files --stage -- /home/hardymn/repos/calculator/index.js [5ms]
2023-12-05 12:07:46.044 [info] > git cat-file -s dc6ca8aae10ed24ac40abc7434c332eca9f75f78 [1ms]
2023-12-05 12:07:46.116 [info] > git show --textconv :repos/calculator/index.js [28ms]
2023-12-05 12:07:50.564 [info] > git config --get commit.template [3ms]
2023-12-05 12:07:50.580 [info] > git for-each-ref --format=%(refname)%00%(upstream:short)%00%(objectname)%00%(upstream:track)%00%(upstream:remotename)%00%(upstream:remoteref) refs/heads/master refs/remotes/master [2ms]
2023-12-05 12:07:50.727 [info] > git status -z -uall [128ms]
2023-12-05 12:07:51.389 [info] > git check-ignore -v -z --stdin [5ms]
2023-12-05 12:07:55.752 [info] > git config --get commit.template [2ms]
2023-12-05 12:07:55.768 [info] > git for-each-ref --format=%(refname)%00%(upstream:short)%00%(objectname)%00%(upstream:track)%00%(upstream:remotename)%00%(upstream:remoteref) refs/heads/master refs/remotes/master [2ms]
2023-12-05 12:07:55.882 [info] > git status -z -uall [100ms]
2023-12-05 12:08:00.901 [info] > git config --get commit.template [2ms]
2023-12-05 12:08:00.914 [info] > git for-each-ref --format=%(refname)%00%(upstream:short)%00%(objectname)%00%(upstream:track)%00%(upstream:remotename)%00%(upstream:remoteref) refs/heads/master refs/remotes/master [1ms]
2023-12-05 12:08:00.974 [info] > git status -z -uall [50ms]
2023-12-05 12:08:05.989 [info] > git config --get commit.template [1ms]
2023-12-05 12:08:05.997 [info] > git for-each-ref --format=%(refname)%00%(upstream:short)%00%(objectname)%00%(upstream:track)%00%(upstream:remotename)%00%(upstream:remoteref) refs/heads/master refs/remotes/master [2ms]
2023-12-05 12:08:06.060 [info] > git status -z -uall [55ms]
2023-12-05 12:08:11.089 [info] > git config --get commit.template [3ms]
2023-12-05 12:08:11.103 [info] > git for-each-ref --format=%(refname)%00%(upstream:short)%00%(objectname)%00%(upstream:track)%00%(upstream:remotename)%00%(upstream:remoteref) refs/heads/master refs/remotes/master [1ms]
2023-12-05 12:08:11.194 [info] > git status -z -uall [75ms]
2023-12-05 12:08:16.267 [info] > git config --get commit.template [14ms]
2023-12-05 12:08:16.268 [info] > git for-each-ref --format=%(refname)%00%(upstream:short)%00%(objectname)%00%(upstream:track)%00%(upstream:remotename)%00%(upstream:remoteref) refs/heads/master refs/remotes/master [2ms]
2023-12-05 12:08:16.429 [info] > git status -z -uall [149ms]
