2023-11-30 14:23:38.343 [info] Extension host with pid 911 started
2023-11-30 14:23:38.343 [error] Error: EEXIST: file already exists, open '/home/hardymn/.vscode-server/data/User/workspaceStorage/485e6d783fdd2cbe38141a4d9a2c3a4a/vscode.lock'
2023-11-30 14:23:38.366 [info] Lock '/home/hardymn/.vscode-server/data/User/workspaceStorage/485e6d783fdd2cbe38141a4d9a2c3a4a/vscode.lock': Could not acquire lock, checking if the file is stale.
2023-11-30 14:23:38.407 [info] ExtensionService#_doActivateExtension vscode.emmet, startup: false, activationEvent: 'onLanguage'
2023-11-30 14:23:38.413 [info] ExtensionService#_doActivateExtension vscode.tunnel-forwarding, startup: false, activationEvent: 'onTunnel'
2023-11-30 14:23:38.414 [info] ExtensionService#_doActivateExtension vscode.typescript-language-features, startup: false, activationEvent: 'onLanguage:javascript'
2023-11-30 14:23:38.772 [info] Lock '/home/hardymn/.vscode-server/data/User/workspaceStorage/485e6d783fdd2cbe38141a4d9a2c3a4a/vscode.lock': The pid 5062 appears to be gone.
2023-11-30 14:23:38.772 [info] Lock '/home/hardymn/.vscode-server/data/User/workspaceStorage/485e6d783fdd2cbe38141a4d9a2c3a4a/vscode.lock': Deleting a stale lock.
2023-11-30 14:23:38.844 [info] Lock '/home/hardymn/.vscode-server/data/User/workspaceStorage/485e6d783fdd2cbe38141a4d9a2c3a4a/vscode.lock': Lock acquired.
2023-11-30 14:23:39.459 [info] ExtensionService#_doActivateExtension vscode.git-base, startup: true, activationEvent: '*', root cause: vscode.git
2023-11-30 14:23:39.510 [info] ExtensionService#_doActivateExtension vscode.npm, startup: true, activationEvent: 'workspaceContains:package.json'
2023-11-30 14:23:39.822 [info] ExtensionService#_doActivateExtension vscode.git, startup: true, activationEvent: '*'
2023-11-30 14:23:39.834 [info] ExtensionService#_doActivateExtension vscode.github, startup: true, activationEvent: '*'
2023-11-30 14:23:41.921 [info] Eager extensions activated
2023-11-30 14:23:41.922 [info] ExtensionService#_doActivateExtension vscode.debug-auto-launch, startup: false, activationEvent: 'onStartupFinished'
2023-11-30 14:23:41.929 [info] ExtensionService#_doActivateExtension vscode.merge-conflict, startup: false, activationEvent: 'onStartupFinished'
2023-11-30 14:23:41.930 [info] ExtensionService#_doActivateExtension ritwickdey.LiveServer, startup: false, activationEvent: 'onStartupFinished'
2023-11-30 14:40:17.320 [info] ExtensionService#_doActivateExtension vscode.extension-editing, startup: false, activationEvent: 'onLanguage:markdown'
2023-11-30 14:40:17.321 [info] ExtensionService#_doActivateExtension vscode.markdown-language-features, startup: false, activationEvent: 'onLanguage:markdown'
2023-11-30 14:40:18.743 [info] ExtensionService#_doActivateExtension vscode.markdown-math, startup: false, activationEvent: 'api', root cause: vscode.markdown-language-features
