2023-12-02 16:41:06.550 [info] Log level: Info
2023-12-02 16:41:06.550 [info] Validating found git in: "git"
2023-12-02 16:41:06.551 [info] Using git "2.34.1" from "git"
2023-12-02 16:41:06.551 [info] > git rev-parse --show-toplevel [48ms]
2023-12-02 16:41:06.551 [info] > git rev-parse --git-dir --git-common-dir [4ms]
2023-12-02 16:41:06.552 [info] Open repository: /home/hardymn/javascript-exercises
2023-12-02 16:41:06.780 [info] > git rev-parse --show-toplevel [175ms]
2023-12-02 16:41:06.783 [info] > git config --get commit.template [207ms]
2023-12-02 16:41:07.049 [info] > git rev-parse --show-toplevel [236ms]
2023-12-02 16:41:07.071 [info] > git for-each-ref --format=%(refname)%00%(upstream:short)%00%(objectname)%00%(upstream:track)%00%(upstream:remotename)%00%(upstream:remoteref) refs/heads/main refs/remotes/main [240ms]
2023-12-02 16:41:07.155 [info] > git status -z -uall [70ms]
2023-12-02 16:41:07.471 [info] > git rev-parse --show-toplevel [410ms]
2023-12-02 16:41:07.680 [info] > git check-ignore -v -z --stdin [188ms]
2023-12-02 16:41:07.697 [info] > git rev-parse --show-toplevel [180ms]
2023-12-02 16:41:07.720 [info] > git config --get commit.template [42ms]
2023-12-02 16:41:07.868 [info] > git rev-parse --show-toplevel [157ms]
2023-12-02 16:41:07.885 [info] > git for-each-ref --format=%(refname)%00%(upstream:short)%00%(objectname)%00%(upstream:track)%00%(upstream:remotename)%00%(upstream:remoteref) refs/heads/main refs/remotes/main [21ms]
2023-12-02 16:41:07.909 [info] > git status -z -uall [13ms]
2023-12-02 16:41:07.944 [info] > git rev-parse --show-toplevel [63ms]
2023-12-02 16:41:07.968 [info] > git rev-parse --show-toplevel [11ms]
2023-12-02 16:41:07.986 [info] > git rev-parse --show-toplevel [5ms]
2023-12-02 16:41:08.000 [info] > git rev-parse --show-toplevel [3ms]
2023-12-02 16:41:08.028 [info] > git rev-parse --show-toplevel [13ms]
2023-12-02 16:41:08.091 [info] > git rev-parse --show-toplevel [2ms]
2023-12-02 16:41:08.105 [info] > git rev-parse --show-toplevel [4ms]
2023-12-02 16:41:08.118 [info] > git rev-parse --show-toplevel [2ms]
2023-12-02 16:41:08.133 [info] > git rev-parse --show-toplevel [4ms]
2023-12-02 16:41:08.153 [info] > git rev-parse --show-toplevel [2ms]
2023-12-02 16:41:08.166 [info] > git rev-parse --show-toplevel [3ms]
2023-12-02 16:41:08.177 [info] > git rev-parse --show-toplevel [2ms]
2023-12-02 16:41:08.242 [info] > git show --textconv :12_findTheOldest/README.md [10ms]
2023-12-02 16:41:08.247 [info] > git ls-files --stage -- /home/hardymn/javascript-exercises/12_findTheOldest/README.md [8ms]
2023-12-02 16:41:08.259 [info] > git cat-file -s 087f45ea144729567ee6b0dab486b72834a41c64 [3ms]
2023-12-02 16:41:33.799 [info] > git check-ignore -v -z --stdin [172ms]
2023-12-02 16:48:56.201 [info] > git show --textconv :12_findTheOldest/README.md [21ms]
2023-12-02 16:48:56.203 [info] > git ls-files --stage -- /home/hardymn/javascript-exercises/12_findTheOldest/README.md [9ms]
2023-12-02 16:48:56.224 [info] > git cat-file -s 087f45ea144729567ee6b0dab486b72834a41c64 [9ms]
