2023-11-22 19:52:59.462 [info] Log level: Info
2023-11-22 19:52:59.463 [info] Validating found git in: "git"
2023-11-22 19:52:59.463 [info] Using git "2.34.1" from "git"
2023-11-22 19:52:59.463 [info] > git rev-parse --show-toplevel [370ms]
2023-11-22 19:52:59.463 [info] > git rev-parse --git-dir --git-common-dir [11ms]
2023-11-22 19:52:59.463 [info] Open repository: /home/hardymn/javascript-exercises
2023-11-22 19:52:59.769 [info] > git rev-parse --show-toplevel [50ms]
2023-11-22 19:52:59.771 [info] > git config --get commit.template [242ms]
2023-11-22 19:52:59.853 [info] > git rev-parse --show-toplevel [59ms]
2023-11-22 19:53:00.593 [info] > git for-each-ref --format=%(refname)%00%(upstream:short)%00%(objectname)%00%(upstream:track)%00%(upstream:remotename)%00%(upstream:remoteref) refs/heads/main refs/remotes/main [746ms]
2023-11-22 19:53:00.895 [info] > git status -z -uall [218ms]
2023-11-22 19:53:00.896 [info] > git check-ignore -v -z --stdin [25ms]
2023-11-22 19:53:00.989 [info] > git rev-parse --show-toplevel [811ms]
2023-11-22 19:53:01.291 [info] > git rev-parse --show-toplevel [185ms]
2023-11-22 19:53:01.295 [info] > git config --get commit.template [233ms]
2023-11-22 19:53:01.489 [info] > git rev-parse --show-toplevel [111ms]
2023-11-22 19:53:01.494 [info] > git for-each-ref --format=%(refname)%00%(upstream:short)%00%(objectname)%00%(upstream:track)%00%(upstream:remotename)%00%(upstream:remoteref) refs/heads/main refs/remotes/main [26ms]
2023-11-22 19:53:01.560 [info] > git status -z -uall [32ms]
2023-11-22 19:53:01.579 [info] > git rev-parse --show-toplevel [19ms]
2023-11-22 19:53:01.632 [info] > git rev-parse --show-toplevel [10ms]
2023-11-22 19:53:01.695 [info] > git rev-parse --show-toplevel [8ms]
2023-11-22 19:53:01.795 [info] > git rev-parse --show-toplevel [15ms]
2023-11-22 19:53:01.849 [info] > git rev-parse --show-toplevel [4ms]
2023-11-22 19:53:01.906 [info] > git rev-parse --show-toplevel [5ms]
2023-11-22 19:53:01.963 [info] > git rev-parse --show-toplevel [15ms]
2023-11-22 19:53:02.009 [info] > git rev-parse --show-toplevel [20ms]
2023-11-22 19:53:02.037 [info] > git rev-parse --show-toplevel [3ms]
2023-11-22 19:53:02.095 [info] > git rev-parse --show-toplevel [4ms]
2023-11-22 19:53:02.122 [info] > git rev-parse --show-toplevel [3ms]
2023-11-22 19:53:02.157 [info] > git rev-parse --show-toplevel [4ms]
2023-11-22 19:53:02.252 [info] > git show --textconv :08_calculator/calculator.spec.js [62ms]
2023-11-22 19:53:02.252 [info] > git show --textconv :08_calculator/calculator.js [23ms]
2023-11-22 19:53:02.256 [info] > git ls-files --stage -- /home/hardymn/javascript-exercises/08_calculator/calculator.spec.js [48ms]
2023-11-22 19:53:02.391 [info] > git ls-files --stage -- /home/hardymn/javascript-exercises/08_calculator/calculator.js [142ms]
2023-11-22 19:53:02.425 [info] > git cat-file -s 48b08c9cb7025beb22c07dc57393972e17cb5499 [130ms]
2023-11-22 19:53:02.440 [info] > git cat-file -s c22e8d28640e26d23d0b663649e0f36519946e46 [17ms]
2023-11-22 19:53:05.919 [info] > git show --textconv :08_calculator/calculator.js [30ms]
2023-11-22 19:53:05.923 [info] > git ls-files --stage -- /home/hardymn/javascript-exercises/08_calculator/calculator.js [9ms]
2023-11-22 19:53:05.947 [info] > git cat-file -s c22e8d28640e26d23d0b663649e0f36519946e46 [5ms]
2023-11-22 19:53:12.686 [info] > git show --textconv :08_calculator/README.md [87ms]
2023-11-22 19:53:12.687 [info] > git ls-files --stage -- /home/hardymn/javascript-exercises/08_calculator/README.md [63ms]
2023-11-22 19:53:12.706 [info] > git cat-file -s e50b77603981d9a837b2b60d8b00acbb1af42f3f [3ms]
2023-11-22 19:53:27.599 [info] > git show --textconv :08_calculator/calculator.spec.js [16ms]
2023-11-22 19:53:27.600 [info] > git ls-files --stage -- /home/hardymn/javascript-exercises/08_calculator/calculator.spec.js [2ms]
2023-11-22 19:53:27.615 [info] > git cat-file -s 48b08c9cb7025beb22c07dc57393972e17cb5499 [4ms]
2023-11-22 19:54:37.370 [info] > git show --textconv :08_calculator/calculator.js [15ms]
2023-11-22 19:54:37.371 [info] > git ls-files --stage -- /home/hardymn/javascript-exercises/08_calculator/calculator.js [4ms]
2023-11-22 19:54:37.387 [info] > git cat-file -s c22e8d28640e26d23d0b663649e0f36519946e46 [7ms]
2023-11-22 19:54:43.392 [info] > git config --get commit.template [3ms]
2023-11-22 19:54:43.404 [info] > git for-each-ref --format=%(refname)%00%(upstream:short)%00%(objectname)%00%(upstream:track)%00%(upstream:remotename)%00%(upstream:remoteref) refs/heads/main refs/remotes/main [4ms]
2023-11-22 19:54:43.417 [info] > git status -z -uall [3ms]
2023-11-22 19:54:43.531 [info] > git show --textconv :08_calculator/calculator.spec.js [21ms]
2023-11-22 19:54:43.532 [info] > git ls-files --stage -- /home/hardymn/javascript-exercises/08_calculator/calculator.spec.js [12ms]
2023-11-22 19:54:43.546 [info] > git cat-file -s 48b08c9cb7025beb22c07dc57393972e17cb5499 [4ms]
2023-11-22 19:54:48.528 [info] > git config --get commit.template [9ms]
2023-11-22 19:54:48.528 [info] > git for-each-ref --format=%(refname)%00%(upstream:short)%00%(objectname)%00%(upstream:track)%00%(upstream:remotename)%00%(upstream:remoteref) refs/heads/main refs/remotes/main [1ms]
2023-11-22 19:54:48.541 [info] > git status -z -uall [2ms]
2023-11-22 19:54:59.647 [info] > git check-ignore -v -z --stdin [1ms]
2023-11-22 19:55:05.065 [info] > git show --textconv :08_calculator/solution/calculator-solution.js [9ms]
2023-11-22 19:55:05.066 [info] > git ls-files --stage -- /home/hardymn/javascript-exercises/08_calculator/solution/calculator-solution.js [2ms]
2023-11-22 19:55:05.076 [info] > git cat-file -s b19538730619769bb7b7e5d92f5948a6f938291f [2ms]
2023-11-22 19:55:12.589 [info] > git show --textconv :08_calculator/solution/calculator-solution.spec.js [12ms]
2023-11-22 19:55:12.591 [info] > git ls-files --stage -- /home/hardymn/javascript-exercises/08_calculator/solution/calculator-solution.spec.js [4ms]
2023-11-22 19:55:12.604 [info] > git cat-file -s 453707ce5271c0b4baa0050c5faaa23dbeca8762 [3ms]
2023-11-22 19:55:23.939 [info] > git show --textconv :08_calculator/calculator.spec.js [9ms]
2023-11-22 19:55:23.941 [info] > git ls-files --stage -- /home/hardymn/javascript-exercises/08_calculator/calculator.spec.js [3ms]
2023-11-22 19:55:23.950 [info] > git cat-file -s 48b08c9cb7025beb22c07dc57393972e17cb5499 [2ms]
2023-11-22 19:56:28.482 [info] > git show --textconv :08_calculator/solution/calculator-solution.js [14ms]
2023-11-22 19:56:28.484 [info] > git ls-files --stage -- /home/hardymn/javascript-exercises/08_calculator/solution/calculator-solution.js [3ms]
2023-11-22 19:56:28.494 [info] > git cat-file -s b19538730619769bb7b7e5d92f5948a6f938291f [2ms]
2023-11-22 19:56:30.560 [info] > git show --textconv :08_calculator/solution/calculator-solution.spec.js [33ms]
2023-11-22 19:56:30.562 [info] > git ls-files --stage -- /home/hardymn/javascript-exercises/08_calculator/solution/calculator-solution.spec.js [15ms]
2023-11-22 19:56:30.586 [info] > git cat-file -s 453707ce5271c0b4baa0050c5faaa23dbeca8762 [9ms]
2023-11-22 19:56:34.194 [info] > git show --textconv :08_calculator/calculator.spec.js [8ms]
2023-11-22 19:56:34.195 [info] > git ls-files --stage -- /home/hardymn/javascript-exercises/08_calculator/calculator.spec.js [2ms]
2023-11-22 19:56:34.201 [info] > git cat-file -s 48b08c9cb7025beb22c07dc57393972e17cb5499 [1ms]
2023-11-22 19:56:46.861 [info] > git show --textconv :08_calculator/calculator.js [12ms]
2023-11-22 19:56:46.861 [info] > git ls-files --stage -- /home/hardymn/javascript-exercises/08_calculator/calculator.js [1ms]
2023-11-22 19:56:46.870 [info] > git cat-file -s c22e8d28640e26d23d0b663649e0f36519946e46 [2ms]
2023-11-22 19:56:48.990 [info] > git show --textconv :08_calculator/calculator.spec.js [10ms]
2023-11-22 19:56:48.991 [info] > git ls-files --stage -- /home/hardymn/javascript-exercises/08_calculator/calculator.spec.js [3ms]
2023-11-22 19:56:49.002 [info] > git cat-file -s 48b08c9cb7025beb22c07dc57393972e17cb5499 [2ms]
2023-11-22 19:57:04.353 [info] > git show --textconv :08_calculator/calculator.js [14ms]
2023-11-22 19:57:04.355 [info] > git ls-files --stage -- /home/hardymn/javascript-exercises/08_calculator/calculator.js [2ms]
2023-11-22 19:57:04.372 [info] > git cat-file -s c22e8d28640e26d23d0b663649e0f36519946e46 [7ms]
2023-11-22 19:57:05.765 [info] > git show --textconv :08_calculator/calculator.spec.js [14ms]
2023-11-22 19:57:05.768 [info] > git ls-files --stage -- /home/hardymn/javascript-exercises/08_calculator/calculator.spec.js [5ms]
2023-11-22 19:57:05.790 [info] > git cat-file -s 48b08c9cb7025beb22c07dc57393972e17cb5499 [9ms]
2023-11-22 19:58:16.387 [info] > git show --textconv :08_calculator/calculator.js [10ms]
2023-11-22 19:58:16.389 [info] > git ls-files --stage -- /home/hardymn/javascript-exercises/08_calculator/calculator.js [2ms]
2023-11-22 19:58:16.395 [info] > git cat-file -s c22e8d28640e26d23d0b663649e0f36519946e46 [1ms]
2023-11-22 19:58:20.436 [info] > git show --textconv :08_calculator/calculator.spec.js [7ms]
2023-11-22 19:58:20.438 [info] > git ls-files --stage -- /home/hardymn/javascript-exercises/08_calculator/calculator.spec.js [3ms]
2023-11-22 19:58:20.444 [info] > git cat-file -s 48b08c9cb7025beb22c07dc57393972e17cb5499 [0ms]
2023-11-22 20:01:07.906 [info] > git show --textconv :08_calculator/calculator.js [8ms]
2023-11-22 20:01:07.907 [info] > git ls-files --stage -- /home/hardymn/javascript-exercises/08_calculator/calculator.js [2ms]
2023-11-22 20:01:07.914 [info] > git cat-file -s c22e8d28640e26d23d0b663649e0f36519946e46 [1ms]
2023-11-22 20:01:51.384 [info] > git show --textconv :08_calculator/solution/calculator-solution.js [10ms]
2023-11-22 20:01:51.385 [info] > git ls-files --stage -- /home/hardymn/javascript-exercises/08_calculator/solution/calculator-solution.js [2ms]
2023-11-22 20:01:51.392 [info] > git cat-file -s b19538730619769bb7b7e5d92f5948a6f938291f [1ms]
2023-11-22 20:02:07.492 [info] > git show --textconv :08_calculator/calculator.js [11ms]
2023-11-22 20:02:07.492 [info] > git ls-files --stage -- /home/hardymn/javascript-exercises/08_calculator/calculator.js [2ms]
2023-11-22 20:02:07.502 [info] > git cat-file -s c22e8d28640e26d23d0b663649e0f36519946e46 [2ms]
2023-11-22 20:02:10.271 [info] > git show --textconv :08_calculator/calculator.spec.js [21ms]
2023-11-22 20:02:10.273 [info] > git ls-files --stage -- /home/hardymn/javascript-exercises/08_calculator/calculator.spec.js [11ms]
2023-11-22 20:02:10.287 [info] > git cat-file -s 48b08c9cb7025beb22c07dc57393972e17cb5499 [3ms]
2023-11-22 20:02:12.127 [info] > git show --textconv :08_calculator/solution/calculator-solution.js [9ms]
2023-11-22 20:02:12.128 [info] > git ls-files --stage -- /home/hardymn/javascript-exercises/08_calculator/solution/calculator-solution.js [3ms]
2023-11-22 20:02:12.135 [info] > git cat-file -s b19538730619769bb7b7e5d92f5948a6f938291f [1ms]
2023-11-22 20:02:14.958 [info] > git show --textconv :08_calculator/calculator.js [11ms]
2023-11-22 20:02:14.961 [info] > git ls-files --stage -- /home/hardymn/javascript-exercises/08_calculator/calculator.js [4ms]
2023-11-22 20:02:14.984 [info] > git cat-file -s c22e8d28640e26d23d0b663649e0f36519946e46 [1ms]
2023-11-22 20:02:16.601 [info] > git show --textconv :08_calculator/solution/calculator-solution.js [8ms]
2023-11-22 20:02:16.602 [info] > git ls-files --stage -- /home/hardymn/javascript-exercises/08_calculator/solution/calculator-solution.js [2ms]
2023-11-22 20:02:16.613 [info] > git cat-file -s b19538730619769bb7b7e5d92f5948a6f938291f [1ms]
2023-11-22 20:02:17.795 [info] > git show --textconv :08_calculator/calculator.js [25ms]
2023-11-22 20:02:17.796 [info] > git ls-files --stage -- /home/hardymn/javascript-exercises/08_calculator/calculator.js [2ms]
2023-11-22 20:02:17.821 [info] > git cat-file -s c22e8d28640e26d23d0b663649e0f36519946e46 [1ms]
2023-11-22 20:02:21.945 [info] > git show --textconv :08_calculator/solution/calculator-solution.js [9ms]
2023-11-22 20:02:21.947 [info] > git ls-files --stage -- /home/hardymn/javascript-exercises/08_calculator/solution/calculator-solution.js [2ms]
2023-11-22 20:02:21.954 [info] > git cat-file -s b19538730619769bb7b7e5d92f5948a6f938291f [0ms]
2023-11-22 20:02:24.199 [info] > git show --textconv :08_calculator/calculator.js [6ms]
2023-11-22 20:02:24.201 [info] > git ls-files --stage -- /home/hardymn/javascript-exercises/08_calculator/calculator.js [3ms]
2023-11-22 20:02:24.211 [info] > git cat-file -s c22e8d28640e26d23d0b663649e0f36519946e46 [1ms]
2023-11-22 20:02:27.898 [info] > git show --textconv :08_calculator/solution/calculator-solution.js [9ms]
2023-11-22 20:02:27.900 [info] > git ls-files --stage -- /home/hardymn/javascript-exercises/08_calculator/solution/calculator-solution.js [3ms]
2023-11-22 20:02:27.912 [info] > git cat-file -s b19538730619769bb7b7e5d92f5948a6f938291f [2ms]
2023-11-22 20:02:29.271 [info] > git show --textconv :08_calculator/calculator.js [6ms]
2023-11-22 20:02:29.272 [info] > git ls-files --stage -- /home/hardymn/javascript-exercises/08_calculator/calculator.js [2ms]
2023-11-22 20:02:29.282 [info] > git cat-file -s c22e8d28640e26d23d0b663649e0f36519946e46 [3ms]
2023-11-22 20:02:31.420 [info] > git show --textconv :08_calculator/solution/calculator-solution.js [8ms]
2023-11-22 20:02:31.420 [info] > git ls-files --stage -- /home/hardymn/javascript-exercises/08_calculator/solution/calculator-solution.js [1ms]
2023-11-22 20:02:31.431 [info] > git cat-file -s b19538730619769bb7b7e5d92f5948a6f938291f [3ms]
2023-11-22 20:02:32.773 [info] > git show --textconv :08_calculator/calculator.js [6ms]
2023-11-22 20:02:32.775 [info] > git ls-files --stage -- /home/hardymn/javascript-exercises/08_calculator/calculator.js [3ms]
2023-11-22 20:02:32.783 [info] > git cat-file -s c22e8d28640e26d23d0b663649e0f36519946e46 [1ms]
2023-11-22 20:03:45.854 [info] > git show --textconv :08_calculator/solution/calculator-solution.js [11ms]
2023-11-22 20:03:45.856 [info] > git ls-files --stage -- /home/hardymn/javascript-exercises/08_calculator/solution/calculator-solution.js [3ms]
2023-11-22 20:03:45.866 [info] > git cat-file -s b19538730619769bb7b7e5d92f5948a6f938291f [2ms]
2023-11-22 20:04:54.688 [info] > git show --textconv :08_calculator/calculator.spec.js [8ms]
2023-11-22 20:04:54.689 [info] > git ls-files --stage -- /home/hardymn/javascript-exercises/08_calculator/calculator.spec.js [2ms]
2023-11-22 20:04:54.698 [info] > git cat-file -s 48b08c9cb7025beb22c07dc57393972e17cb5499 [2ms]
2023-11-22 20:04:56.275 [info] > git show --textconv :08_calculator/solution/calculator-solution.js [11ms]
2023-11-22 20:04:56.276 [info] > git ls-files --stage -- /home/hardymn/javascript-exercises/08_calculator/solution/calculator-solution.js [2ms]
2023-11-22 20:04:56.285 [info] > git cat-file -s b19538730619769bb7b7e5d92f5948a6f938291f [1ms]
2023-11-22 20:05:02.357 [info] > git show --textconv :08_calculator/calculator.js [10ms]
2023-11-22 20:05:02.358 [info] > git ls-files --stage -- /home/hardymn/javascript-exercises/08_calculator/calculator.js [3ms]
2023-11-22 20:05:02.366 [info] > git cat-file -s c22e8d28640e26d23d0b663649e0f36519946e46 [2ms]
2023-11-22 20:05:06.460 [info] > git show --textconv :08_calculator/calculator.spec.js [9ms]
2023-11-22 20:05:06.461 [info] > git ls-files --stage -- /home/hardymn/javascript-exercises/08_calculator/calculator.spec.js [2ms]
2023-11-22 20:05:06.470 [info] > git cat-file -s 48b08c9cb7025beb22c07dc57393972e17cb5499 [1ms]
2023-11-22 20:06:11.534 [info] > git show --textconv :08_calculator/calculator.js [9ms]
2023-11-22 20:06:11.535 [info] > git ls-files --stage -- /home/hardymn/javascript-exercises/08_calculator/calculator.js [2ms]
2023-11-22 20:06:11.543 [info] > git cat-file -s c22e8d28640e26d23d0b663649e0f36519946e46 [1ms]
2023-11-22 20:06:13.471 [info] > git show --textconv :08_calculator/calculator.spec.js [9ms]
2023-11-22 20:06:13.473 [info] > git ls-files --stage -- /home/hardymn/javascript-exercises/08_calculator/calculator.spec.js [4ms]
2023-11-22 20:06:13.480 [info] > git cat-file -s 48b08c9cb7025beb22c07dc57393972e17cb5499 [1ms]
2023-11-22 20:06:17.914 [info] > git show --textconv :08_calculator/calculator.js [14ms]
2023-11-22 20:06:17.916 [info] > git ls-files --stage -- /home/hardymn/javascript-exercises/08_calculator/calculator.js [5ms]
2023-11-22 20:06:17.931 [info] > git cat-file -s c22e8d28640e26d23d0b663649e0f36519946e46 [2ms]
2023-11-22 20:07:25.666 [info] > git show --textconv :08_calculator/calculator.spec.js [12ms]
2023-11-22 20:07:25.668 [info] > git ls-files --stage -- /home/hardymn/javascript-exercises/08_calculator/calculator.spec.js [3ms]
2023-11-22 20:07:25.686 [info] > git cat-file -s 48b08c9cb7025beb22c07dc57393972e17cb5499 [5ms]
2023-11-22 20:12:06.467 [info] > git show --textconv :08_calculator/calculator.js [11ms]
2023-11-22 20:12:06.469 [info] > git ls-files --stage -- /home/hardymn/javascript-exercises/08_calculator/calculator.js [3ms]
2023-11-22 20:12:06.482 [info] > git cat-file -s c22e8d28640e26d23d0b663649e0f36519946e46 [2ms]
2023-11-26 15:15:57.975 [info] > git show --textconv :08_calculator/calculator.spec.js [48ms]
2023-11-26 15:15:57.985 [info] > git ls-files --stage -- /home/hardymn/javascript-exercises/08_calculator/calculator.spec.js [18ms]
2023-11-26 15:15:58.027 [info] > git cat-file -s 48b08c9cb7025beb22c07dc57393972e17cb5499 [8ms]
2023-11-26 15:15:59.219 [info] > git show --textconv :08_calculator/solution/calculator-solution.js [39ms]
2023-11-26 15:15:59.219 [info] > git ls-files --stage -- /home/hardymn/javascript-exercises/08_calculator/solution/calculator-solution.js [1ms]
2023-11-26 15:15:59.238 [info] > git cat-file -s b19538730619769bb7b7e5d92f5948a6f938291f [4ms]
2023-11-26 15:16:00.661 [info] > git show --textconv :08_calculator/calculator.js [31ms]
2023-11-26 15:16:00.668 [info] > git ls-files --stage -- /home/hardymn/javascript-exercises/08_calculator/calculator.js [15ms]
2023-11-26 15:16:00.700 [info] > git cat-file -s c22e8d28640e26d23d0b663649e0f36519946e46 [4ms]
2023-11-26 15:29:56.150 [info] > git show --textconv :08_calculator/solution/calculator-solution.js [55ms]
2023-11-26 15:29:56.162 [info] > git ls-files --stage -- /home/hardymn/javascript-exercises/08_calculator/solution/calculator-solution.js [18ms]
2023-11-26 15:29:56.200 [info] > git cat-file -s b19538730619769bb7b7e5d92f5948a6f938291f [22ms]
2023-11-26 15:30:12.552 [info] > git show --textconv :08_calculator/calculator.js [23ms]
2023-11-26 15:30:12.553 [info] > git ls-files --stage -- /home/hardymn/javascript-exercises/08_calculator/calculator.js [8ms]
2023-11-26 15:30:12.612 [info] > git cat-file -s c22e8d28640e26d23d0b663649e0f36519946e46 [21ms]
2023-11-26 15:30:17.018 [info] > git show --textconv :08_calculator/solution/calculator-solution.js [31ms]
2023-11-26 15:30:17.042 [info] > git ls-files --stage -- /home/hardymn/javascript-exercises/08_calculator/solution/calculator-solution.js [32ms]
2023-11-26 15:30:17.073 [info] > git cat-file -s b19538730619769bb7b7e5d92f5948a6f938291f [9ms]
2023-11-26 15:30:19.267 [info] > git show --textconv :08_calculator/calculator.js [37ms]
2023-11-26 15:30:19.268 [info] > git ls-files --stage -- /home/hardymn/javascript-exercises/08_calculator/calculator.js [11ms]
2023-11-26 15:30:19.334 [info] > git cat-file -s c22e8d28640e26d23d0b663649e0f36519946e46 [53ms]
2023-11-26 15:30:23.058 [info] > git show --textconv :08_calculator/solution/calculator-solution.js [20ms]
2023-11-26 15:30:23.059 [info] > git ls-files --stage -- /home/hardymn/javascript-exercises/08_calculator/solution/calculator-solution.js [3ms]
2023-11-26 15:30:23.100 [info] > git cat-file -s b19538730619769bb7b7e5d92f5948a6f938291f [16ms]
2023-11-26 15:30:30.765 [info] > git show --textconv :08_calculator/calculator.spec.js [52ms]
2023-11-26 15:30:30.766 [info] > git ls-files --stage -- /home/hardymn/javascript-exercises/08_calculator/calculator.spec.js [15ms]
2023-11-26 15:30:30.910 [info] > git cat-file -s 48b08c9cb7025beb22c07dc57393972e17cb5499 [69ms]
2023-11-26 15:30:33.562 [info] > git show --textconv :08_calculator/calculator.js [108ms]
2023-11-26 15:30:33.562 [info] > git ls-files --stage -- /home/hardymn/javascript-exercises/08_calculator/calculator.js [89ms]
2023-11-26 15:30:33.595 [info] > git cat-file -s c22e8d28640e26d23d0b663649e0f36519946e46 [19ms]
