2023-12-03 17:14:09.789 [info] Log level: Info
2023-12-03 17:14:09.789 [info] Validating found git in: "git"
2023-12-03 17:14:09.789 [info] Using git "2.34.1" from "git"
2023-12-03 17:14:09.789 [info] > git rev-parse --show-toplevel [13ms]
2023-12-03 17:14:09.789 [info] > git rev-parse --git-dir --git-common-dir [39ms]
2023-12-03 17:14:09.789 [info] Open repository: /home/hardymn
2023-12-03 17:14:09.789 [info] > git rev-parse --show-toplevel [5ms]
2023-12-03 17:14:09.789 [info] > git config --get commit.template [15ms]
2023-12-03 17:14:09.809 [info] > git for-each-ref --format=%(refname)%00%(upstream:short)%00%(objectname)%00%(upstream:track)%00%(upstream:remotename)%00%(upstream:remoteref) refs/heads/master refs/remotes/master [9ms]
2023-12-03 17:14:09.821 [info] > git rev-parse --show-toplevel [32ms]
2023-12-03 17:14:09.849 [info] > git rev-parse --git-dir --git-common-dir [18ms]
2023-12-03 17:14:09.872 [info] Open repository: /home/hardymn/repos/Etch-a-Sketch
2023-12-03 17:14:09.927 [info] > git rev-parse --show-toplevel [25ms]
2023-12-03 17:14:09.929 [info] > git config --get commit.template [40ms]
2023-12-03 17:14:09.957 [info] > git rev-parse --show-toplevel [16ms]
2023-12-03 17:14:09.967 [info] > git for-each-ref --format=%(refname)%00%(upstream:short)%00%(objectname)%00%(upstream:track)%00%(upstream:remotename)%00%(upstream:remoteref) refs/heads/main refs/remotes/main [13ms]
2023-12-03 17:14:09.978 [info] > git rev-parse --git-dir --git-common-dir [15ms]
2023-12-03 17:14:09.984 [info] Open repository: /home/hardymn/repos/css-exercises
2023-12-03 17:14:10.005 [info] > git status -z -uall [32ms]
2023-12-03 17:14:10.032 [info] > git rev-parse --show-toplevel [30ms]
2023-12-03 17:14:10.033 [info] > git config --get commit.template [40ms]
2023-12-03 17:14:10.045 [info] > git status -z -uall [226ms]
2023-12-03 17:14:10.045 [info] > git config --get commit.template [18ms]
2023-12-03 17:14:11.901 [info] > git rev-parse --show-toplevel [1858ms]
2023-12-03 17:14:12.075 [info] > git check-ignore -v -z --stdin [99ms]
2023-12-03 17:14:12.077 [info] > git check-ignore -v -z --stdin [64ms]
2023-12-03 17:14:12.079 [info] > git check-ignore -v -z --stdin [53ms]
2023-12-03 17:14:12.080 [info] > git config --get commit.template [193ms]
2023-12-03 17:14:12.081 [info] > git for-each-ref --format=%(refname)%00%(upstream:short)%00%(objectname)%00%(upstream:track)%00%(upstream:remotename)%00%(upstream:remoteref) refs/heads/main refs/remotes/main [203ms]
2023-12-03 17:14:12.106 [info] > git rev-parse --show-toplevel [41ms]
2023-12-03 17:14:12.107 [info] > git for-each-ref --format=%(refname)%00%(upstream:short)%00%(objectname)%00%(upstream:track)%00%(upstream:remotename)%00%(upstream:remoteref) refs/heads/main refs/remotes/main [57ms]
2023-12-03 17:14:12.144 [info] > git status -z -uall [42ms]
2023-12-03 17:14:12.144 [info] > git status -z -uall [25ms]
2023-12-03 17:14:12.171 [info] > git rev-parse --git-dir --git-common-dir [28ms]
2023-12-03 17:14:12.183 [info] Open repository: /home/hardymn/repos/member-montel-rockpaperscissors
2023-12-03 17:14:12.186 [info] > git for-each-ref --format=%(refname)%00%(upstream:short)%00%(objectname)%00%(upstream:track)%00%(upstream:remotename)%00%(upstream:remoteref) refs/heads/master refs/remotes/master [56ms]
2023-12-03 17:14:12.227 [info] > git config --get commit.template [55ms]
2023-12-03 17:14:12.238 [info] > git rev-parse --show-toplevel [13ms]
2023-12-03 17:14:12.241 [info] > git config --get commit.template [27ms]
2023-12-03 17:14:12.483 [info] > git rev-parse --git-dir --git-common-dir [213ms]
2023-12-03 17:14:12.499 [info] Open repository: /home/hardymn/repos/odin-recipes
2023-12-03 17:14:12.538 [info] > git for-each-ref --format=%(refname)%00%(upstream:short)%00%(objectname)%00%(upstream:track)%00%(upstream:remotename)%00%(upstream:remoteref) refs/heads/main refs/remotes/main [282ms]
2023-12-03 17:14:12.577 [info] > git show --textconv :repos/calculator/calculator.css [52ms]
2023-12-03 17:14:12.577 [info] > git status -z -uall [26ms]
2023-12-03 17:14:12.577 [info] > git ls-files --stage -- /home/hardymn/repos/calculator/calculator.css [40ms]
2023-12-03 17:14:12.581 [info] > git for-each-ref --format=%(refname)%00%(upstream:short)%00%(objectname)%00%(upstream:track)%00%(upstream:remotename)%00%(upstream:remoteref) refs/heads/main refs/remotes/main [114ms]
2023-12-03 17:14:12.617 [info] > git config --get commit.template [53ms]
2023-12-03 17:14:12.638 [info] > git status -z -uall [441ms]
2023-12-03 17:14:12.638 [info] > git status -z -uall [45ms]
2023-12-03 17:14:14.523 [info] > git check-ignore -v -z --stdin [68ms]
2023-12-03 17:14:14.525 [info] > git check-ignore -v -z --stdin [56ms]
2023-12-03 17:14:14.526 [info] > git check-ignore -v -z --stdin [44ms]
2023-12-03 17:14:14.527 [info] > git check-ignore -v -z --stdin [35ms]
2023-12-03 17:14:14.528 [info] > git check-ignore -v -z --stdin [29ms]
2023-12-03 17:14:14.532 [info] > git config --get commit.template [183ms]
2023-12-03 17:14:14.533 [info] > git for-each-ref --format=%(refname)%00%(upstream:short)%00%(objectname)%00%(upstream:track)%00%(upstream:remotename)%00%(upstream:remoteref) refs/heads/main refs/remotes/main [204ms]
2023-12-03 17:14:14.598 [info] > git status -z -uall [51ms]
2023-12-03 17:14:14.633 [info] > git for-each-ref --format=%(refname)%00%(upstream:short)%00%(objectname)%00%(upstream:track)%00%(upstream:remotename)%00%(upstream:remoteref) refs/heads/main refs/remotes/main [63ms]
2023-12-03 17:14:14.656 [info] > git status -z -uall [9ms]
2023-12-03 17:14:14.657 [info] > git config --get commit.template [29ms]
2023-12-03 17:14:14.676 [info] > git for-each-ref --format=%(refname)%00%(upstream:short)%00%(objectname)%00%(upstream:track)%00%(upstream:remotename)%00%(upstream:remoteref) refs/heads/main refs/remotes/main [2ms]
2023-12-03 17:14:14.695 [info] > git status -z -uall [8ms]
2023-12-03 17:14:17.601 [info] > git config --get commit.template [2ms]
2023-12-03 17:14:17.612 [info] > git for-each-ref --format=%(refname)%00%(upstream:short)%00%(objectname)%00%(upstream:track)%00%(upstream:remotename)%00%(upstream:remoteref) refs/heads/master refs/remotes/master [1ms]
2023-12-03 17:14:17.653 [info] > git status -z -uall [33ms]
2023-12-03 17:14:22.823 [info] > git config --get commit.template [2ms]
2023-12-03 17:14:22.831 [info] > git for-each-ref --format=%(refname)%00%(upstream:short)%00%(objectname)%00%(upstream:track)%00%(upstream:remotename)%00%(upstream:remoteref) refs/heads/master refs/remotes/master [2ms]
2023-12-03 17:14:22.881 [info] > git status -z -uall [41ms]
2023-12-03 17:14:27.998 [info] > git config --get commit.template [1ms]
2023-12-03 17:14:28.007 [info] > git for-each-ref --format=%(refname)%00%(upstream:short)%00%(objectname)%00%(upstream:track)%00%(upstream:remotename)%00%(upstream:remoteref) refs/heads/master refs/remotes/master [2ms]
2023-12-03 17:14:28.052 [info] > git status -z -uall [35ms]
2023-12-03 17:14:33.155 [info] > git config --get commit.template [1ms]
2023-12-03 17:14:33.164 [info] > git for-each-ref --format=%(refname)%00%(upstream:short)%00%(objectname)%00%(upstream:track)%00%(upstream:remotename)%00%(upstream:remoteref) refs/heads/master refs/remotes/master [1ms]
2023-12-03 17:14:33.208 [info] > git status -z -uall [36ms]
2023-12-03 17:14:39.313 [info] > git config --get commit.template [1ms]
2023-12-03 17:14:39.326 [info] > git for-each-ref --format=%(refname)%00%(upstream:short)%00%(objectname)%00%(upstream:track)%00%(upstream:remotename)%00%(upstream:remoteref) refs/heads/master refs/remotes/master [1ms]
2023-12-03 17:14:39.379 [info] > git status -z -uall [43ms]
2023-12-03 17:14:44.513 [info] > git config --get commit.template [1ms]
2023-12-03 17:14:44.522 [info] > git for-each-ref --format=%(refname)%00%(upstream:short)%00%(objectname)%00%(upstream:track)%00%(upstream:remotename)%00%(upstream:remoteref) refs/heads/master refs/remotes/master [1ms]
2023-12-03 17:14:44.571 [info] > git status -z -uall [41ms]
2023-12-03 17:14:49.667 [info] > git config --get commit.template [1ms]
2023-12-03 17:14:49.678 [info] > git for-each-ref --format=%(refname)%00%(upstream:short)%00%(objectname)%00%(upstream:track)%00%(upstream:remotename)%00%(upstream:remoteref) refs/heads/master refs/remotes/master [2ms]
2023-12-03 17:14:49.735 [info] > git status -z -uall [47ms]
